21-Aug-2017 15:36:08.818 INFO [main] org.apache.catalina.startup.VersionLoggerListener.log Server version:        Apache Tomcat/8.5.11
21-Aug-2017 15:36:08.827 INFO [main] org.apache.catalina.startup.VersionLoggerListener.log Server built:          Jan 10 2017 21:02:52 UTC
21-Aug-2017 15:36:08.827 INFO [main] org.apache.catalina.startup.VersionLoggerListener.log Server number:         8.5.11.0
21-Aug-2017 15:36:08.827 INFO [main] org.apache.catalina.startup.VersionLoggerListener.log OS Name:               Windows 7
21-Aug-2017 15:36:08.827 INFO [main] org.apache.catalina.startup.VersionLoggerListener.log OS Version:            6.1
21-Aug-2017 15:36:08.827 INFO [main] org.apache.catalina.startup.VersionLoggerListener.log Architecture:          amd64
21-Aug-2017 15:36:08.827 INFO [main] org.apache.catalina.startup.VersionLoggerListener.log Java Home:             C:\Program Files\Java\jdk1.8.0_131\jre
21-Aug-2017 15:36:08.827 INFO [main] org.apache.catalina.startup.VersionLoggerListener.log JVM Version:           1.8.0_131-b11
21-Aug-2017 15:36:08.827 INFO [main] org.apache.catalina.startup.VersionLoggerListener.log JVM Vendor:            Oracle Corporation
21-Aug-2017 15:36:08.827 INFO [main] org.apache.catalina.startup.VersionLoggerListener.log CATALINA_BASE:         C:\Users\N0200797\Desktop\apache-tomcat-8.5.11
21-Aug-2017 15:36:08.828 INFO [main] org.apache.catalina.startup.VersionLoggerListener.log CATALINA_HOME:         C:\Users\N0200797\Desktop\apache-tomcat-8.5.11
21-Aug-2017 15:36:08.829 INFO [main] org.apache.catalina.startup.VersionLoggerListener.log Command line argument: -Djava.util.logging.config.file=C:/Users/N0200797/Desktop/apache-tomcat-8.5.11/conf/logging.properties
21-Aug-2017 15:36:08.829 INFO [main] org.apache.catalina.startup.VersionLoggerListener.log Command line argument: -Djava.util.logging.manager=org.apache.juli.ClassLoaderLogManager
21-Aug-2017 15:36:08.829 INFO [main] org.apache.catalina.startup.VersionLoggerListener.log Command line argument: -Djdk.tls.ephemeralDHKeySize=2048
21-Aug-2017 15:36:08.829 INFO [main] org.apache.catalina.startup.VersionLoggerListener.log Command line argument: -Djava.protocol.handler.pkgs=org.apache.catalina.webresources
21-Aug-2017 15:36:08.829 INFO [main] org.apache.catalina.startup.VersionLoggerListener.log Command line argument: -Dcatalina.base=C:/Users/N0200797/Desktop/apache-tomcat-8.5.11
21-Aug-2017 15:36:08.829 INFO [main] org.apache.catalina.startup.VersionLoggerListener.log Command line argument: -Dcatalina.home=C:/Users/N0200797/Desktop/apache-tomcat-8.5.11
21-Aug-2017 15:36:08.829 INFO [main] org.apache.catalina.startup.VersionLoggerListener.log Command line argument: -Djava.io.tmpdir=C:/Users/N0200797/Desktop/apache-tomcat-8.5.11/temp
21-Aug-2017 15:36:08.829 INFO [main] org.apache.catalina.core.AprLifecycleListener.lifecycleEvent The APR based Apache Tomcat Native library which allows optimal performance in production environments was not found on the java.library.path: C:\Program Files\Java\jdk1.8.0_131\bin;C:\WINDOWS\Sun\Java\bin;C:\WINDOWS\system32;C:\WINDOWS;C:\Users\N0200797\bin;C:\Program Files\Git\mingw64\bin;C:\Program Files\Git\usr\local\bin;C:\Program Files\Git\usr\bin;C:\Program Files\Git\usr\bin;C:\Program Files\Git\mingw64\bin;C:\Program Files\Git\usr\bin;C:\Users\N0200797\bin;C:\ProgramData\Oracle\Java\javapath;C:\Program Files (x86)\RSA SecurID Token Common;C:\WINDOWS\system32;C:\WINDOWS;C:\WINDOWS\System32\Wbem;C:\WINDOWS\System32\WindowsPowerShell\v1.0;C:\Program Files (x86)\Microsoft Application Virtualization Client;C:\Program Files\Git\cmd;C:\Program Files\Java\jdk1.8.0_131\bin;C:\WINDOWS\System32\WindowsPowerShell\v1.0;C:\Program Files (x86)\Microsoft VS Code\bin;C:\Program Files\Git\usr\bin\vendor_perl;C:\Program Files\Git\usr\bin\core_perl;.
21-Aug-2017 15:36:09.009 INFO [main] org.apache.coyote.AbstractProtocol.init Initializing ProtocolHandler ["http-nio-8080"]
21-Aug-2017 15:36:09.290 INFO [main] org.apache.tomcat.util.net.NioSelectorPool.getSharedSelector Using a shared selector for servlet write/read
21-Aug-2017 15:36:09.292 INFO [main] org.apache.coyote.AbstractProtocol.init Initializing ProtocolHandler ["ajp-nio-8009"]
21-Aug-2017 15:36:09.294 INFO [main] org.apache.tomcat.util.net.NioSelectorPool.getSharedSelector Using a shared selector for servlet write/read
21-Aug-2017 15:36:09.294 INFO [main] org.apache.catalina.startup.Catalina.load Initialization processed in 799 ms
21-Aug-2017 15:36:09.317 INFO [main] org.apache.catalina.core.StandardService.startInternal Starting service Catalina
21-Aug-2017 15:36:09.318 INFO [main] org.apache.catalina.core.StandardEngine.startInternal Starting Servlet Engine: Apache Tomcat/8.5.11
21-Aug-2017 15:36:09.327 INFO [localhost-startStop-1] org.apache.catalina.startup.HostConfig.deployDirectory Deploying web application directory C:\Users\N0200797\Desktop\apache-tomcat-8.5.11\webapps\docs
21-Aug-2017 15:36:09.627 INFO [localhost-startStop-1] org.apache.catalina.startup.HostConfig.deployDirectory Deployment of web application directory C:\Users\N0200797\Desktop\apache-tomcat-8.5.11\webapps\docs has finished in 300 ms
21-Aug-2017 15:36:09.627 INFO [localhost-startStop-1] org.apache.catalina.startup.HostConfig.deployDirectory Deploying web application directory C:\Users\N0200797\Desktop\apache-tomcat-8.5.11\webapps\examples
21-Aug-2017 15:36:09.998 INFO [localhost-startStop-1] org.apache.catalina.startup.HostConfig.deployDirectory Deployment of web application directory C:\Users\N0200797\Desktop\apache-tomcat-8.5.11\webapps\examples has finished in 371 ms
21-Aug-2017 15:36:09.998 INFO [localhost-startStop-1] org.apache.catalina.startup.HostConfig.deployDirectory Deploying web application directory C:\Users\N0200797\Desktop\apache-tomcat-8.5.11\webapps\host-manager
21-Aug-2017 15:36:10.034 INFO [localhost-startStop-1] org.apache.catalina.startup.HostConfig.deployDirectory Deployment of web application directory C:\Users\N0200797\Desktop\apache-tomcat-8.5.11\webapps\host-manager has finished in 36 ms
21-Aug-2017 15:36:10.034 INFO [localhost-startStop-1] org.apache.catalina.startup.HostConfig.deployDirectory Deploying web application directory C:\Users\N0200797\Desktop\apache-tomcat-8.5.11\webapps\manager
21-Aug-2017 15:36:10.063 INFO [localhost-startStop-1] org.apache.catalina.startup.HostConfig.deployDirectory Deployment of web application directory C:\Users\N0200797\Desktop\apache-tomcat-8.5.11\webapps\manager has finished in 29 ms
21-Aug-2017 15:36:10.063 INFO [localhost-startStop-1] org.apache.catalina.startup.HostConfig.deployDirectory Deploying web application directory C:\Users\N0200797\Desktop\apache-tomcat-8.5.11\webapps\ROOT
21-Aug-2017 15:36:10.090 INFO [localhost-startStop-1] org.apache.catalina.startup.HostConfig.deployDirectory Deployment of web application directory C:\Users\N0200797\Desktop\apache-tomcat-8.5.11\webapps\ROOT has finished in 26 ms
21-Aug-2017 15:36:10.092 INFO [main] org.apache.coyote.AbstractProtocol.start Starting ProtocolHandler [http-nio-8080]
21-Aug-2017 15:36:10.101 INFO [main] org.apache.coyote.AbstractProtocol.start Starting ProtocolHandler [ajp-nio-8009]
21-Aug-2017 15:36:10.104 INFO [main] org.apache.catalina.startup.Catalina.start Server startup in 810 ms
