22-Aug-2017 09:13:45.094 INFO [localhost-startStop-1] org.apache.catalina.core.ApplicationContext.log ContextListener: contextInitialized()
22-Aug-2017 09:13:45.094 INFO [localhost-startStop-1] org.apache.catalina.core.ApplicationContext.log SessionListener: contextInitialized()
22-Aug-2017 09:17:09.908 SEVERE [http-nio-8080-exec-6] org.apache.catalina.core.StandardWrapperValve.invoke Servlet.service() for servlet [FlooringCalculatorServlet] in context with path [/FlooringCalculatorJSPServlet] threw exception
 java.lang.NumberFormatException: empty String
	at sun.misc.FloatingDecimal.readJavaFormatString(FloatingDecimal.java:1842)
	at sun.misc.FloatingDecimal.parseDouble(FloatingDecimal.java:110)
	at java.lang.Double.parseDouble(Double.java:538)
	at com.sg.flooringcalculatorjspservlet.FlooringCalculatorServlet.processRequest(FlooringCalculatorServlet.java:40)
	at com.sg.flooringcalculatorjspservlet.FlooringCalculatorServlet.doPost(FlooringCalculatorServlet.java:88)
	at javax.servlet.http.HttpServlet.service(HttpServlet.java:648)
	at javax.servlet.http.HttpServlet.service(HttpServlet.java:729)
	at org.apache.catalina.core.ApplicationFilterChain.internalDoFilter(ApplicationFilterChain.java:230)
	at org.apache.catalina.core.ApplicationFilterChain.doFilter(ApplicationFilterChain.java:165)
	at org.apache.tomcat.websocket.server.WsFilter.doFilter(WsFilter.java:52)
	at org.apache.catalina.core.ApplicationFilterChain.internalDoFilter(ApplicationFilterChain.java:192)
	at org.apache.catalina.core.ApplicationFilterChain.doFilter(ApplicationFilterChain.java:165)
	at org.apache.catalina.core.StandardWrapperValve.invoke(StandardWrapperValve.java:198)
	at org.apache.catalina.core.StandardContextValve.invoke(StandardContextValve.java:96)
	at org.apache.catalina.authenticator.AuthenticatorBase.invoke(AuthenticatorBase.java:474)
	at org.apache.catalina.core.StandardHostValve.invoke(StandardHostValve.java:140)
	at org.apache.catalina.valves.ErrorReportValve.invoke(ErrorReportValve.java:79)
	at org.apache.catalina.valves.AbstractAccessLogValve.invoke(AbstractAccessLogValve.java:624)
	at org.apache.catalina.core.StandardEngineValve.invoke(StandardEngineValve.java:87)
	at org.apache.catalina.connector.CoyoteAdapter.service(CoyoteAdapter.java:349)
	at org.apache.coyote.http11.Http11Processor.service(Http11Processor.java:783)
	at org.apache.coyote.AbstractProcessorLight.process(AbstractProcessorLight.java:66)
	at org.apache.coyote.AbstractProtocol$ConnectionHandler.process(AbstractProtocol.java:798)
	at org.apache.tomcat.util.net.NioEndpoint$SocketProcessor.doRun(NioEndpoint.java:1434)
	at org.apache.tomcat.util.net.SocketProcessorBase.run(SocketProcessorBase.java:49)
	at java.util.concurrent.ThreadPoolExecutor.runWorker(ThreadPoolExecutor.java:1142)
	at java.util.concurrent.ThreadPoolExecutor$Worker.run(ThreadPoolExecutor.java:617)
	at org.apache.tomcat.util.threads.TaskThread$WrappingRunnable.run(TaskThread.java:61)
	at java.lang.Thread.run(Thread.java:748)

22-Aug-2017 09:19:01.810 SEVERE [http-nio-8080-exec-13] org.apache.catalina.core.StandardWrapperValve.invoke Servlet.service() for servlet [FlooringCalculatorServlet] in context with path [/FlooringCalculatorJSPServlet] threw exception
 java.lang.NumberFormatException: empty String
	at sun.misc.FloatingDecimal.readJavaFormatString(FloatingDecimal.java:1842)
	at sun.misc.FloatingDecimal.parseDouble(FloatingDecimal.java:110)
	at java.lang.Double.parseDouble(Double.java:538)
	at com.sg.flooringcalculatorjspservlet.FlooringCalculatorServlet.processRequest(FlooringCalculatorServlet.java:40)
	at com.sg.flooringcalculatorjspservlet.FlooringCalculatorServlet.doPost(FlooringCalculatorServlet.java:88)
	at javax.servlet.http.HttpServlet.service(HttpServlet.java:648)
	at javax.servlet.http.HttpServlet.service(HttpServlet.java:729)
	at org.apache.catalina.core.ApplicationFilterChain.internalDoFilter(ApplicationFilterChain.java:230)
	at org.apache.catalina.core.ApplicationFilterChain.doFilter(ApplicationFilterChain.java:165)
	at org.apache.tomcat.websocket.server.WsFilter.doFilter(WsFilter.java:52)
	at org.apache.catalina.core.ApplicationFilterChain.internalDoFilter(ApplicationFilterChain.java:192)
	at org.apache.catalina.core.ApplicationFilterChain.doFilter(ApplicationFilterChain.java:165)
	at org.apache.catalina.core.StandardWrapperValve.invoke(StandardWrapperValve.java:198)
	at org.apache.catalina.core.StandardContextValve.invoke(StandardContextValve.java:96)
	at org.apache.catalina.authenticator.AuthenticatorBase.invoke(AuthenticatorBase.java:474)
	at org.apache.catalina.core.StandardHostValve.invoke(StandardHostValve.java:140)
	at org.apache.catalina.valves.ErrorReportValve.invoke(ErrorReportValve.java:79)
	at org.apache.catalina.valves.AbstractAccessLogValve.invoke(AbstractAccessLogValve.java:624)
	at org.apache.catalina.core.StandardEngineValve.invoke(StandardEngineValve.java:87)
	at org.apache.catalina.connector.CoyoteAdapter.service(CoyoteAdapter.java:349)
	at org.apache.coyote.http11.Http11Processor.service(Http11Processor.java:783)
	at org.apache.coyote.AbstractProcessorLight.process(AbstractProcessorLight.java:66)
	at org.apache.coyote.AbstractProtocol$ConnectionHandler.process(AbstractProtocol.java:798)
	at org.apache.tomcat.util.net.NioEndpoint$SocketProcessor.doRun(NioEndpoint.java:1434)
	at org.apache.tomcat.util.net.SocketProcessorBase.run(SocketProcessorBase.java:49)
	at java.util.concurrent.ThreadPoolExecutor.runWorker(ThreadPoolExecutor.java:1142)
	at java.util.concurrent.ThreadPoolExecutor$Worker.run(ThreadPoolExecutor.java:617)
	at org.apache.tomcat.util.threads.TaskThread$WrappingRunnable.run(TaskThread.java:61)
	at java.lang.Thread.run(Thread.java:748)

22-Aug-2017 10:12:36.725 INFO [localhost-startStop-1] org.apache.catalina.core.ApplicationContext.log ContextListener: contextInitialized()
22-Aug-2017 10:12:36.725 INFO [localhost-startStop-1] org.apache.catalina.core.ApplicationContext.log SessionListener: contextInitialized()
22-Aug-2017 10:12:36.865 INFO [localhost-startStop-1] org.apache.catalina.core.ApplicationContext.log SessionListener: contextDestroyed()
22-Aug-2017 10:12:36.865 INFO [localhost-startStop-1] org.apache.catalina.core.ApplicationContext.log ContextListener: contextDestroyed()
22-Aug-2017 11:10:51.662 SEVERE [http-nio-8080-exec-128] org.apache.catalina.core.StandardWrapperValve.invoke Servlet.service() for servlet [LuckySevensServlet] in context with path [/LuckySevens] threw exception
 java.lang.NumberFormatException: null
	at java.lang.Integer.parseInt(Integer.java:542)
	at java.lang.Integer.parseInt(Integer.java:615)
	at com.sg.luckysevensjspservlet.LuckySevensServlet.processRequest(LuckySevensServlet.java:48)
	at com.sg.luckysevensjspservlet.LuckySevensServlet.doGet(LuckySevensServlet.java:96)
	at javax.servlet.http.HttpServlet.service(HttpServlet.java:622)
	at javax.servlet.http.HttpServlet.service(HttpServlet.java:729)
	at org.apache.catalina.core.ApplicationFilterChain.internalDoFilter(ApplicationFilterChain.java:230)
	at org.apache.catalina.core.ApplicationFilterChain.doFilter(ApplicationFilterChain.java:165)
	at org.apache.tomcat.websocket.server.WsFilter.doFilter(WsFilter.java:52)
	at org.apache.catalina.core.ApplicationFilterChain.internalDoFilter(ApplicationFilterChain.java:192)
	at org.apache.catalina.core.ApplicationFilterChain.doFilter(ApplicationFilterChain.java:165)
	at org.apache.catalina.core.StandardWrapperValve.invoke(StandardWrapperValve.java:198)
	at org.apache.catalina.core.StandardContextValve.invoke(StandardContextValve.java:96)
	at org.apache.catalina.authenticator.AuthenticatorBase.invoke(AuthenticatorBase.java:474)
	at org.apache.catalina.core.StandardHostValve.invoke(StandardHostValve.java:140)
	at org.apache.catalina.valves.ErrorReportValve.invoke(ErrorReportValve.java:79)
	at org.apache.catalina.valves.AbstractAccessLogValve.invoke(AbstractAccessLogValve.java:624)
	at org.apache.catalina.core.StandardEngineValve.invoke(StandardEngineValve.java:87)
	at org.apache.catalina.connector.CoyoteAdapter.service(CoyoteAdapter.java:349)
	at org.apache.coyote.http11.Http11Processor.service(Http11Processor.java:783)
	at org.apache.coyote.AbstractProcessorLight.process(AbstractProcessorLight.java:66)
	at org.apache.coyote.AbstractProtocol$ConnectionHandler.process(AbstractProtocol.java:798)
	at org.apache.tomcat.util.net.NioEndpoint$SocketProcessor.doRun(NioEndpoint.java:1434)
	at org.apache.tomcat.util.net.SocketProcessorBase.run(SocketProcessorBase.java:49)
	at java.util.concurrent.ThreadPoolExecutor.runWorker(ThreadPoolExecutor.java:1142)
	at java.util.concurrent.ThreadPoolExecutor$Worker.run(ThreadPoolExecutor.java:617)
	at org.apache.tomcat.util.threads.TaskThread$WrappingRunnable.run(TaskThread.java:61)
	at java.lang.Thread.run(Thread.java:748)

22-Aug-2017 11:53:16.849 SEVERE [http-nio-8080-exec-168] org.apache.catalina.core.StandardWrapperValve.invoke Servlet.service() for servlet [TipCalculatorServlet] in context with path [/TipCalculatorJSPServlet] threw exception
 java.lang.NumberFormatException: For input string: ""
	at java.lang.NumberFormatException.forInputString(NumberFormatException.java:65)
	at java.lang.Integer.parseInt(Integer.java:592)
	at java.lang.Integer.parseInt(Integer.java:615)
	at com.sg.tipcalculatorjspservlet.TipCalculatorServlet.processRequest(TipCalculatorServlet.java:43)
	at com.sg.tipcalculatorjspservlet.TipCalculatorServlet.doPost(TipCalculatorServlet.java:86)
	at javax.servlet.http.HttpServlet.service(HttpServlet.java:648)
	at javax.servlet.http.HttpServlet.service(HttpServlet.java:729)
	at org.apache.catalina.core.ApplicationFilterChain.internalDoFilter(ApplicationFilterChain.java:230)
	at org.apache.catalina.core.ApplicationFilterChain.doFilter(ApplicationFilterChain.java:165)
	at org.apache.tomcat.websocket.server.WsFilter.doFilter(WsFilter.java:52)
	at org.apache.catalina.core.ApplicationFilterChain.internalDoFilter(ApplicationFilterChain.java:192)
	at org.apache.catalina.core.ApplicationFilterChain.doFilter(ApplicationFilterChain.java:165)
	at org.apache.catalina.core.StandardWrapperValve.invoke(StandardWrapperValve.java:198)
	at org.apache.catalina.core.StandardContextValve.invoke(StandardContextValve.java:96)
	at org.apache.catalina.authenticator.AuthenticatorBase.invoke(AuthenticatorBase.java:474)
	at org.apache.catalina.core.StandardHostValve.invoke(StandardHostValve.java:140)
	at org.apache.catalina.valves.ErrorReportValve.invoke(ErrorReportValve.java:79)
	at org.apache.catalina.valves.AbstractAccessLogValve.invoke(AbstractAccessLogValve.java:624)
	at org.apache.catalina.core.StandardEngineValve.invoke(StandardEngineValve.java:87)
	at org.apache.catalina.connector.CoyoteAdapter.service(CoyoteAdapter.java:349)
	at org.apache.coyote.http11.Http11Processor.service(Http11Processor.java:783)
	at org.apache.coyote.AbstractProcessorLight.process(AbstractProcessorLight.java:66)
	at org.apache.coyote.AbstractProtocol$ConnectionHandler.process(AbstractProtocol.java:798)
	at org.apache.tomcat.util.net.NioEndpoint$SocketProcessor.doRun(NioEndpoint.java:1434)
	at org.apache.tomcat.util.net.SocketProcessorBase.run(SocketProcessorBase.java:49)
	at java.util.concurrent.ThreadPoolExecutor.runWorker(ThreadPoolExecutor.java:1142)
	at java.util.concurrent.ThreadPoolExecutor$Worker.run(ThreadPoolExecutor.java:617)
	at org.apache.tomcat.util.threads.TaskThread$WrappingRunnable.run(TaskThread.java:61)
	at java.lang.Thread.run(Thread.java:748)

22-Aug-2017 12:02:51.488 SEVERE [http-nio-8080-exec-189] org.apache.catalina.core.ApplicationDispatcher.invoke Servlet.service() for servlet jsp threw exception
 org.apache.jasper.JasperException: The absolute uri: http://java.sun.com/jsp/jstl/core cannot be resolved in either web.xml or the jar files deployed with this application
	at org.apache.jasper.compiler.DefaultErrorHandler.jspError(DefaultErrorHandler.java:55)
	at org.apache.jasper.compiler.ErrorDispatcher.dispatch(ErrorDispatcher.java:293)
	at org.apache.jasper.compiler.ErrorDispatcher.jspError(ErrorDispatcher.java:80)
	at org.apache.jasper.compiler.TagLibraryInfoImpl.generateTldResourcePath(TagLibraryInfoImpl.java:251)
	at org.apache.jasper.compiler.TagLibraryInfoImpl.<init>(TagLibraryInfoImpl.java:122)
	at org.apache.jasper.compiler.Parser.parseTaglibDirective(Parser.java:434)
	at org.apache.jasper.compiler.Parser.parseDirective(Parser.java:492)
	at org.apache.jasper.compiler.Parser.parseElements(Parser.java:1448)
	at org.apache.jasper.compiler.Parser.parse(Parser.java:145)
	at org.apache.jasper.compiler.ParserController.doParse(ParserController.java:244)
	at org.apache.jasper.compiler.ParserController.parse(ParserController.java:105)
	at org.apache.jasper.compiler.Compiler.generateJava(Compiler.java:201)
	at org.apache.jasper.compiler.Compiler.compile(Compiler.java:372)
	at org.apache.jasper.compiler.Compiler.compile(Compiler.java:349)
	at org.apache.jasper.compiler.Compiler.compile(Compiler.java:333)
	at org.apache.jasper.JspCompilationContext.compile(JspCompilationContext.java:600)
	at org.apache.jasper.servlet.JspServletWrapper.service(JspServletWrapper.java:368)
	at org.apache.jasper.servlet.JspServlet.serviceJspFile(JspServlet.java:385)
	at org.apache.jasper.servlet.JspServlet.service(JspServlet.java:329)
	at javax.servlet.http.HttpServlet.service(HttpServlet.java:729)
	at org.apache.catalina.core.ApplicationFilterChain.internalDoFilter(ApplicationFilterChain.java:230)
	at org.apache.catalina.core.ApplicationFilterChain.doFilter(ApplicationFilterChain.java:165)
	at org.apache.tomcat.websocket.server.WsFilter.doFilter(WsFilter.java:52)
	at org.apache.catalina.core.ApplicationFilterChain.internalDoFilter(ApplicationFilterChain.java:192)
	at org.apache.catalina.core.ApplicationFilterChain.doFilter(ApplicationFilterChain.java:165)
	at org.apache.catalina.core.ApplicationDispatcher.invoke(ApplicationDispatcher.java:726)
	at org.apache.catalina.core.ApplicationDispatcher.processRequest(ApplicationDispatcher.java:469)
	at org.apache.catalina.core.ApplicationDispatcher.doForward(ApplicationDispatcher.java:394)
	at org.apache.catalina.core.ApplicationDispatcher.forward(ApplicationDispatcher.java:311)
	at com.sg.tipcalculatorjspservlet.TipCalculatorServlet.processRequest(TipCalculatorServlet.java:72)
	at com.sg.tipcalculatorjspservlet.TipCalculatorServlet.doPost(TipCalculatorServlet.java:102)
	at javax.servlet.http.HttpServlet.service(HttpServlet.java:648)
	at javax.servlet.http.HttpServlet.service(HttpServlet.java:729)
	at org.apache.catalina.core.ApplicationFilterChain.internalDoFilter(ApplicationFilterChain.java:230)
	at org.apache.catalina.core.ApplicationFilterChain.doFilter(ApplicationFilterChain.java:165)
	at org.apache.tomcat.websocket.server.WsFilter.doFilter(WsFilter.java:52)
	at org.apache.catalina.core.ApplicationFilterChain.internalDoFilter(ApplicationFilterChain.java:192)
	at org.apache.catalina.core.ApplicationFilterChain.doFilter(ApplicationFilterChain.java:165)
	at org.apache.catalina.core.StandardWrapperValve.invoke(StandardWrapperValve.java:198)
	at org.apache.catalina.core.StandardContextValve.invoke(StandardContextValve.java:96)
	at org.apache.catalina.authenticator.AuthenticatorBase.invoke(AuthenticatorBase.java:474)
	at org.apache.catalina.core.StandardHostValve.invoke(StandardHostValve.java:140)
	at org.apache.catalina.valves.ErrorReportValve.invoke(ErrorReportValve.java:79)
	at org.apache.catalina.valves.AbstractAccessLogValve.invoke(AbstractAccessLogValve.java:624)
	at org.apache.catalina.core.StandardEngineValve.invoke(StandardEngineValve.java:87)
	at org.apache.catalina.connector.CoyoteAdapter.service(CoyoteAdapter.java:349)
	at org.apache.coyote.http11.Http11Processor.service(Http11Processor.java:783)
	at org.apache.coyote.AbstractProcessorLight.process(AbstractProcessorLight.java:66)
	at org.apache.coyote.AbstractProtocol$ConnectionHandler.process(AbstractProtocol.java:798)
	at org.apache.tomcat.util.net.NioEndpoint$SocketProcessor.doRun(NioEndpoint.java:1434)
	at org.apache.tomcat.util.net.SocketProcessorBase.run(SocketProcessorBase.java:49)
	at java.util.concurrent.ThreadPoolExecutor.runWorker(ThreadPoolExecutor.java:1142)
	at java.util.concurrent.ThreadPoolExecutor$Worker.run(ThreadPoolExecutor.java:617)
	at org.apache.tomcat.util.threads.TaskThread$WrappingRunnable.run(TaskThread.java:61)
	at java.lang.Thread.run(Thread.java:748)

22-Aug-2017 12:02:51.489 SEVERE [http-nio-8080-exec-189] org.apache.catalina.core.StandardWrapperValve.invoke Servlet.service() for servlet [TipCalculatorServlet] in context with path [/TipCalculatorJSPServlet] threw exception [The absolute uri: http://java.sun.com/jsp/jstl/core cannot be resolved in either web.xml or the jar files deployed with this application] with root cause
 org.apache.jasper.JasperException: The absolute uri: http://java.sun.com/jsp/jstl/core cannot be resolved in either web.xml or the jar files deployed with this application
	at org.apache.jasper.compiler.DefaultErrorHandler.jspError(DefaultErrorHandler.java:55)
	at org.apache.jasper.compiler.ErrorDispatcher.dispatch(ErrorDispatcher.java:293)
	at org.apache.jasper.compiler.ErrorDispatcher.jspError(ErrorDispatcher.java:80)
	at org.apache.jasper.compiler.TagLibraryInfoImpl.generateTldResourcePath(TagLibraryInfoImpl.java:251)
	at org.apache.jasper.compiler.TagLibraryInfoImpl.<init>(TagLibraryInfoImpl.java:122)
	at org.apache.jasper.compiler.Parser.parseTaglibDirective(Parser.java:434)
	at org.apache.jasper.compiler.Parser.parseDirective(Parser.java:492)
	at org.apache.jasper.compiler.Parser.parseElements(Parser.java:1448)
	at org.apache.jasper.compiler.Parser.parse(Parser.java:145)
	at org.apache.jasper.compiler.ParserController.doParse(ParserController.java:244)
	at org.apache.jasper.compiler.ParserController.parse(ParserController.java:105)
	at org.apache.jasper.compiler.Compiler.generateJava(Compiler.java:201)
	at org.apache.jasper.compiler.Compiler.compile(Compiler.java:372)
	at org.apache.jasper.compiler.Compiler.compile(Compiler.java:349)
	at org.apache.jasper.compiler.Compiler.compile(Compiler.java:333)
	at org.apache.jasper.JspCompilationContext.compile(JspCompilationContext.java:600)
	at org.apache.jasper.servlet.JspServletWrapper.service(JspServletWrapper.java:368)
	at org.apache.jasper.servlet.JspServlet.serviceJspFile(JspServlet.java:385)
	at org.apache.jasper.servlet.JspServlet.service(JspServlet.java:329)
	at javax.servlet.http.HttpServlet.service(HttpServlet.java:729)
	at org.apache.catalina.core.ApplicationFilterChain.internalDoFilter(ApplicationFilterChain.java:230)
	at org.apache.catalina.core.ApplicationFilterChain.doFilter(ApplicationFilterChain.java:165)
	at org.apache.tomcat.websocket.server.WsFilter.doFilter(WsFilter.java:52)
	at org.apache.catalina.core.ApplicationFilterChain.internalDoFilter(ApplicationFilterChain.java:192)
	at org.apache.catalina.core.ApplicationFilterChain.doFilter(ApplicationFilterChain.java:165)
	at org.apache.catalina.core.ApplicationDispatcher.invoke(ApplicationDispatcher.java:726)
	at org.apache.catalina.core.ApplicationDispatcher.processRequest(ApplicationDispatcher.java:469)
	at org.apache.catalina.core.ApplicationDispatcher.doForward(ApplicationDispatcher.java:394)
	at org.apache.catalina.core.ApplicationDispatcher.forward(ApplicationDispatcher.java:311)
	at com.sg.tipcalculatorjspservlet.TipCalculatorServlet.processRequest(TipCalculatorServlet.java:72)
	at com.sg.tipcalculatorjspservlet.TipCalculatorServlet.doPost(TipCalculatorServlet.java:102)
	at javax.servlet.http.HttpServlet.service(HttpServlet.java:648)
	at javax.servlet.http.HttpServlet.service(HttpServlet.java:729)
	at org.apache.catalina.core.ApplicationFilterChain.internalDoFilter(ApplicationFilterChain.java:230)
	at org.apache.catalina.core.ApplicationFilterChain.doFilter(ApplicationFilterChain.java:165)
	at org.apache.tomcat.websocket.server.WsFilter.doFilter(WsFilter.java:52)
	at org.apache.catalina.core.ApplicationFilterChain.internalDoFilter(ApplicationFilterChain.java:192)
	at org.apache.catalina.core.ApplicationFilterChain.doFilter(ApplicationFilterChain.java:165)
	at org.apache.catalina.core.StandardWrapperValve.invoke(StandardWrapperValve.java:198)
	at org.apache.catalina.core.StandardContextValve.invoke(StandardContextValve.java:96)
	at org.apache.catalina.authenticator.AuthenticatorBase.invoke(AuthenticatorBase.java:474)
	at org.apache.catalina.core.StandardHostValve.invoke(StandardHostValve.java:140)
	at org.apache.catalina.valves.ErrorReportValve.invoke(ErrorReportValve.java:79)
	at org.apache.catalina.valves.AbstractAccessLogValve.invoke(AbstractAccessLogValve.java:624)
	at org.apache.catalina.core.StandardEngineValve.invoke(StandardEngineValve.java:87)
	at org.apache.catalina.connector.CoyoteAdapter.service(CoyoteAdapter.java:349)
	at org.apache.coyote.http11.Http11Processor.service(Http11Processor.java:783)
	at org.apache.coyote.AbstractProcessorLight.process(AbstractProcessorLight.java:66)
	at org.apache.coyote.AbstractProtocol$ConnectionHandler.process(AbstractProtocol.java:798)
	at org.apache.tomcat.util.net.NioEndpoint$SocketProcessor.doRun(NioEndpoint.java:1434)
	at org.apache.tomcat.util.net.SocketProcessorBase.run(SocketProcessorBase.java:49)
	at java.util.concurrent.ThreadPoolExecutor.runWorker(ThreadPoolExecutor.java:1142)
	at java.util.concurrent.ThreadPoolExecutor$Worker.run(ThreadPoolExecutor.java:617)
	at org.apache.tomcat.util.threads.TaskThread$WrappingRunnable.run(TaskThread.java:61)
	at java.lang.Thread.run(Thread.java:748)

22-Aug-2017 14:11:19.437 INFO [http-nio-8080-exec-285] org.apache.catalina.core.ApplicationContext.log No Spring WebApplicationInitializer types detected on classpath
22-Aug-2017 14:11:19.469 INFO [http-nio-8080-exec-285] org.apache.catalina.core.ApplicationContext.log Initializing Spring root WebApplicationContext
22-Aug-2017 14:12:32.054 INFO [http-nio-8080-exec-287] org.apache.catalina.core.ApplicationContext.log Initializing Spring FrameworkServlet 'spring-dispatcher'
22-Aug-2017 14:15:13.624 INFO [http-nio-8080-exec-278] org.apache.catalina.core.ApplicationContext.log Destroying Spring FrameworkServlet 'spring-dispatcher'
22-Aug-2017 14:15:13.624 INFO [http-nio-8080-exec-278] org.apache.catalina.core.ApplicationContext.log Closing Spring root WebApplicationContext
22-Aug-2017 14:15:15.277 INFO [http-nio-8080-exec-284] org.apache.catalina.core.ApplicationContext.log No Spring WebApplicationInitializer types detected on classpath
22-Aug-2017 14:15:15.308 INFO [http-nio-8080-exec-284] org.apache.catalina.core.ApplicationContext.log Initializing Spring root WebApplicationContext
22-Aug-2017 14:15:28.367 INFO [http-nio-8080-exec-291] org.apache.catalina.core.ApplicationContext.log Initializing Spring FrameworkServlet 'spring-dispatcher'
22-Aug-2017 15:37:02.013 INFO [http-nio-8080-exec-296] org.apache.catalina.core.ApplicationContext.log No Spring WebApplicationInitializer types detected on classpath
22-Aug-2017 15:37:02.045 INFO [http-nio-8080-exec-296] org.apache.catalina.core.ApplicationContext.log Initializing Spring root WebApplicationContext
22-Aug-2017 15:37:09.337 INFO [http-nio-8080-exec-293] org.apache.catalina.core.ApplicationContext.log Initializing Spring FrameworkServlet 'spring-dispatcher'
22-Aug-2017 15:50:44.581 INFO [ContainerBackgroundProcessor[StandardEngine[Catalina]]] org.apache.catalina.core.ApplicationContext.log Destroying Spring FrameworkServlet 'spring-dispatcher'
22-Aug-2017 15:50:44.581 INFO [ContainerBackgroundProcessor[StandardEngine[Catalina]]] org.apache.catalina.core.ApplicationContext.log Closing Spring root WebApplicationContext
22-Aug-2017 15:50:44.581 SEVERE [ContainerBackgroundProcessor[StandardEngine[Catalina]]] org.apache.catalina.core.StandardContext.listenerStop Exception sending context destroyed event to listener instance of class org.springframework.web.context.ContextLoaderListener
 java.lang.IllegalStateException: java.io.FileNotFoundException: C:\Users\N0200797\Desktop\GoForCode\BitBucket\abdoulaye-camara-individual-work\MyWebProjects\FactorizorSpringMVC\target\spring-mvc-webapp\WEB-INF\lib\aspectjtools-1.8.7.jar (The system cannot find the path specified)
	at org.apache.catalina.webresources.AbstractSingleArchiveResourceSet.getArchiveEntry(AbstractSingleArchiveResourceSet.java:97)
	at org.apache.catalina.webresources.AbstractArchiveResourceSet.getResource(AbstractArchiveResourceSet.java:260)
	at org.apache.catalina.webresources.StandardRoot.getResourceInternal(StandardRoot.java:280)
	at org.apache.catalina.webresources.Cache.getResource(Cache.java:62)
	at org.apache.catalina.webresources.StandardRoot.getResource(StandardRoot.java:215)
	at org.apache.catalina.webresources.StandardRoot.getClassLoaderResource(StandardRoot.java:224)
	at org.apache.catalina.loader.WebappClassLoaderBase.findClassInternal(WebappClassLoaderBase.java:2167)
	at org.apache.catalina.loader.WebappClassLoaderBase.findClass(WebappClassLoaderBase.java:811)
	at org.apache.catalina.loader.WebappClassLoaderBase.loadClass(WebappClassLoaderBase.java:1254)
	at org.apache.catalina.loader.WebappClassLoaderBase.loadClass(WebappClassLoaderBase.java:1119)
	at org.springframework.web.context.ContextLoaderListener.contextDestroyed(ContextLoaderListener.java:117)
	at org.apache.catalina.core.StandardContext.listenerStop(StandardContext.java:4774)
	at org.apache.catalina.core.StandardContext.stopInternal(StandardContext.java:5411)
	at org.apache.catalina.util.LifecycleBase.stop(LifecycleBase.java:226)
	at org.apache.catalina.core.ContainerBase.removeChild(ContainerBase.java:843)
	at org.apache.catalina.startup.HostConfig.undeploy(HostConfig.java:1400)
	at org.apache.catalina.startup.HostConfig.checkResources(HostConfig.java:1326)
	at org.apache.catalina.startup.HostConfig.check(HostConfig.java:1586)
	at org.apache.catalina.startup.HostConfig.lifecycleEvent(HostConfig.java:280)
	at org.apache.catalina.util.LifecycleBase.fireLifecycleEvent(LifecycleBase.java:94)
	at org.apache.catalina.core.ContainerBase.backgroundProcess(ContainerBase.java:1164)
	at org.apache.catalina.core.ContainerBase$ContainerBackgroundProcessor.processChildren(ContainerBase.java:1388)
	at org.apache.catalina.core.ContainerBase$ContainerBackgroundProcessor.processChildren(ContainerBase.java:1392)
	at org.apache.catalina.core.ContainerBase$ContainerBackgroundProcessor.run(ContainerBase.java:1360)
	at java.lang.Thread.run(Thread.java:748)
Caused by: java.io.FileNotFoundException: C:\Users\N0200797\Desktop\GoForCode\BitBucket\abdoulaye-camara-individual-work\MyWebProjects\FactorizorSpringMVC\target\spring-mvc-webapp\WEB-INF\lib\aspectjtools-1.8.7.jar (The system cannot find the path specified)
	at java.util.zip.ZipFile.open(Native Method)
	at java.util.zip.ZipFile.<init>(ZipFile.java:219)
	at java.util.zip.ZipFile.<init>(ZipFile.java:149)
	at java.util.jar.JarFile.<init>(JarFile.java:166)
	at java.util.jar.JarFile.<init>(JarFile.java:103)
	at org.apache.catalina.webresources.AbstractArchiveResourceSet.openJarFile(AbstractArchiveResourceSet.java:308)
	at org.apache.catalina.webresources.AbstractSingleArchiveResourceSet.getArchiveEntry(AbstractSingleArchiveResourceSet.java:93)
	... 24 more

22-Aug-2017 15:50:55.722 INFO [ContainerBackgroundProcessor[StandardEngine[Catalina]]] org.apache.catalina.core.ApplicationContext.log No Spring WebApplicationInitializer types detected on classpath
22-Aug-2017 15:50:55.769 INFO [ContainerBackgroundProcessor[StandardEngine[Catalina]]] org.apache.catalina.core.ApplicationContext.log Initializing Spring root WebApplicationContext
22-Aug-2017 15:50:59.123 INFO [http-nio-8080-exec-293] org.apache.catalina.core.ApplicationContext.log Closing Spring root WebApplicationContext
22-Aug-2017 15:51:00.698 INFO [http-nio-8080-exec-294] org.apache.catalina.core.ApplicationContext.log No Spring WebApplicationInitializer types detected on classpath
22-Aug-2017 15:51:00.730 INFO [http-nio-8080-exec-294] org.apache.catalina.core.ApplicationContext.log Initializing Spring root WebApplicationContext
22-Aug-2017 15:51:08.537 INFO [http-nio-8080-exec-292] org.apache.catalina.core.ApplicationContext.log Initializing Spring FrameworkServlet 'spring-dispatcher'
22-Aug-2017 15:55:24.021 INFO [http-nio-8080-exec-302] org.apache.catalina.core.ApplicationContext.log Destroying Spring FrameworkServlet 'spring-dispatcher'
22-Aug-2017 15:55:24.021 INFO [http-nio-8080-exec-302] org.apache.catalina.core.ApplicationContext.log Closing Spring root WebApplicationContext
22-Aug-2017 15:55:25.325 INFO [http-nio-8080-exec-302] org.apache.catalina.core.ApplicationContext.log No Spring WebApplicationInitializer types detected on classpath
22-Aug-2017 15:55:25.356 INFO [http-nio-8080-exec-302] org.apache.catalina.core.ApplicationContext.log Initializing Spring root WebApplicationContext
22-Aug-2017 15:55:36.917 INFO [http-nio-8080-exec-310] org.apache.catalina.core.ApplicationContext.log Closing Spring root WebApplicationContext
22-Aug-2017 15:55:38.135 INFO [http-nio-8080-exec-310] org.apache.catalina.core.ApplicationContext.log No Spring WebApplicationInitializer types detected on classpath
22-Aug-2017 15:55:38.167 INFO [http-nio-8080-exec-310] org.apache.catalina.core.ApplicationContext.log Initializing Spring root WebApplicationContext
22-Aug-2017 15:56:51.442 INFO [http-nio-8080-exec-312] org.apache.catalina.core.ApplicationContext.log Closing Spring root WebApplicationContext
22-Aug-2017 15:56:53.259 INFO [http-nio-8080-exec-314] org.apache.catalina.core.ApplicationContext.log No Spring WebApplicationInitializer types detected on classpath
22-Aug-2017 15:56:53.274 INFO [http-nio-8080-exec-314] org.apache.catalina.core.ApplicationContext.log Initializing Spring root WebApplicationContext
22-Aug-2017 15:56:58.129 INFO [http-nio-8080-exec-305] org.apache.catalina.core.ApplicationContext.log Initializing Spring FrameworkServlet 'spring-dispatcher'
22-Aug-2017 16:01:35.708 INFO [http-nio-8080-exec-315] org.apache.catalina.core.ApplicationContext.log Destroying Spring FrameworkServlet 'spring-dispatcher'
22-Aug-2017 16:01:35.708 INFO [http-nio-8080-exec-315] org.apache.catalina.core.ApplicationContext.log Closing Spring root WebApplicationContext
22-Aug-2017 16:01:36.894 INFO [http-nio-8080-exec-315] org.apache.catalina.core.ApplicationContext.log No Spring WebApplicationInitializer types detected on classpath
22-Aug-2017 16:01:36.925 INFO [http-nio-8080-exec-315] org.apache.catalina.core.ApplicationContext.log Initializing Spring root WebApplicationContext
22-Aug-2017 16:01:47.799 INFO [http-nio-8080-exec-318] org.apache.catalina.core.ApplicationContext.log Closing Spring root WebApplicationContext
22-Aug-2017 16:01:49.001 INFO [http-nio-8080-exec-318] org.apache.catalina.core.ApplicationContext.log No Spring WebApplicationInitializer types detected on classpath
22-Aug-2017 16:01:49.032 INFO [http-nio-8080-exec-318] org.apache.catalina.core.ApplicationContext.log Initializing Spring root WebApplicationContext
22-Aug-2017 16:02:43.572 INFO [http-nio-8080-exec-325] org.apache.catalina.core.ApplicationContext.log Closing Spring root WebApplicationContext
22-Aug-2017 16:02:44.727 INFO [http-nio-8080-exec-325] org.apache.catalina.core.ApplicationContext.log No Spring WebApplicationInitializer types detected on classpath
22-Aug-2017 16:02:44.758 INFO [http-nio-8080-exec-325] org.apache.catalina.core.ApplicationContext.log Initializing Spring root WebApplicationContext
22-Aug-2017 16:02:51.669 INFO [http-nio-8080-exec-322] org.apache.catalina.core.ApplicationContext.log Closing Spring root WebApplicationContext
22-Aug-2017 16:02:52.839 INFO [http-nio-8080-exec-322] org.apache.catalina.core.ApplicationContext.log No Spring WebApplicationInitializer types detected on classpath
22-Aug-2017 16:02:52.886 INFO [http-nio-8080-exec-322] org.apache.catalina.core.ApplicationContext.log Initializing Spring root WebApplicationContext
22-Aug-2017 20:51:01.298 INFO [localhost-startStop-1] org.apache.catalina.core.ApplicationContext.log No Spring WebApplicationInitializer types detected on classpath
22-Aug-2017 20:51:01.338 INFO [localhost-startStop-1] org.apache.catalina.core.ApplicationContext.log Initializing Spring root WebApplicationContext
22-Aug-2017 20:51:06.381 INFO [localhost-startStop-1] org.apache.catalina.core.ApplicationContext.log No Spring WebApplicationInitializer types detected on classpath
22-Aug-2017 20:51:06.426 INFO [localhost-startStop-1] org.apache.catalina.core.ApplicationContext.log Initializing Spring root WebApplicationContext
22-Aug-2017 20:51:09.007 INFO [localhost-startStop-1] org.apache.catalina.core.ApplicationContext.log ContextListener: contextInitialized()
22-Aug-2017 20:51:09.007 INFO [localhost-startStop-1] org.apache.catalina.core.ApplicationContext.log SessionListener: contextInitialized()
22-Aug-2017 20:51:12.197 INFO [http-nio-8080-exec-1] org.apache.catalina.core.ApplicationContext.log Closing Spring root WebApplicationContext
22-Aug-2017 20:51:14.041 INFO [http-nio-8080-exec-3] org.apache.catalina.core.ApplicationContext.log No Spring WebApplicationInitializer types detected on classpath
22-Aug-2017 20:51:14.071 INFO [http-nio-8080-exec-3] org.apache.catalina.core.ApplicationContext.log Initializing Spring root WebApplicationContext
22-Aug-2017 20:51:27.722 INFO [http-nio-8080-exec-15] org.apache.catalina.core.ApplicationContext.log Initializing Spring FrameworkServlet 'spring-dispatcher'
22-Aug-2017 20:53:12.036 INFO [http-nio-8080-exec-14] org.apache.catalina.core.ApplicationContext.log No Spring WebApplicationInitializer types detected on classpath
22-Aug-2017 20:53:12.076 INFO [http-nio-8080-exec-14] org.apache.catalina.core.ApplicationContext.log Initializing Spring root WebApplicationContext
22-Aug-2017 21:01:58.812 INFO [http-nio-8080-exec-12] org.apache.catalina.core.ApplicationContext.log Closing Spring root WebApplicationContext
22-Aug-2017 21:02:00.481 INFO [http-nio-8080-exec-17] org.apache.catalina.core.ApplicationContext.log No Spring WebApplicationInitializer types detected on classpath
22-Aug-2017 21:02:00.501 INFO [http-nio-8080-exec-17] org.apache.catalina.core.ApplicationContext.log Initializing Spring root WebApplicationContext
22-Aug-2017 21:02:10.138 INFO [http-nio-8080-exec-16] org.apache.catalina.core.ApplicationContext.log Initializing Spring FrameworkServlet 'spring-dispatcher'
22-Aug-2017 21:05:27.251 INFO [http-nio-8080-exec-30] org.apache.catalina.core.ApplicationContext.log Destroying Spring FrameworkServlet 'spring-dispatcher'
22-Aug-2017 21:05:27.255 INFO [http-nio-8080-exec-30] org.apache.catalina.core.ApplicationContext.log Closing Spring root WebApplicationContext
22-Aug-2017 21:05:28.684 INFO [http-nio-8080-exec-22] org.apache.catalina.core.ApplicationContext.log No Spring WebApplicationInitializer types detected on classpath
22-Aug-2017 21:05:28.704 INFO [http-nio-8080-exec-22] org.apache.catalina.core.ApplicationContext.log Initializing Spring root WebApplicationContext
22-Aug-2017 21:05:30.129 INFO [http-nio-8080-exec-28] org.apache.catalina.core.ApplicationContext.log Closing Spring root WebApplicationContext
22-Aug-2017 21:05:31.149 INFO [http-nio-8080-exec-28] org.apache.catalina.core.ApplicationContext.log No Spring WebApplicationInitializer types detected on classpath
22-Aug-2017 21:05:31.169 INFO [http-nio-8080-exec-28] org.apache.catalina.core.ApplicationContext.log Initializing Spring root WebApplicationContext
22-Aug-2017 21:05:52.659 INFO [http-nio-8080-exec-26] org.apache.catalina.core.ApplicationContext.log Closing Spring root WebApplicationContext
22-Aug-2017 21:05:53.691 INFO [http-nio-8080-exec-26] org.apache.catalina.core.ApplicationContext.log No Spring WebApplicationInitializer types detected on classpath
22-Aug-2017 21:05:53.721 INFO [http-nio-8080-exec-26] org.apache.catalina.core.ApplicationContext.log Initializing Spring root WebApplicationContext
22-Aug-2017 21:08:34.453 INFO [http-nio-8080-exec-23] org.apache.catalina.core.ApplicationContext.log Closing Spring root WebApplicationContext
22-Aug-2017 21:08:35.575 INFO [http-nio-8080-exec-23] org.apache.catalina.core.ApplicationContext.log No Spring WebApplicationInitializer types detected on classpath
22-Aug-2017 21:08:35.605 INFO [http-nio-8080-exec-23] org.apache.catalina.core.ApplicationContext.log Initializing Spring root WebApplicationContext
22-Aug-2017 21:09:29.616 INFO [http-nio-8080-exec-33] org.apache.catalina.core.ApplicationContext.log Closing Spring root WebApplicationContext
22-Aug-2017 21:32:52.525 INFO [ContainerBackgroundProcessor[StandardEngine[Catalina]]] org.apache.catalina.core.ApplicationContext.log Destroying Spring FrameworkServlet 'spring-dispatcher'
22-Aug-2017 21:32:52.526 INFO [ContainerBackgroundProcessor[StandardEngine[Catalina]]] org.apache.catalina.core.ApplicationContext.log Closing Spring root WebApplicationContext
22-Aug-2017 21:32:52.528 SEVERE [ContainerBackgroundProcessor[StandardEngine[Catalina]]] org.apache.catalina.core.StandardContext.listenerStop Exception sending context destroyed event to listener instance of class org.springframework.web.context.ContextLoaderListener
 java.lang.IllegalStateException: java.io.FileNotFoundException: C:\Users\N0200797\Desktop\GoForCode\BitBucket\abdoulaye-camara-individual-work\MyWebProjects\TipCalculatorMVC\target\spring-mvc-webapp\WEB-INF\lib\aspectjtools-1.8.7.jar (The system cannot find the path specified)
	at org.apache.catalina.webresources.AbstractSingleArchiveResourceSet.getArchiveEntry(AbstractSingleArchiveResourceSet.java:97)
	at org.apache.catalina.webresources.AbstractArchiveResourceSet.getResource(AbstractArchiveResourceSet.java:260)
	at org.apache.catalina.webresources.StandardRoot.getResourceInternal(StandardRoot.java:280)
	at org.apache.catalina.webresources.Cache.getResource(Cache.java:62)
	at org.apache.catalina.webresources.StandardRoot.getResource(StandardRoot.java:215)
	at org.apache.catalina.webresources.StandardRoot.getClassLoaderResource(StandardRoot.java:224)
	at org.apache.catalina.loader.WebappClassLoaderBase.findClassInternal(WebappClassLoaderBase.java:2167)
	at org.apache.catalina.loader.WebappClassLoaderBase.findClass(WebappClassLoaderBase.java:811)
	at org.apache.catalina.loader.WebappClassLoaderBase.loadClass(WebappClassLoaderBase.java:1254)
	at org.apache.catalina.loader.WebappClassLoaderBase.loadClass(WebappClassLoaderBase.java:1119)
	at org.springframework.web.context.ContextLoaderListener.contextDestroyed(ContextLoaderListener.java:117)
	at org.apache.catalina.core.StandardContext.listenerStop(StandardContext.java:4774)
	at org.apache.catalina.core.StandardContext.stopInternal(StandardContext.java:5411)
	at org.apache.catalina.util.LifecycleBase.stop(LifecycleBase.java:226)
	at org.apache.catalina.core.ContainerBase.removeChild(ContainerBase.java:843)
	at org.apache.catalina.startup.HostConfig.undeploy(HostConfig.java:1400)
	at org.apache.catalina.startup.HostConfig.checkResources(HostConfig.java:1326)
	at org.apache.catalina.startup.HostConfig.check(HostConfig.java:1586)
	at org.apache.catalina.startup.HostConfig.lifecycleEvent(HostConfig.java:280)
	at org.apache.catalina.util.LifecycleBase.fireLifecycleEvent(LifecycleBase.java:94)
	at org.apache.catalina.core.ContainerBase.backgroundProcess(ContainerBase.java:1164)
	at org.apache.catalina.core.ContainerBase$ContainerBackgroundProcessor.processChildren(ContainerBase.java:1388)
	at org.apache.catalina.core.ContainerBase$ContainerBackgroundProcessor.processChildren(ContainerBase.java:1392)
	at org.apache.catalina.core.ContainerBase$ContainerBackgroundProcessor.run(ContainerBase.java:1360)
	at java.lang.Thread.run(Thread.java:748)
Caused by: java.io.FileNotFoundException: C:\Users\N0200797\Desktop\GoForCode\BitBucket\abdoulaye-camara-individual-work\MyWebProjects\TipCalculatorMVC\target\spring-mvc-webapp\WEB-INF\lib\aspectjtools-1.8.7.jar (The system cannot find the path specified)
	at java.util.zip.ZipFile.open(Native Method)
	at java.util.zip.ZipFile.<init>(ZipFile.java:219)
	at java.util.zip.ZipFile.<init>(ZipFile.java:149)
	at java.util.jar.JarFile.<init>(JarFile.java:166)
	at java.util.jar.JarFile.<init>(JarFile.java:103)
	at org.apache.catalina.webresources.AbstractArchiveResourceSet.openJarFile(AbstractArchiveResourceSet.java:308)
	at org.apache.catalina.webresources.AbstractSingleArchiveResourceSet.getArchiveEntry(AbstractSingleArchiveResourceSet.java:93)
	... 24 more

22-Aug-2017 21:33:03.688 INFO [ContainerBackgroundProcessor[StandardEngine[Catalina]]] org.apache.catalina.core.ApplicationContext.log No Spring WebApplicationInitializer types detected on classpath
22-Aug-2017 21:33:03.708 INFO [ContainerBackgroundProcessor[StandardEngine[Catalina]]] org.apache.catalina.core.ApplicationContext.log Initializing Spring root WebApplicationContext
22-Aug-2017 21:33:05.794 INFO [http-nio-8080-exec-44] org.apache.catalina.core.ApplicationContext.log Closing Spring root WebApplicationContext
22-Aug-2017 21:33:07.449 INFO [http-nio-8080-exec-48] org.apache.catalina.core.ApplicationContext.log No Spring WebApplicationInitializer types detected on classpath
22-Aug-2017 21:33:07.479 INFO [http-nio-8080-exec-48] org.apache.catalina.core.ApplicationContext.log Initializing Spring root WebApplicationContext
22-Aug-2017 21:33:16.349 INFO [http-nio-8080-exec-51] org.apache.catalina.core.ApplicationContext.log Initializing Spring FrameworkServlet 'spring-dispatcher'
22-Aug-2017 21:44:38.328 INFO [http-nio-8080-exec-72] org.apache.catalina.core.ApplicationContext.log Destroying Spring FrameworkServlet 'spring-dispatcher'
22-Aug-2017 21:44:38.328 INFO [http-nio-8080-exec-72] org.apache.catalina.core.ApplicationContext.log Closing Spring root WebApplicationContext
22-Aug-2017 21:44:39.988 INFO [http-nio-8080-exec-74] org.apache.catalina.core.ApplicationContext.log No Spring WebApplicationInitializer types detected on classpath
22-Aug-2017 21:44:40.008 INFO [http-nio-8080-exec-74] org.apache.catalina.core.ApplicationContext.log Initializing Spring root WebApplicationContext
22-Aug-2017 21:44:48.291 INFO [http-nio-8080-exec-73] org.apache.catalina.core.ApplicationContext.log Initializing Spring FrameworkServlet 'spring-dispatcher'
22-Aug-2017 21:44:55.812 INFO [ContainerBackgroundProcessor[StandardEngine[Catalina]]] org.apache.catalina.core.ApplicationContext.log Destroying Spring FrameworkServlet 'spring-dispatcher'
22-Aug-2017 21:44:55.812 INFO [ContainerBackgroundProcessor[StandardEngine[Catalina]]] org.apache.catalina.core.ApplicationContext.log Closing Spring root WebApplicationContext
22-Aug-2017 21:44:56.832 INFO [ContainerBackgroundProcessor[StandardEngine[Catalina]]] org.apache.catalina.core.ApplicationContext.log No Spring WebApplicationInitializer types detected on classpath
22-Aug-2017 21:45:57.527 INFO [http-nio-8080-exec-79] org.apache.catalina.core.ApplicationContext.log No Spring WebApplicationInitializer types detected on classpath
22-Aug-2017 21:46:30.307 INFO [111] org.apache.catalina.core.ApplicationContext.log No Spring WebApplicationInitializer types detected on classpath
22-Aug-2017 21:46:48.310 INFO [ContainerBackgroundProcessor[StandardEngine[Catalina]]] org.apache.catalina.core.ApplicationContext.log No Spring WebApplicationInitializer types detected on classpath
22-Aug-2017 21:46:48.350 INFO [ContainerBackgroundProcessor[StandardEngine[Catalina]]] org.apache.catalina.core.ApplicationContext.log Initializing Spring root WebApplicationContext
22-Aug-2017 21:47:31.058 INFO [http-nio-8080-exec-92] org.apache.catalina.core.ApplicationContext.log Closing Spring root WebApplicationContext
22-Aug-2017 21:47:32.678 INFO [http-nio-8080-exec-91] org.apache.catalina.core.ApplicationContext.log No Spring WebApplicationInitializer types detected on classpath
22-Aug-2017 21:47:32.698 INFO [http-nio-8080-exec-91] org.apache.catalina.core.ApplicationContext.log Initializing Spring root WebApplicationContext
22-Aug-2017 21:47:40.378 INFO [http-nio-8080-exec-93] org.apache.catalina.core.ApplicationContext.log Initializing Spring FrameworkServlet 'spring-dispatcher'
22-Aug-2017 21:50:14.210 INFO [http-nio-8080-exec-105] org.apache.catalina.core.ApplicationContext.log Destroying Spring FrameworkServlet 'spring-dispatcher'
22-Aug-2017 21:50:14.220 INFO [http-nio-8080-exec-105] org.apache.catalina.core.ApplicationContext.log Closing Spring root WebApplicationContext
22-Aug-2017 21:50:15.820 INFO [http-nio-8080-exec-101] org.apache.catalina.core.ApplicationContext.log No Spring WebApplicationInitializer types detected on classpath
22-Aug-2017 21:50:15.841 INFO [http-nio-8080-exec-101] org.apache.catalina.core.ApplicationContext.log Initializing Spring root WebApplicationContext
22-Aug-2017 21:50:36.146 INFO [http-nio-8080-exec-98] org.apache.catalina.core.ApplicationContext.log Initializing Spring FrameworkServlet 'spring-dispatcher'
22-Aug-2017 22:01:06.634 INFO [http-nio-8080-exec-110] org.apache.catalina.core.ApplicationContext.log Destroying Spring FrameworkServlet 'spring-dispatcher'
22-Aug-2017 22:01:06.644 INFO [http-nio-8080-exec-110] org.apache.catalina.core.ApplicationContext.log Closing Spring root WebApplicationContext
22-Aug-2017 22:01:08.246 INFO [http-nio-8080-exec-112] org.apache.catalina.core.ApplicationContext.log No Spring WebApplicationInitializer types detected on classpath
22-Aug-2017 22:01:08.266 INFO [http-nio-8080-exec-112] org.apache.catalina.core.ApplicationContext.log Initializing Spring root WebApplicationContext
22-Aug-2017 22:01:41.152 INFO [http-nio-8080-exec-116] org.apache.catalina.core.ApplicationContext.log Initializing Spring FrameworkServlet 'spring-dispatcher'
22-Aug-2017 22:03:34.745 INFO [http-nio-8080-exec-125] org.apache.catalina.core.ApplicationContext.log Destroying Spring FrameworkServlet 'spring-dispatcher'
22-Aug-2017 22:03:34.745 INFO [http-nio-8080-exec-125] org.apache.catalina.core.ApplicationContext.log Closing Spring root WebApplicationContext
22-Aug-2017 22:03:36.283 INFO [http-nio-8080-exec-121] org.apache.catalina.core.ApplicationContext.log No Spring WebApplicationInitializer types detected on classpath
22-Aug-2017 22:03:36.323 INFO [http-nio-8080-exec-121] org.apache.catalina.core.ApplicationContext.log Initializing Spring root WebApplicationContext
22-Aug-2017 22:03:44.735 INFO [http-nio-8080-exec-123] org.apache.catalina.core.ApplicationContext.log Initializing Spring FrameworkServlet 'spring-dispatcher'
22-Aug-2017 22:03:50.992 INFO [ContainerBackgroundProcessor[StandardEngine[Catalina]]] org.apache.catalina.core.ApplicationContext.log Destroying Spring FrameworkServlet 'spring-dispatcher'
22-Aug-2017 22:03:51.002 INFO [ContainerBackgroundProcessor[StandardEngine[Catalina]]] org.apache.catalina.core.ApplicationContext.log Closing Spring root WebApplicationContext
22-Aug-2017 22:03:51.928 INFO [ContainerBackgroundProcessor[StandardEngine[Catalina]]] org.apache.catalina.core.ApplicationContext.log No Spring WebApplicationInitializer types detected on classpath
22-Aug-2017 22:18:31.232 INFO [localhost-startStop-3] org.apache.catalina.core.ApplicationContext.log SessionListener: contextDestroyed()
22-Aug-2017 22:18:31.232 INFO [localhost-startStop-3] org.apache.catalina.core.ApplicationContext.log ContextListener: contextDestroyed()
22-Aug-2017 22:18:31.242 INFO [localhost-startStop-3] org.apache.catalina.core.ApplicationContext.log Closing Spring root WebApplicationContext
