21-Aug-2017 16:40:09.303 INFO [http-nio-8080-exec-1] org.apache.catalina.core.ApplicationContext.log Manager: init: Associated with Deployer 'Catalina:type=Deployer,host=localhost'
21-Aug-2017 16:40:09.303 INFO [http-nio-8080-exec-1] org.apache.catalina.core.ApplicationContext.log Manager: init: Global resources are available
21-Aug-2017 16:40:09.303 INFO [http-nio-8080-exec-1] org.apache.catalina.core.ApplicationContext.log Manager: list: Listing contexts for virtual host 'localhost'
21-Aug-2017 16:40:09.303 INFO [http-nio-8080-exec-9] org.apache.catalina.core.ApplicationContext.log Manager: list: Listing contexts for virtual host 'localhost'
21-Aug-2017 16:40:09.334 INFO [http-nio-8080-exec-7] org.apache.catalina.core.ApplicationContext.log Manager: install: Installing context configuration at 'file:/C:/Users/N0200797/AppData/Local/Temp/context8332491969576835848.xml'
21-Aug-2017 16:40:09.381 INFO [http-nio-8080-exec-10] org.apache.catalina.core.ApplicationContext.log Manager: start: Starting web application '/FactorizorJSPServlet'
21-Aug-2017 16:40:50.744 INFO [http-nio-8080-exec-7] org.apache.catalina.core.ApplicationContext.log Manager: list: Listing contexts for virtual host 'localhost'
21-Aug-2017 16:40:50.759 INFO [http-nio-8080-exec-3] org.apache.catalina.core.ApplicationContext.log Manager: list: Listing contexts for virtual host 'localhost'
21-Aug-2017 16:40:50.775 INFO [http-nio-8080-exec-6] org.apache.catalina.core.ApplicationContext.log Manager: undeploy: Undeploying web application at '/FactorizorJSPServlet'
21-Aug-2017 16:40:51.368 INFO [http-nio-8080-exec-3] org.apache.catalina.core.ApplicationContext.log Manager: install: Installing context configuration at 'file:/C:/Users/N0200797/AppData/Local/Temp/context6464775892612936173.xml'
21-Aug-2017 16:40:51.415 INFO [http-nio-8080-exec-2] org.apache.catalina.core.ApplicationContext.log Manager: start: Starting web application '/FactorizorJSPServlet'
21-Aug-2017 16:45:45.738 INFO [http-nio-8080-exec-11] org.apache.catalina.core.ApplicationContext.log Manager: list: Listing contexts for virtual host 'localhost'
21-Aug-2017 16:45:45.738 INFO [http-nio-8080-exec-16] org.apache.catalina.core.ApplicationContext.log Manager: list: Listing contexts for virtual host 'localhost'
21-Aug-2017 16:45:45.754 INFO [http-nio-8080-exec-17] org.apache.catalina.core.ApplicationContext.log Manager: undeploy: Undeploying web application at '/FactorizorJSPServlet'
21-Aug-2017 16:45:46.262 INFO [http-nio-8080-exec-14] org.apache.catalina.core.ApplicationContext.log Manager: install: Installing context configuration at 'file:/C:/Users/N0200797/AppData/Local/Temp/context8404321479756265615.xml'
21-Aug-2017 16:45:46.305 INFO [http-nio-8080-exec-18] org.apache.catalina.core.ApplicationContext.log Manager: start: Starting web application '/FactorizorJSPServlet'
21-Aug-2017 16:54:28.678 INFO [http-nio-8080-exec-22] org.apache.catalina.core.ApplicationContext.log Manager: list: Listing contexts for virtual host 'localhost'
21-Aug-2017 16:54:28.808 INFO [http-nio-8080-exec-23] org.apache.catalina.core.ApplicationContext.log Manager: restart: Reloading web application '/FactorizorJSPServlet'
21-Aug-2017 16:55:07.790 INFO [http-nio-8080-exec-29] org.apache.catalina.core.ApplicationContext.log Manager: list: Listing contexts for virtual host 'localhost'
21-Aug-2017 16:55:07.805 INFO [http-nio-8080-exec-21] org.apache.catalina.core.ApplicationContext.log Manager: restart: Reloading web application '/FactorizorJSPServlet'
21-Aug-2017 16:56:03.059 INFO [http-nio-8080-exec-33] org.apache.catalina.core.ApplicationContext.log Manager: list: Listing contexts for virtual host 'localhost'
21-Aug-2017 16:56:03.074 INFO [http-nio-8080-exec-28] org.apache.catalina.core.ApplicationContext.log Manager: restart: Reloading web application '/FactorizorJSPServlet'
21-Aug-2017 16:57:01.656 INFO [http-nio-8080-exec-21] org.apache.catalina.core.ApplicationContext.log Manager: list: Listing contexts for virtual host 'localhost'
21-Aug-2017 16:57:01.687 INFO [http-nio-8080-exec-29] org.apache.catalina.core.ApplicationContext.log Manager: restart: Reloading web application '/FactorizorJSPServlet'
21-Aug-2017 16:59:07.786 INFO [http-nio-8080-exec-35] org.apache.catalina.core.ApplicationContext.log Manager: list: Listing contexts for virtual host 'localhost'
21-Aug-2017 16:59:14.857 INFO [http-nio-8080-exec-37] org.apache.catalina.core.ApplicationContext.log Manager: list: Listing contexts for virtual host 'localhost'
21-Aug-2017 16:59:14.857 INFO [http-nio-8080-exec-33] org.apache.catalina.core.ApplicationContext.log Manager: undeploy: Undeploying web application at '/FactorizorJSPServlet'
21-Aug-2017 16:59:15.263 INFO [http-nio-8080-exec-38] org.apache.catalina.core.ApplicationContext.log Manager: list: Listing contexts for virtual host 'localhost'
21-Aug-2017 16:59:15.388 INFO [http-nio-8080-exec-31] org.apache.catalina.core.ApplicationContext.log Manager: restart: Reloading web application '/FactorizorJSPServlet'
21-Aug-2017 16:59:23.305 INFO [http-nio-8080-exec-39] org.apache.catalina.core.ApplicationContext.log Manager: list: Listing contexts for virtual host 'localhost'
21-Aug-2017 16:59:23.320 INFO [http-nio-8080-exec-21] org.apache.catalina.core.ApplicationContext.log Manager: list: Listing contexts for virtual host 'localhost'
21-Aug-2017 16:59:23.336 INFO [http-nio-8080-exec-35] org.apache.catalina.core.ApplicationContext.log Manager: install: Installing context configuration at 'file:/C:/Users/N0200797/AppData/Local/Temp/context6401231176187572951.xml'
21-Aug-2017 16:59:23.383 INFO [http-nio-8080-exec-39] org.apache.catalina.core.ApplicationContext.log Manager: start: Starting web application '/FactorizorJSPServlet'
21-Aug-2017 19:34:31.757 INFO [http-nio-8080-exec-4] org.apache.catalina.core.ApplicationContext.log Manager: init: Associated with Deployer 'Catalina:type=Deployer,host=localhost'
21-Aug-2017 19:34:31.757 INFO [http-nio-8080-exec-4] org.apache.catalina.core.ApplicationContext.log Manager: init: Global resources are available
21-Aug-2017 19:34:31.819 INFO [http-nio-8080-exec-7] org.apache.catalina.core.ApplicationContext.log Manager: list: Listing contexts for virtual host 'localhost'
21-Aug-2017 19:34:31.819 INFO [http-nio-8080-exec-8] org.apache.catalina.core.ApplicationContext.log Manager: list: Listing contexts for virtual host 'localhost'
21-Aug-2017 19:34:31.835 INFO [http-nio-8080-exec-9] org.apache.catalina.core.ApplicationContext.log Manager: undeploy: Undeploying web application at '/FactorizorJSPServlet'
21-Aug-2017 19:34:32.413 INFO [http-nio-8080-exec-6] org.apache.catalina.core.ApplicationContext.log Manager: install: Installing context configuration at 'file:/C:/Users/N0200797/AppData/Local/Temp/context726285818878121639.xml'
21-Aug-2017 19:34:32.476 INFO [http-nio-8080-exec-7] org.apache.catalina.core.ApplicationContext.log Manager: start: Starting web application '/FactorizorJSPServlet'
21-Aug-2017 19:37:38.069 INFO [http-nio-8080-exec-11] org.apache.catalina.core.ApplicationContext.log Manager: list: Listing contexts for virtual host 'localhost'
21-Aug-2017 19:37:38.132 INFO [http-nio-8080-exec-12] org.apache.catalina.core.ApplicationContext.log Manager: restart: Reloading web application '/FactorizorJSPServlet'
21-Aug-2017 19:53:24.920 INFO [http-nio-8080-exec-22] org.apache.catalina.core.ApplicationContext.log Manager: list: Listing contexts for virtual host 'localhost'
21-Aug-2017 19:53:24.951 INFO [http-nio-8080-exec-23] org.apache.catalina.core.ApplicationContext.log Manager: restart: Reloading web application '/FactorizorJSPServlet'
21-Aug-2017 19:53:58.461 INFO [http-nio-8080-exec-29] org.apache.catalina.core.ApplicationContext.log Manager: list: Listing contexts for virtual host 'localhost'
21-Aug-2017 19:54:12.891 INFO [http-nio-8080-exec-33] org.apache.catalina.core.ApplicationContext.log Manager: list: Listing contexts for virtual host 'localhost'
21-Aug-2017 19:55:36.018 INFO [http-nio-8080-exec-29] org.apache.catalina.core.ApplicationContext.log Manager: list: Listing contexts for virtual host 'localhost'
21-Aug-2017 20:00:52.580 INFO [http-nio-8080-exec-35] org.apache.catalina.core.ApplicationContext.log Manager: list: Listing contexts for virtual host 'localhost'
21-Aug-2017 20:00:52.580 INFO [http-nio-8080-exec-32] org.apache.catalina.core.ApplicationContext.log Manager: list: Listing contexts for virtual host 'localhost'
21-Aug-2017 20:00:52.595 INFO [http-nio-8080-exec-37] org.apache.catalina.core.ApplicationContext.log Manager: undeploy: Undeploying web application at '/FactorizorJSPServlet'
21-Aug-2017 20:00:53.141 INFO [http-nio-8080-exec-33] org.apache.catalina.core.ApplicationContext.log Manager: install: Installing context configuration at 'file:/C:/Users/N0200797/AppData/Local/Temp/context1059310381491115320.xml'
21-Aug-2017 20:00:53.188 INFO [http-nio-8080-exec-39] org.apache.catalina.core.ApplicationContext.log Manager: start: Starting web application '/FactorizorJSPServlet'
21-Aug-2017 20:01:16.565 INFO [http-nio-8080-exec-31] org.apache.catalina.core.ApplicationContext.log Manager: list: Listing contexts for virtual host 'localhost'
21-Aug-2017 20:01:16.580 INFO [http-nio-8080-exec-42] org.apache.catalina.core.ApplicationContext.log Manager: undeploy: Undeploying web application at '/FactorizorJSPServlet'
21-Aug-2017 20:01:27.246 INFO [http-nio-8080-exec-44] org.apache.catalina.core.ApplicationContext.log Manager: list: Listing contexts for virtual host 'localhost'
21-Aug-2017 20:01:46.379 INFO [http-nio-8080-exec-45] org.apache.catalina.core.ApplicationContext.log Manager: list: Listing contexts for virtual host 'localhost'
21-Aug-2017 20:01:46.379 INFO [http-nio-8080-exec-35] org.apache.catalina.core.ApplicationContext.log Manager: list: Listing contexts for virtual host 'localhost'
21-Aug-2017 20:01:46.394 INFO [http-nio-8080-exec-42] org.apache.catalina.core.ApplicationContext.log Manager: install: Installing context configuration at 'file:/C:/Users/N0200797/AppData/Local/Temp/context1841246695229647143.xml'
21-Aug-2017 20:01:46.597 INFO [http-nio-8080-exec-34] org.apache.catalina.core.ApplicationContext.log Manager: start: Starting web application '/FactorizorJSPServlet'
21-Aug-2017 21:26:19.442 INFO [http-nio-8080-exec-50] org.apache.catalina.core.ApplicationContext.log Manager: list: Listing contexts for virtual host 'localhost'
21-Aug-2017 21:26:19.457 INFO [http-nio-8080-exec-48] org.apache.catalina.core.ApplicationContext.log Manager: list: Listing contexts for virtual host 'localhost'
21-Aug-2017 21:26:19.473 INFO [http-nio-8080-exec-52] org.apache.catalina.core.ApplicationContext.log Manager: install: Installing context configuration at 'file:/C:/Users/N0200797/AppData/Local/Temp/context5073201680654916087.xml'
21-Aug-2017 21:26:19.520 INFO [http-nio-8080-exec-51] org.apache.catalina.core.ApplicationContext.log Manager: start: Starting web application '/FlooringCalculatorJSPServlet'
21-Aug-2017 21:26:38.467 INFO [http-nio-8080-exec-46] org.apache.catalina.core.ApplicationContext.log Manager: list: Listing contexts for virtual host 'localhost'
21-Aug-2017 21:26:38.477 INFO [http-nio-8080-exec-47] org.apache.catalina.core.ApplicationContext.log Manager: list: Listing contexts for virtual host 'localhost'
21-Aug-2017 21:26:38.497 INFO [http-nio-8080-exec-53] org.apache.catalina.core.ApplicationContext.log Manager: undeploy: Undeploying web application at '/FlooringCalculatorJSPServlet'
21-Aug-2017 21:26:39.050 INFO [http-nio-8080-exec-47] org.apache.catalina.core.ApplicationContext.log Manager: install: Installing context configuration at 'file:/C:/Users/N0200797/AppData/Local/Temp/context4693890136174040455.xml'
21-Aug-2017 21:26:39.090 INFO [http-nio-8080-exec-51] org.apache.catalina.core.ApplicationContext.log Manager: start: Starting web application '/FlooringCalculatorJSPServlet'
21-Aug-2017 21:28:45.372 INFO [http-nio-8080-exec-44] org.apache.catalina.core.ApplicationContext.log Manager: list: Listing contexts for virtual host 'localhost'
21-Aug-2017 21:28:47.781 INFO [http-nio-8080-exec-61] org.apache.catalina.core.ApplicationContext.log Manager: list: Listing contexts for virtual host 'localhost'
21-Aug-2017 21:28:47.781 INFO [http-nio-8080-exec-54] org.apache.catalina.core.ApplicationContext.log Manager: list: Listing contexts for virtual host 'localhost'
21-Aug-2017 21:28:47.796 INFO [http-nio-8080-exec-55] org.apache.catalina.core.ApplicationContext.log Manager: undeploy: Undeploying web application at '/FlooringCalculatorJSPServlet'
21-Aug-2017 21:28:48.342 INFO [http-nio-8080-exec-56] org.apache.catalina.core.ApplicationContext.log Manager: install: Installing context configuration at 'file:/C:/Users/N0200797/AppData/Local/Temp/context3377118547269334842.xml'
21-Aug-2017 21:28:48.397 INFO [http-nio-8080-exec-44] org.apache.catalina.core.ApplicationContext.log Manager: start: Starting web application '/FlooringCalculatorJSPServlet'
21-Aug-2017 21:30:06.686 INFO [http-nio-8080-exec-60] org.apache.catalina.core.ApplicationContext.log Manager: list: Listing contexts for virtual host 'localhost'
21-Aug-2017 21:30:06.686 INFO [http-nio-8080-exec-66] org.apache.catalina.core.ApplicationContext.log Manager: list: Listing contexts for virtual host 'localhost'
21-Aug-2017 21:30:06.702 INFO [http-nio-8080-exec-69] org.apache.catalina.core.ApplicationContext.log Manager: undeploy: Undeploying web application at '/FactorizorJSPServlet'
21-Aug-2017 21:30:07.216 INFO [http-nio-8080-exec-67] org.apache.catalina.core.ApplicationContext.log Manager: install: Installing context configuration at 'file:/C:/Users/N0200797/AppData/Local/Temp/context5559676491652501705.xml'
21-Aug-2017 21:30:07.426 INFO [http-nio-8080-exec-63] org.apache.catalina.core.ApplicationContext.log Manager: start: Starting web application '/FactorizorJSPServlet'
21-Aug-2017 21:30:36.640 INFO [http-nio-8080-exec-69] org.apache.catalina.core.ApplicationContext.log Manager: list: Listing contexts for virtual host 'localhost'
21-Aug-2017 21:30:39.139 INFO [http-nio-8080-exec-75] org.apache.catalina.core.ApplicationContext.log Manager: list: Listing contexts for virtual host 'localhost'
21-Aug-2017 21:30:39.139 INFO [http-nio-8080-exec-76] org.apache.catalina.core.ApplicationContext.log Manager: list: Listing contexts for virtual host 'localhost'
21-Aug-2017 21:30:39.155 INFO [http-nio-8080-exec-74] org.apache.catalina.core.ApplicationContext.log Manager: undeploy: Undeploying web application at '/FlooringCalculatorJSPServlet'
21-Aug-2017 21:30:39.677 INFO [http-nio-8080-exec-75] org.apache.catalina.core.ApplicationContext.log Manager: install: Installing context configuration at 'file:/C:/Users/N0200797/AppData/Local/Temp/context4630689385724084580.xml'
21-Aug-2017 21:30:39.720 INFO [http-nio-8080-exec-67] org.apache.catalina.core.ApplicationContext.log Manager: start: Starting web application '/FlooringCalculatorJSPServlet'
21-Aug-2017 21:31:18.531 INFO [http-nio-8080-exec-73] org.apache.catalina.core.ApplicationContext.log Manager: list: Listing contexts for virtual host 'localhost'
21-Aug-2017 21:31:26.172 INFO [http-nio-8080-exec-78] org.apache.catalina.core.ApplicationContext.log Manager: list: Listing contexts for virtual host 'localhost'
21-Aug-2017 21:31:26.172 INFO [http-nio-8080-exec-77] org.apache.catalina.core.ApplicationContext.log Manager: list: Listing contexts for virtual host 'localhost'
21-Aug-2017 21:31:26.187 INFO [http-nio-8080-exec-75] org.apache.catalina.core.ApplicationContext.log Manager: undeploy: Undeploying web application at '/FlooringCalculatorJSPServlet'
21-Aug-2017 21:31:26.719 INFO [http-nio-8080-exec-78] org.apache.catalina.core.ApplicationContext.log Manager: install: Installing context configuration at 'file:/C:/Users/N0200797/AppData/Local/Temp/context1749774951776988700.xml'
21-Aug-2017 21:31:26.766 INFO [http-nio-8080-exec-63] org.apache.catalina.core.ApplicationContext.log Manager: start: Starting web application '/FlooringCalculatorJSPServlet'
21-Aug-2017 21:36:55.510 INFO [http-nio-8080-exec-83] org.apache.catalina.core.ApplicationContext.log Manager: list: Listing contexts for virtual host 'localhost'
21-Aug-2017 21:36:55.541 INFO [http-nio-8080-exec-85] org.apache.catalina.core.ApplicationContext.log Manager: restart: Reloading web application '/FlooringCalculatorJSPServlet'
21-Aug-2017 21:37:07.993 INFO [http-nio-8080-exec-90] org.apache.catalina.core.ApplicationContext.log Manager: list: Listing contexts for virtual host 'localhost'
21-Aug-2017 21:37:08.008 INFO [http-nio-8080-exec-83] org.apache.catalina.core.ApplicationContext.log Manager: undeploy: Undeploying web application at '/FactorizorJSPServlet'
21-Aug-2017 21:37:08.242 INFO [http-nio-8080-exec-86] org.apache.catalina.core.ApplicationContext.log Manager: list: Listing contexts for virtual host 'localhost'
21-Aug-2017 21:47:14.203 INFO [http-nio-8080-exec-101] org.apache.catalina.core.ApplicationContext.log Manager: list: Listing contexts for virtual host 'localhost'
21-Aug-2017 21:55:42.752 INFO [http-nio-8080-exec-97] org.apache.catalina.core.ApplicationContext.log Manager: list: Listing contexts for virtual host 'localhost'
21-Aug-2017 21:55:42.767 INFO [http-nio-8080-exec-98] org.apache.catalina.core.ApplicationContext.log Manager: restart: Reloading web application '/FlooringCalculatorJSPServlet'
21-Aug-2017 21:56:31.752 INFO [http-nio-8080-exec-95] org.apache.catalina.core.ApplicationContext.log Manager: list: Listing contexts for virtual host 'localhost'
21-Aug-2017 21:56:31.783 INFO [http-nio-8080-exec-103] org.apache.catalina.core.ApplicationContext.log Manager: restart: Reloading web application '/FlooringCalculatorJSPServlet'
21-Aug-2017 22:00:11.315 INFO [http-nio-8080-exec-105] org.apache.catalina.core.ApplicationContext.log Manager: list: Listing contexts for virtual host 'localhost'
21-Aug-2017 22:00:11.330 INFO [http-nio-8080-exec-93] org.apache.catalina.core.ApplicationContext.log Manager: list: Listing contexts for virtual host 'localhost'
21-Aug-2017 22:00:11.330 INFO [http-nio-8080-exec-101] org.apache.catalina.core.ApplicationContext.log Manager: undeploy: Undeploying web application at '/FlooringCalculatorJSPServlet'
21-Aug-2017 22:00:11.720 INFO [http-nio-8080-exec-94] org.apache.catalina.core.ApplicationContext.log Manager: list: Listing contexts for virtual host 'localhost'
21-Aug-2017 22:00:11.862 INFO [http-nio-8080-exec-106] org.apache.catalina.core.ApplicationContext.log Manager: install: Installing context configuration at 'file:/C:/Users/N0200797/AppData/Local/Temp/context8009220589958409664.xml'
21-Aug-2017 22:00:11.924 INFO [http-nio-8080-exec-107] org.apache.catalina.core.ApplicationContext.log Manager: start: Starting web application '/FlooringCalculatorJSPServlet'
21-Aug-2017 22:02:04.702 INFO [http-nio-8080-exec-108] org.apache.catalina.core.ApplicationContext.log Manager: list: Listing contexts for virtual host 'localhost'
21-Aug-2017 22:02:04.718 INFO [http-nio-8080-exec-109] org.apache.catalina.core.ApplicationContext.log Manager: restart: Reloading web application '/FlooringCalculatorJSPServlet'
21-Aug-2017 22:04:12.082 INFO [http-nio-8080-exec-116] org.apache.catalina.core.ApplicationContext.log Manager: list: Listing contexts for virtual host 'localhost'
21-Aug-2017 22:04:12.114 INFO [http-nio-8080-exec-118] org.apache.catalina.core.ApplicationContext.log Manager: restart: Reloading web application '/FlooringCalculatorJSPServlet'
21-Aug-2017 22:09:30.401 INFO [http-nio-8080-exec-111] org.apache.catalina.core.ApplicationContext.log Manager: list: Listing contexts for virtual host 'localhost'
21-Aug-2017 22:09:30.424 INFO [http-nio-8080-exec-119] org.apache.catalina.core.ApplicationContext.log Manager: restart: Reloading web application '/FlooringCalculatorJSPServlet'
21-Aug-2017 22:10:01.164 INFO [http-nio-8080-exec-116] org.apache.catalina.core.ApplicationContext.log Manager: list: Listing contexts for virtual host 'localhost'
21-Aug-2017 22:10:01.186 INFO [http-nio-8080-exec-124] org.apache.catalina.core.ApplicationContext.log Manager: restart: Reloading web application '/FlooringCalculatorJSPServlet'
21-Aug-2017 22:10:13.631 INFO [http-nio-8080-exec-118] org.apache.catalina.core.ApplicationContext.log Manager: list: Listing contexts for virtual host 'localhost'
21-Aug-2017 22:10:13.655 INFO [http-nio-8080-exec-126] org.apache.catalina.core.ApplicationContext.log Manager: restart: Reloading web application '/FlooringCalculatorJSPServlet'
21-Aug-2017 22:11:09.019 INFO [http-nio-8080-exec-127] org.apache.catalina.core.ApplicationContext.log Manager: list: Listing contexts for virtual host 'localhost'
21-Aug-2017 22:11:09.043 INFO [http-nio-8080-exec-124] org.apache.catalina.core.ApplicationContext.log Manager: restart: Reloading web application '/FlooringCalculatorJSPServlet'
21-Aug-2017 22:11:26.906 INFO [http-nio-8080-exec-128] org.apache.catalina.core.ApplicationContext.log Manager: list: Listing contexts for virtual host 'localhost'
21-Aug-2017 22:11:26.935 INFO [http-nio-8080-exec-127] org.apache.catalina.core.ApplicationContext.log Manager: restart: Reloading web application '/FlooringCalculatorJSPServlet'
21-Aug-2017 22:11:31.404 INFO [http-nio-8080-exec-123] org.apache.catalina.core.ApplicationContext.log Manager: list: Listing contexts for virtual host 'localhost'
21-Aug-2017 22:11:31.428 INFO [http-nio-8080-exec-111] org.apache.catalina.core.ApplicationContext.log Manager: restart: Reloading web application '/FlooringCalculatorJSPServlet'
21-Aug-2017 22:11:37.965 INFO [http-nio-8080-exec-125] org.apache.catalina.core.ApplicationContext.log Manager: list: Listing contexts for virtual host 'localhost'
21-Aug-2017 22:11:37.994 INFO [http-nio-8080-exec-130] org.apache.catalina.core.ApplicationContext.log Manager: restart: Reloading web application '/FlooringCalculatorJSPServlet'
21-Aug-2017 22:13:04.457 INFO [http-nio-8080-exec-118] org.apache.catalina.core.ApplicationContext.log Manager: list: Listing contexts for virtual host 'localhost'
21-Aug-2017 22:13:04.481 INFO [http-nio-8080-exec-129] org.apache.catalina.core.ApplicationContext.log Manager: restart: Reloading web application '/FlooringCalculatorJSPServlet'
21-Aug-2017 22:13:18.134 INFO [http-nio-8080-exec-125] org.apache.catalina.core.ApplicationContext.log Manager: list: Listing contexts for virtual host 'localhost'
21-Aug-2017 22:13:18.156 INFO [http-nio-8080-exec-128] org.apache.catalina.core.ApplicationContext.log Manager: restart: Reloading web application '/FlooringCalculatorJSPServlet'
21-Aug-2017 22:15:42.995 INFO [http-nio-8080-exec-134] org.apache.catalina.core.ApplicationContext.log Manager: list: Listing contexts for virtual host 'localhost'
21-Aug-2017 22:15:43.020 INFO [http-nio-8080-exec-129] org.apache.catalina.core.ApplicationContext.log Manager: restart: Reloading web application '/FlooringCalculatorJSPServlet'
21-Aug-2017 22:16:40.237 INFO [http-nio-8080-exec-137] org.apache.catalina.core.ApplicationContext.log Manager: list: Listing contexts for virtual host 'localhost'
21-Aug-2017 22:22:01.678 INFO [http-nio-8080-exec-137] org.apache.catalina.core.ApplicationContext.log Manager: list: Listing contexts for virtual host 'localhost'
21-Aug-2017 22:25:28.983 INFO [http-nio-8080-exec-143] org.apache.catalina.core.ApplicationContext.log Manager: list: Listing contexts for virtual host 'localhost'
21-Aug-2017 22:25:29.013 INFO [http-nio-8080-exec-142] org.apache.catalina.core.ApplicationContext.log Manager: restart: Reloading web application '/FlooringCalculatorJSPServlet'
21-Aug-2017 22:25:40.060 INFO [http-nio-8080-exec-139] org.apache.catalina.core.ApplicationContext.log Manager: list: Listing contexts for virtual host 'localhost'
21-Aug-2017 22:25:40.087 INFO [http-nio-8080-exec-148] org.apache.catalina.core.ApplicationContext.log Manager: restart: Reloading web application '/FlooringCalculatorJSPServlet'
21-Aug-2017 22:26:14.608 INFO [http-nio-8080-exec-149] org.apache.catalina.core.ApplicationContext.log Manager: list: Listing contexts for virtual host 'localhost'
21-Aug-2017 22:26:14.633 INFO [http-nio-8080-exec-143] org.apache.catalina.core.ApplicationContext.log Manager: restart: Reloading web application '/FlooringCalculatorJSPServlet'
21-Aug-2017 22:34:55.323 INFO [http-nio-8080-exec-150] org.apache.catalina.core.ApplicationContext.log Manager: list: Listing contexts for virtual host 'localhost'
21-Aug-2017 22:55:19.006 INFO [http-nio-8080-exec-159] org.apache.catalina.core.ApplicationContext.log Manager: list: Listing contexts for virtual host 'localhost'
21-Aug-2017 22:55:19.009 INFO [http-nio-8080-exec-156] org.apache.catalina.core.ApplicationContext.log Manager: list: Listing contexts for virtual host 'localhost'
21-Aug-2017 22:55:19.021 INFO [http-nio-8080-exec-151] org.apache.catalina.core.ApplicationContext.log Manager: undeploy: Undeploying web application at '/FlooringCalculatorJSPServlet'
21-Aug-2017 22:55:19.578 INFO [http-nio-8080-exec-159] org.apache.catalina.core.ApplicationContext.log Manager: install: Installing context configuration at 'file:/C:/Users/N0200797/AppData/Local/Temp/context4793877299215802125.xml'
21-Aug-2017 22:55:19.608 INFO [http-nio-8080-exec-152] org.apache.catalina.core.ApplicationContext.log Manager: start: Starting web application '/FlooringCalculatorJSPServlet'
