23-Aug-2017 08:55:20.691 INFO [http-nio-8080-exec-7] org.apache.catalina.core.ApplicationContext.log Manager: init: Associated with Deployer 'Catalina:type=Deployer,host=localhost'
23-Aug-2017 08:55:20.691 INFO [http-nio-8080-exec-7] org.apache.catalina.core.ApplicationContext.log Manager: init: Global resources are available
23-Aug-2017 08:55:20.753 INFO [http-nio-8080-exec-3] org.apache.catalina.core.ApplicationContext.log Manager: list: Listing contexts for virtual host 'localhost'
23-Aug-2017 08:55:20.753 INFO [http-nio-8080-exec-2] org.apache.catalina.core.ApplicationContext.log Manager: list: Listing contexts for virtual host 'localhost'
23-Aug-2017 08:55:20.785 INFO [http-nio-8080-exec-1] org.apache.catalina.core.ApplicationContext.log Manager: undeploy: Undeploying web application at '/TipCalculatorMVC'
23-Aug-2017 08:55:21.335 INFO [http-nio-8080-exec-4] org.apache.catalina.core.ApplicationContext.log Manager: install: Installing context configuration at 'file:/C:/Users/N0200797/AppData/Local/Temp/context3652355999631388182.xml'
23-Aug-2017 08:55:22.553 INFO [http-nio-8080-exec-8] org.apache.catalina.core.ApplicationContext.log Manager: start: Starting web application '/TipCalculatorMVC'
23-Aug-2017 10:32:37.490 INFO [http-nio-8080-exec-14] org.apache.catalina.core.ApplicationContext.log Manager: list: Listing contexts for virtual host 'localhost'
23-Aug-2017 10:32:37.521 INFO [http-nio-8080-exec-15] org.apache.catalina.core.ApplicationContext.log Manager: list: Listing contexts for virtual host 'localhost'
23-Aug-2017 10:32:37.568 INFO [http-nio-8080-exec-18] org.apache.catalina.core.ApplicationContext.log Manager: install: Installing context configuration at 'file:/C:/Users/N0200797/AppData/Local/Temp/context3125408271304953070.xml'
23-Aug-2017 10:32:40.766 INFO [http-nio-8080-exec-20] org.apache.catalina.core.ApplicationContext.log Manager: start: Starting web application '/ContactListMVC'
23-Aug-2017 10:33:11.548 INFO [http-nio-8080-exec-20] org.apache.catalina.core.ApplicationContext.log Manager: list: Listing contexts for virtual host 'localhost'
23-Aug-2017 10:33:11.563 INFO [http-nio-8080-exec-13] org.apache.catalina.core.ApplicationContext.log Manager: list: Listing contexts for virtual host 'localhost'
23-Aug-2017 10:33:11.579 INFO [http-nio-8080-exec-12] org.apache.catalina.core.ApplicationContext.log Manager: undeploy: Undeploying web application at '/ContactListMVC'
23-Aug-2017 10:33:12.172 INFO [http-nio-8080-exec-11] org.apache.catalina.core.ApplicationContext.log Manager: install: Installing context configuration at 'file:/C:/Users/N0200797/AppData/Local/Temp/context3129931932359191897.xml'
23-Aug-2017 10:33:14.746 INFO [http-nio-8080-exec-13] org.apache.catalina.core.ApplicationContext.log Manager: start: Starting web application '/ContactListMVC'
23-Aug-2017 10:37:27.130 INFO [http-nio-8080-exec-25] org.apache.catalina.core.ApplicationContext.log Manager: list: Listing contexts for virtual host 'localhost'
23-Aug-2017 10:37:28.758 INFO [http-nio-8080-exec-22] org.apache.catalina.core.ApplicationContext.log Manager: list: Listing contexts for virtual host 'localhost'
23-Aug-2017 10:37:28.758 INFO [http-nio-8080-exec-29] org.apache.catalina.core.ApplicationContext.log Manager: list: Listing contexts for virtual host 'localhost'
23-Aug-2017 10:37:28.805 INFO [http-nio-8080-exec-26] org.apache.catalina.core.ApplicationContext.log Manager: undeploy: Undeploying web application at '/ContactListMVC'
23-Aug-2017 10:37:29.398 INFO [http-nio-8080-exec-29] org.apache.catalina.core.ApplicationContext.log Manager: install: Installing context configuration at 'file:/C:/Users/N0200797/AppData/Local/Temp/context5637284355486227007.xml'
23-Aug-2017 10:37:32.315 INFO [http-nio-8080-exec-25] org.apache.catalina.core.ApplicationContext.log Manager: start: Starting web application '/ContactListMVC'
23-Aug-2017 10:37:49.146 INFO [http-nio-8080-exec-31] org.apache.catalina.core.ApplicationContext.log Manager: list: Listing contexts for virtual host 'localhost'
23-Aug-2017 10:37:51.141 INFO [http-nio-8080-exec-30] org.apache.catalina.core.ApplicationContext.log Manager: list: Listing contexts for virtual host 'localhost'
23-Aug-2017 10:37:51.153 INFO [http-nio-8080-exec-31] org.apache.catalina.core.ApplicationContext.log Manager: list: Listing contexts for virtual host 'localhost'
23-Aug-2017 10:37:51.183 INFO [http-nio-8080-exec-34] org.apache.catalina.core.ApplicationContext.log Manager: undeploy: Undeploying web application at '/ContactListMVC'
23-Aug-2017 10:37:51.759 INFO [http-nio-8080-exec-30] org.apache.catalina.core.ApplicationContext.log Manager: install: Installing context configuration at 'file:/C:/Users/N0200797/AppData/Local/Temp/context8573259071865521906.xml'
23-Aug-2017 10:37:54.297 INFO [http-nio-8080-exec-25] org.apache.catalina.core.ApplicationContext.log Manager: start: Starting web application '/ContactListMVC'
23-Aug-2017 10:38:06.787 INFO [http-nio-8080-exec-31] org.apache.catalina.core.ApplicationContext.log Manager: list: Listing contexts for virtual host 'localhost'
23-Aug-2017 10:38:18.697 INFO [http-nio-8080-exec-37] org.apache.catalina.core.ApplicationContext.log Manager: list: Listing contexts for virtual host 'localhost'
23-Aug-2017 10:38:24.797 INFO [http-nio-8080-exec-39] org.apache.catalina.core.ApplicationContext.log Manager: list: Listing contexts for virtual host 'localhost'
23-Aug-2017 10:38:24.806 INFO [http-nio-8080-exec-41] org.apache.catalina.core.ApplicationContext.log Manager: list: Listing contexts for virtual host 'localhost'
23-Aug-2017 10:38:24.816 INFO [http-nio-8080-exec-25] org.apache.catalina.core.ApplicationContext.log Manager: undeploy: Undeploying web application at '/ContactListMVC'
23-Aug-2017 10:38:25.348 INFO [http-nio-8080-exec-44] org.apache.catalina.core.ApplicationContext.log Manager: install: Installing context configuration at 'file:/C:/Users/N0200797/AppData/Local/Temp/context4465400613228246620.xml'
23-Aug-2017 10:38:27.848 INFO [http-nio-8080-exec-31] org.apache.catalina.core.ApplicationContext.log Manager: start: Starting web application '/ContactListMVC'
23-Aug-2017 10:38:33.324 INFO [http-nio-8080-exec-46] org.apache.catalina.core.ApplicationContext.log Manager: list: Listing contexts for virtual host 'localhost'
23-Aug-2017 10:38:33.331 INFO [http-nio-8080-exec-47] org.apache.catalina.core.ApplicationContext.log Manager: undeploy: Undeploying web application at '/ContactListMVC'
23-Aug-2017 10:38:53.882 INFO [http-nio-8080-exec-38] org.apache.catalina.core.ApplicationContext.log Manager: list: Listing contexts for virtual host 'localhost'
23-Aug-2017 10:39:03.707 INFO [http-nio-8080-exec-45] org.apache.catalina.core.ApplicationContext.log Manager: list: Listing contexts for virtual host 'localhost'
23-Aug-2017 10:39:05.643 INFO [http-nio-8080-exec-53] org.apache.catalina.core.ApplicationContext.log Manager: list: Listing contexts for virtual host 'localhost'
23-Aug-2017 10:39:05.648 INFO [http-nio-8080-exec-45] org.apache.catalina.core.ApplicationContext.log Manager: list: Listing contexts for virtual host 'localhost'
23-Aug-2017 10:39:05.672 INFO [http-nio-8080-exec-48] org.apache.catalina.core.ApplicationContext.log Manager: install: Installing context configuration at 'file:/C:/Users/N0200797/AppData/Local/Temp/context5548751284735420665.xml'
23-Aug-2017 10:39:08.345 INFO [http-nio-8080-exec-45] org.apache.catalina.core.ApplicationContext.log Manager: start: Starting web application '/ContactListMVC'
23-Aug-2017 10:39:27.837 INFO [http-nio-8080-exec-50] org.apache.catalina.core.ApplicationContext.log Manager: list: Listing contexts for virtual host 'localhost'
23-Aug-2017 10:39:40.054 INFO [http-nio-8080-exec-55] org.apache.catalina.core.ApplicationContext.log Manager: list: Listing contexts for virtual host 'localhost'
23-Aug-2017 10:39:48.275 INFO [http-nio-8080-exec-56] org.apache.catalina.core.ApplicationContext.log Manager: list: Listing contexts for virtual host 'localhost'
23-Aug-2017 10:39:48.291 INFO [http-nio-8080-exec-54] org.apache.catalina.core.ApplicationContext.log Manager: list: Listing contexts for virtual host 'localhost'
23-Aug-2017 10:39:48.322 INFO [http-nio-8080-exec-57] org.apache.catalina.core.ApplicationContext.log Manager: undeploy: Undeploying web application at '/ContactListMVC'
23-Aug-2017 10:39:48.899 INFO [http-nio-8080-exec-49] org.apache.catalina.core.ApplicationContext.log Manager: install: Installing context configuration at 'file:/C:/Users/N0200797/AppData/Local/Temp/context5767530406357575443.xml'
23-Aug-2017 10:39:51.520 INFO [http-nio-8080-exec-53] org.apache.catalina.core.ApplicationContext.log Manager: start: Starting web application '/ContactListMVC'
23-Aug-2017 10:40:31.463 INFO [http-nio-8080-exec-64] org.apache.catalina.core.ApplicationContext.log Manager: list: Listing contexts for virtual host 'localhost'
23-Aug-2017 10:40:35.226 INFO [83] org.apache.catalina.core.ApplicationContext.log Manager: list: Listing contexts for virtual host 'localhost'
23-Aug-2017 10:40:35.226 INFO [http-nio-8080-exec-65] org.apache.catalina.core.ApplicationContext.log Manager: list: Listing contexts for virtual host 'localhost'
23-Aug-2017 10:40:38.299 INFO [http-nio-8080-exec-65] org.apache.catalina.core.ApplicationContext.log Manager: undeploy: Undeploying web application at '/ContactListMVC'
23-Aug-2017 10:40:38.923 INFO [http-nio-8080-exec-59] org.apache.catalina.core.ApplicationContext.log Manager: install: Installing context configuration at 'file:/C:/Users/N0200797/AppData/Local/Temp/context7012785872286170141.xml'
23-Aug-2017 10:40:41.420 INFO [http-nio-8080-exec-61] org.apache.catalina.core.ApplicationContext.log Manager: start: Starting web application '/ContactListMVC'
23-Aug-2017 10:43:34.157 INFO [http-nio-8080-exec-69] org.apache.catalina.core.ApplicationContext.log Manager: list: Listing contexts for virtual host 'localhost'
23-Aug-2017 10:43:37.855 INFO [http-nio-8080-exec-73] org.apache.catalina.core.ApplicationContext.log Manager: list: Listing contexts for virtual host 'localhost'
23-Aug-2017 10:43:37.870 INFO [http-nio-8080-exec-69] org.apache.catalina.core.ApplicationContext.log Manager: list: Listing contexts for virtual host 'localhost'
23-Aug-2017 10:43:37.886 INFO [http-nio-8080-exec-70] org.apache.catalina.core.ApplicationContext.log Manager: undeploy: Undeploying web application at '/ContactListMVC'
23-Aug-2017 10:43:38.463 INFO [http-nio-8080-exec-69] org.apache.catalina.core.ApplicationContext.log Manager: install: Installing context configuration at 'file:/C:/Users/N0200797/AppData/Local/Temp/context8860211979194034617.xml'
23-Aug-2017 10:43:40.975 INFO [http-nio-8080-exec-73] org.apache.catalina.core.ApplicationContext.log Manager: start: Starting web application '/ContactListMVC'
23-Aug-2017 10:45:32.565 INFO [http-nio-8080-exec-77] org.apache.catalina.core.ApplicationContext.log Manager: list: Listing contexts for virtual host 'localhost'
23-Aug-2017 10:45:49.576 INFO [http-nio-8080-exec-82] org.apache.catalina.core.ApplicationContext.log Manager: list: Listing contexts for virtual host 'localhost'
23-Aug-2017 10:46:32.496 INFO [http-nio-8080-exec-80] org.apache.catalina.core.ApplicationContext.log Manager: list: Listing contexts for virtual host 'localhost'
23-Aug-2017 10:46:32.496 INFO [http-nio-8080-exec-82] org.apache.catalina.core.ApplicationContext.log Manager: list: Listing contexts for virtual host 'localhost'
23-Aug-2017 10:46:32.512 INFO [http-nio-8080-exec-83] org.apache.catalina.core.ApplicationContext.log Manager: undeploy: Undeploying web application at '/ContactListMVC'
23-Aug-2017 10:46:33.089 INFO [http-nio-8080-exec-80] org.apache.catalina.core.ApplicationContext.log Manager: install: Installing context configuration at 'file:/C:/Users/N0200797/AppData/Local/Temp/context2952415646205448098.xml'
23-Aug-2017 10:46:35.479 INFO [http-nio-8080-exec-76] org.apache.catalina.core.ApplicationContext.log Manager: start: Starting web application '/ContactListMVC'
23-Aug-2017 10:50:35.118 INFO [http-nio-8080-exec-88] org.apache.catalina.core.ApplicationContext.log Manager: list: Listing contexts for virtual host 'localhost'
23-Aug-2017 10:50:35.211 INFO [http-nio-8080-exec-87] org.apache.catalina.core.ApplicationContext.log Manager: restart: Reloading web application '/ContactListMVC'
23-Aug-2017 10:50:38.135 INFO [http-nio-8080-exec-89] org.apache.catalina.core.ApplicationContext.log Manager: list: Listing contexts for virtual host 'localhost'
23-Aug-2017 10:50:38.136 INFO [http-nio-8080-exec-93] org.apache.catalina.core.ApplicationContext.log Manager: restart: Reloading web application '/ContactListMVC'
23-Aug-2017 10:50:53.719 INFO [http-nio-8080-exec-90] org.apache.catalina.core.ApplicationContext.log Manager: list: Listing contexts for virtual host 'localhost'
23-Aug-2017 10:50:53.750 INFO [http-nio-8080-exec-86] org.apache.catalina.core.ApplicationContext.log Manager: restart: Reloading web application '/ContactListMVC'
23-Aug-2017 10:52:13.638 INFO [http-nio-8080-exec-89] org.apache.catalina.core.ApplicationContext.log Manager: list: Listing contexts for virtual host 'localhost'
23-Aug-2017 10:52:13.669 INFO [http-nio-8080-exec-88] org.apache.catalina.core.ApplicationContext.log Manager: restart: Reloading web application '/ContactListMVC'
23-Aug-2017 10:55:00.515 INFO [http-nio-8080-exec-99] org.apache.catalina.core.ApplicationContext.log Manager: list: Listing contexts for virtual host 'localhost'
23-Aug-2017 10:55:00.531 INFO [http-nio-8080-exec-104] org.apache.catalina.core.ApplicationContext.log Manager: restart: Reloading web application '/ContactListMVC'
23-Aug-2017 10:55:26.777 INFO [http-nio-8080-exec-105] org.apache.catalina.core.ApplicationContext.log Manager: list: Listing contexts for virtual host 'localhost'
23-Aug-2017 10:55:26.777 INFO [http-nio-8080-exec-96] org.apache.catalina.core.ApplicationContext.log Manager: undeploy: Undeploying web application at '/ContactListMVC'
23-Aug-2017 10:59:50.143 INFO [http-nio-8080-exec-111] org.apache.catalina.core.ApplicationContext.log Manager: list: Listing contexts for virtual host 'localhost'
23-Aug-2017 11:00:33.246 INFO [http-nio-8080-exec-113] org.apache.catalina.core.ApplicationContext.log Manager: list: Listing contexts for virtual host 'localhost'
23-Aug-2017 11:00:45.428 INFO [http-nio-8080-exec-115] org.apache.catalina.core.ApplicationContext.log Manager: list: Listing contexts for virtual host 'localhost'
23-Aug-2017 11:01:18.284 INFO [http-nio-8080-exec-111] org.apache.catalina.core.ApplicationContext.log Manager: list: Listing contexts for virtual host 'localhost'
23-Aug-2017 11:01:27.915 INFO [http-nio-8080-exec-114] org.apache.catalina.core.ApplicationContext.log Manager: list: Listing contexts for virtual host 'localhost'
23-Aug-2017 11:02:19.507 INFO [http-nio-8080-exec-113] org.apache.catalina.core.ApplicationContext.log Manager: list: Listing contexts for virtual host 'localhost'
23-Aug-2017 11:03:27.743 INFO [http-nio-8080-exec-116] org.apache.catalina.core.ApplicationContext.log Manager: list: Listing contexts for virtual host 'localhost'
23-Aug-2017 11:03:36.403 INFO [http-nio-8080-exec-112] org.apache.catalina.core.ApplicationContext.log Manager: list: Listing contexts for virtual host 'localhost'
23-Aug-2017 11:06:18.901 INFO [http-nio-8080-exec-112] org.apache.catalina.core.ApplicationContext.log Manager: list: Listing contexts for virtual host 'localhost'
23-Aug-2017 11:08:37.642 INFO [http-nio-8080-exec-114] org.apache.catalina.core.ApplicationContext.log Manager: list: Listing contexts for virtual host 'localhost'
23-Aug-2017 11:09:06.699 INFO [http-nio-8080-exec-119] org.apache.catalina.core.ApplicationContext.log Manager: list: Listing contexts for virtual host 'localhost'
23-Aug-2017 11:23:11.129 INFO [http-nio-8080-exec-116] org.apache.catalina.core.ApplicationContext.log Manager: list: Listing contexts for virtual host 'localhost'
23-Aug-2017 11:23:36.502 INFO [http-nio-8080-exec-120] org.apache.catalina.core.ApplicationContext.log Manager: list: Listing contexts for virtual host 'localhost'
23-Aug-2017 11:24:46.337 INFO [http-nio-8080-exec-120] org.apache.catalina.core.ApplicationContext.log Manager: list: Listing contexts for virtual host 'localhost'
23-Aug-2017 11:27:14.036 INFO [http-nio-8080-exec-120] org.apache.catalina.core.ApplicationContext.log Manager: list: Listing contexts for virtual host 'localhost'
23-Aug-2017 11:31:37.673 INFO [http-nio-8080-exec-111] org.apache.catalina.core.ApplicationContext.log Manager: list: Listing contexts for virtual host 'localhost'
23-Aug-2017 11:31:41.402 INFO [http-nio-8080-exec-115] org.apache.catalina.core.ApplicationContext.log Manager: list: Listing contexts for virtual host 'localhost'
23-Aug-2017 11:31:41.417 INFO [http-nio-8080-exec-112] org.apache.catalina.core.ApplicationContext.log Manager: list: Listing contexts for virtual host 'localhost'
23-Aug-2017 11:31:41.417 INFO [http-nio-8080-exec-118] org.apache.catalina.core.ApplicationContext.log Manager: install: Installing context configuration at 'file:/C:/Users/N0200797/AppData/Local/Temp/context2142728290587733802.xml'
23-Aug-2017 11:31:43.915 INFO [http-nio-8080-exec-120] org.apache.catalina.core.ApplicationContext.log Manager: start: Starting web application '/ContactListMVC'
23-Aug-2017 11:32:58.584 INFO [http-nio-8080-exec-115] org.apache.catalina.core.ApplicationContext.log Manager: list: Listing contexts for virtual host 'localhost'
23-Aug-2017 11:32:58.631 INFO [http-nio-8080-exec-119] org.apache.catalina.core.ApplicationContext.log Manager: restart: Reloading web application '/ContactListMVC'
23-Aug-2017 11:33:07.360 INFO [http-nio-8080-exec-118] org.apache.catalina.core.ApplicationContext.log Manager: list: Listing contexts for virtual host 'localhost'
23-Aug-2017 11:33:07.391 INFO [http-nio-8080-exec-122] org.apache.catalina.core.ApplicationContext.log Manager: restart: Reloading web application '/ContactListMVC'
23-Aug-2017 11:33:20.598 INFO [http-nio-8080-exec-116] org.apache.catalina.core.ApplicationContext.log Manager: list: Listing contexts for virtual host 'localhost'
23-Aug-2017 11:33:20.598 INFO [http-nio-8080-exec-117] org.apache.catalina.core.ApplicationContext.log Manager: list: Listing contexts for virtual host 'localhost'
23-Aug-2017 11:33:20.613 INFO [http-nio-8080-exec-114] org.apache.catalina.core.ApplicationContext.log Manager: undeploy: Undeploying web application at '/ContactListMVC'
23-Aug-2017 11:33:21.175 INFO [http-nio-8080-exec-117] org.apache.catalina.core.ApplicationContext.log Manager: install: Installing context configuration at 'file:/C:/Users/N0200797/AppData/Local/Temp/context3871424887455297744.xml'
23-Aug-2017 11:33:23.659 INFO [http-nio-8080-exec-121] org.apache.catalina.core.ApplicationContext.log Manager: start: Starting web application '/ContactListMVC'
23-Aug-2017 11:34:27.894 INFO [http-nio-8080-exec-132] org.apache.catalina.core.ApplicationContext.log Manager: list: Listing contexts for virtual host 'localhost'
23-Aug-2017 11:34:27.910 INFO [http-nio-8080-exec-114] org.apache.catalina.core.ApplicationContext.log Manager: restart: Reloading web application '/ContactListMVC'
23-Aug-2017 11:36:26.435 INFO [http-nio-8080-exec-129] org.apache.catalina.core.ApplicationContext.log Manager: list: Listing contexts for virtual host 'localhost'
23-Aug-2017 11:36:26.466 INFO [http-nio-8080-exec-136] org.apache.catalina.core.ApplicationContext.log Manager: restart: Reloading web application '/ContactListMVC'
23-Aug-2017 11:38:38.581 INFO [http-nio-8080-exec-138] org.apache.catalina.core.ApplicationContext.log Manager: list: Listing contexts for virtual host 'localhost'
23-Aug-2017 11:38:38.612 INFO [http-nio-8080-exec-139] org.apache.catalina.core.ApplicationContext.log Manager: restart: Reloading web application '/ContactListMVC'
23-Aug-2017 11:38:49.371 INFO [http-nio-8080-exec-141] org.apache.catalina.core.ApplicationContext.log Manager: list: Listing contexts for virtual host 'localhost'
23-Aug-2017 11:38:49.387 INFO [http-nio-8080-exec-129] org.apache.catalina.core.ApplicationContext.log Manager: restart: Reloading web application '/ContactListMVC'
23-Aug-2017 11:42:36.300 INFO [http-nio-8080-exec-150] org.apache.catalina.core.ApplicationContext.log Manager: list: Listing contexts for virtual host 'localhost'
23-Aug-2017 11:42:51.817 INFO [http-nio-8080-exec-147] org.apache.catalina.core.ApplicationContext.log Manager: list: Listing contexts for virtual host 'localhost'
23-Aug-2017 11:42:51.817 INFO [http-nio-8080-exec-146] org.apache.catalina.core.ApplicationContext.log Manager: undeploy: Undeploying web application at '/ContactListMVC'
23-Aug-2017 11:43:10.322 INFO [http-nio-8080-exec-151] org.apache.catalina.core.ApplicationContext.log Manager: list: Listing contexts for virtual host 'localhost'
23-Aug-2017 11:43:10.322 INFO [http-nio-8080-exec-123] org.apache.catalina.core.ApplicationContext.log Manager: list: Listing contexts for virtual host 'localhost'
23-Aug-2017 11:43:10.338 INFO [http-nio-8080-exec-152] org.apache.catalina.core.ApplicationContext.log Manager: install: Installing context configuration at 'file:/C:/Users/N0200797/AppData/Local/Temp/context5750391950310840967.xml'
23-Aug-2017 11:43:12.834 INFO [http-nio-8080-exec-148] org.apache.catalina.core.ApplicationContext.log Manager: start: Starting web application '/ContactListMVC'
23-Aug-2017 11:51:05.084 INFO [http-nio-8080-exec-157] org.apache.catalina.core.ApplicationContext.log Manager: list: Listing contexts for virtual host 'localhost'
23-Aug-2017 11:51:31.672 INFO [http-nio-8080-exec-159] org.apache.catalina.core.ApplicationContext.log Manager: list: Listing contexts for virtual host 'localhost'
23-Aug-2017 11:51:31.719 INFO [http-nio-8080-exec-161] org.apache.catalina.core.ApplicationContext.log Manager: restart: Reloading web application '/ContactListMVC'
23-Aug-2017 11:52:24.737 INFO [http-nio-8080-exec-154] org.apache.catalina.core.ApplicationContext.log Manager: list: Listing contexts for virtual host 'localhost'
23-Aug-2017 11:52:24.769 INFO [http-nio-8080-exec-158] org.apache.catalina.core.ApplicationContext.log Manager: restart: Reloading web application '/ContactListMVC'
23-Aug-2017 11:52:31.445 INFO [http-nio-8080-exec-166] org.apache.catalina.core.ApplicationContext.log Manager: list: Listing contexts for virtual host 'localhost'
23-Aug-2017 11:52:31.492 INFO [http-nio-8080-exec-160] org.apache.catalina.core.ApplicationContext.log Manager: restart: Reloading web application '/ContactListMVC'
23-Aug-2017 11:52:46.329 INFO [http-nio-8080-exec-165] org.apache.catalina.core.ApplicationContext.log Manager: list: Listing contexts for virtual host 'localhost'
23-Aug-2017 11:52:46.329 INFO [http-nio-8080-exec-163] org.apache.catalina.core.ApplicationContext.log Manager: undeploy: Undeploying web application at '/ContactListMVC'
23-Aug-2017 11:53:02.011 INFO [http-nio-8080-exec-167] org.apache.catalina.core.ApplicationContext.log Manager: list: Listing contexts for virtual host 'localhost'
23-Aug-2017 11:53:02.027 INFO [http-nio-8080-exec-164] org.apache.catalina.core.ApplicationContext.log Manager: list: Listing contexts for virtual host 'localhost'
23-Aug-2017 11:53:02.042 INFO [http-nio-8080-exec-168] org.apache.catalina.core.ApplicationContext.log Manager: install: Installing context configuration at 'file:/C:/Users/N0200797/AppData/Local/Temp/context2504176689338069460.xml'
23-Aug-2017 11:53:04.579 INFO [http-nio-8080-exec-163] org.apache.catalina.core.ApplicationContext.log Manager: start: Starting web application '/ContactListMVC'
23-Aug-2017 11:55:55.805 INFO [http-nio-8080-exec-170] org.apache.catalina.core.ApplicationContext.log Manager: list: Listing contexts for virtual host 'localhost'
23-Aug-2017 11:55:55.805 INFO [http-nio-8080-exec-174] org.apache.catalina.core.ApplicationContext.log Manager: list: Listing contexts for virtual host 'localhost'
23-Aug-2017 11:55:55.820 INFO [http-nio-8080-exec-176] org.apache.catalina.core.ApplicationContext.log Manager: undeploy: Undeploying web application at '/ContactListMVC'
23-Aug-2017 11:55:56.366 INFO [http-nio-8080-exec-169] org.apache.catalina.core.ApplicationContext.log Manager: install: Installing context configuration at 'file:/C:/Users/N0200797/AppData/Local/Temp/context6261036433711450854.xml'
23-Aug-2017 11:55:58.878 INFO [http-nio-8080-exec-177] org.apache.catalina.core.ApplicationContext.log Manager: start: Starting web application '/ContactListMVC'
23-Aug-2017 12:00:14.905 INFO [http-nio-8080-exec-179] org.apache.catalina.core.ApplicationContext.log Manager: list: Listing contexts for virtual host 'localhost'
23-Aug-2017 12:00:31.083 INFO [http-nio-8080-exec-184] org.apache.catalina.core.ApplicationContext.log Manager: list: Listing contexts for virtual host 'localhost'
23-Aug-2017 12:00:42.175 INFO [http-nio-8080-exec-187] org.apache.catalina.core.ApplicationContext.log Manager: list: Listing contexts for virtual host 'localhost'
23-Aug-2017 12:00:42.191 INFO [http-nio-8080-exec-186] org.apache.catalina.core.ApplicationContext.log Manager: undeploy: Undeploying web application at '/ContactListMVC'
23-Aug-2017 12:01:26.364 INFO [http-nio-8080-exec-181] org.apache.catalina.core.ApplicationContext.log Manager: list: Listing contexts for virtual host 'localhost'
23-Aug-2017 12:01:26.380 INFO [http-nio-8080-exec-184] org.apache.catalina.core.ApplicationContext.log Manager: list: Listing contexts for virtual host 'localhost'
23-Aug-2017 12:01:26.395 INFO [http-nio-8080-exec-188] org.apache.catalina.core.ApplicationContext.log Manager: install: Installing context configuration at 'file:/C:/Users/N0200797/AppData/Local/Temp/context3345381027925187673.xml'
23-Aug-2017 12:01:28.907 INFO [http-nio-8080-exec-189] org.apache.catalina.core.ApplicationContext.log Manager: start: Starting web application '/ContactListMVC'
23-Aug-2017 12:51:44.235 INFO [http-nio-8080-exec-198] org.apache.catalina.core.ApplicationContext.log Manager: list: Listing contexts for virtual host 'localhost'
23-Aug-2017 12:51:44.251 INFO [http-nio-8080-exec-195] org.apache.catalina.core.ApplicationContext.log Manager: list: Listing contexts for virtual host 'localhost'
23-Aug-2017 12:51:44.313 INFO [http-nio-8080-exec-197] org.apache.catalina.core.ApplicationContext.log Manager: undeploy: Undeploying web application at '/ContactListMVC'
23-Aug-2017 12:51:44.891 INFO [http-nio-8080-exec-195] org.apache.catalina.core.ApplicationContext.log Manager: install: Installing context configuration at 'file:/C:/Users/N0200797/AppData/Local/Temp/context4931574671726964786.xml'
23-Aug-2017 12:51:47.621 INFO [http-nio-8080-exec-191] org.apache.catalina.core.ApplicationContext.log Manager: start: Starting web application '/ContactListMVC'
23-Aug-2017 12:59:39.548 INFO [http-nio-8080-exec-208] org.apache.catalina.core.ApplicationContext.log Manager: list: Listing contexts for virtual host 'localhost'
23-Aug-2017 13:00:15.349 INFO [http-nio-8080-exec-201] org.apache.catalina.core.ApplicationContext.log Manager: list: Listing contexts for virtual host 'localhost'
23-Aug-2017 13:00:15.380 INFO [http-nio-8080-exec-205] org.apache.catalina.core.ApplicationContext.log Manager: restart: Reloading web application '/ContactListMVC'
23-Aug-2017 13:00:42.294 INFO [http-nio-8080-exec-201] org.apache.catalina.core.ApplicationContext.log Manager: list: Listing contexts for virtual host 'localhost'
23-Aug-2017 13:00:42.325 INFO [http-nio-8080-exec-210] org.apache.catalina.core.ApplicationContext.log Manager: restart: Reloading web application '/ContactListMVC'
23-Aug-2017 13:02:09.958 INFO [http-nio-8080-exec-211] org.apache.catalina.core.ApplicationContext.log Manager: list: Listing contexts for virtual host 'localhost'
23-Aug-2017 13:02:57.991 INFO [http-nio-8080-exec-209] org.apache.catalina.core.ApplicationContext.log Manager: list: Listing contexts for virtual host 'localhost'
23-Aug-2017 13:02:58.022 INFO [http-nio-8080-exec-206] org.apache.catalina.core.ApplicationContext.log Manager: restart: Reloading web application '/ContactListMVC'
23-Aug-2017 13:03:01.517 INFO [http-nio-8080-exec-211] org.apache.catalina.core.ApplicationContext.log Manager: list: Listing contexts for virtual host 'localhost'
23-Aug-2017 13:03:01.548 INFO [http-nio-8080-exec-209] org.apache.catalina.core.ApplicationContext.log Manager: restart: Reloading web application '/ContactListMVC'
23-Aug-2017 13:05:14.589 INFO [http-nio-8080-exec-217] org.apache.catalina.core.ApplicationContext.log Manager: list: Listing contexts for virtual host 'localhost'
23-Aug-2017 13:05:43.441 INFO [http-nio-8080-exec-216] org.apache.catalina.core.ApplicationContext.log Manager: list: Listing contexts for virtual host 'localhost'
23-Aug-2017 13:08:48.438 INFO [http-nio-8080-exec-226] org.apache.catalina.core.ApplicationContext.log Manager: list: Listing contexts for virtual host 'localhost'
23-Aug-2017 13:08:48.469 INFO [http-nio-8080-exec-217] org.apache.catalina.core.ApplicationContext.log Manager: restart: Reloading web application '/ContactListMVC'
23-Aug-2017 13:10:22.419 INFO [http-nio-8080-exec-227] org.apache.catalina.core.ApplicationContext.log Manager: list: Listing contexts for virtual host 'localhost'
23-Aug-2017 13:10:22.450 INFO [http-nio-8080-exec-230] org.apache.catalina.core.ApplicationContext.log Manager: restart: Reloading web application '/ContactListMVC'
23-Aug-2017 13:19:20.530 INFO [http-nio-8080-exec-233] org.apache.catalina.core.ApplicationContext.log Manager: list: Listing contexts for virtual host 'localhost'
23-Aug-2017 13:19:20.576 INFO [http-nio-8080-exec-234] org.apache.catalina.core.ApplicationContext.log Manager: restart: Reloading web application '/ContactListMVC'
23-Aug-2017 13:19:51.969 INFO [http-nio-8080-exec-231] org.apache.catalina.core.ApplicationContext.log Manager: list: Listing contexts for virtual host 'localhost'
23-Aug-2017 13:19:52.000 INFO [http-nio-8080-exec-242] org.apache.catalina.core.ApplicationContext.log Manager: restart: Reloading web application '/ContactListMVC'
23-Aug-2017 13:21:59.906 INFO [http-nio-8080-exec-245] org.apache.catalina.core.ApplicationContext.log Manager: list: Listing contexts for virtual host 'localhost'
23-Aug-2017 13:21:59.922 INFO [http-nio-8080-exec-248] org.apache.catalina.core.ApplicationContext.log Manager: restart: Reloading web application '/ContactListMVC'
23-Aug-2017 13:24:07.348 INFO [http-nio-8080-exec-249] org.apache.catalina.core.ApplicationContext.log Manager: list: Listing contexts for virtual host 'localhost'
23-Aug-2017 13:24:07.395 INFO [http-nio-8080-exec-250] org.apache.catalina.core.ApplicationContext.log Manager: restart: Reloading web application '/ContactListMVC'
23-Aug-2017 13:24:10.329 INFO [http-nio-8080-exec-246] org.apache.catalina.core.ApplicationContext.log Manager: list: Listing contexts for virtual host 'localhost'
23-Aug-2017 13:24:10.354 INFO [http-nio-8080-exec-251] org.apache.catalina.core.ApplicationContext.log Manager: restart: Reloading web application '/ContactListMVC'
23-Aug-2017 13:24:25.965 INFO [http-nio-8080-exec-254] org.apache.catalina.core.ApplicationContext.log Manager: list: Listing contexts for virtual host 'localhost'
23-Aug-2017 13:24:25.997 INFO [http-nio-8080-exec-240] org.apache.catalina.core.ApplicationContext.log Manager: restart: Reloading web application '/ContactListMVC'
23-Aug-2017 13:26:01.602 INFO [http-nio-8080-exec-252] org.apache.catalina.core.ApplicationContext.log Manager: list: Listing contexts for virtual host 'localhost'
23-Aug-2017 13:26:01.618 INFO [http-nio-8080-exec-261] org.apache.catalina.core.ApplicationContext.log Manager: restart: Reloading web application '/ContactListMVC'
23-Aug-2017 13:28:13.937 INFO [http-nio-8080-exec-264] org.apache.catalina.core.ApplicationContext.log Manager: list: Listing contexts for virtual host 'localhost'
23-Aug-2017 13:28:13.968 INFO [http-nio-8080-exec-253] org.apache.catalina.core.ApplicationContext.log Manager: restart: Reloading web application '/ContactListMVC'
23-Aug-2017 13:29:02.934 INFO [http-nio-8080-exec-252] org.apache.catalina.core.ApplicationContext.log Manager: list: Listing contexts for virtual host 'localhost'
23-Aug-2017 13:29:02.950 INFO [http-nio-8080-exec-269] org.apache.catalina.core.ApplicationContext.log Manager: restart: Reloading web application '/ContactListMVC'
23-Aug-2017 13:30:10.300 INFO [http-nio-8080-exec-273] org.apache.catalina.core.ApplicationContext.log Manager: list: Listing contexts for virtual host 'localhost'
23-Aug-2017 13:30:10.331 INFO [http-nio-8080-exec-257] org.apache.catalina.core.ApplicationContext.log Manager: restart: Reloading web application '/ContactListMVC'
23-Aug-2017 13:30:25.847 INFO [http-nio-8080-exec-275] org.apache.catalina.core.ApplicationContext.log Manager: list: Listing contexts for virtual host 'localhost'
23-Aug-2017 13:30:25.894 INFO [http-nio-8080-exec-252] org.apache.catalina.core.ApplicationContext.log Manager: restart: Reloading web application '/ContactListMVC'
23-Aug-2017 13:30:33.384 INFO [http-nio-8080-exec-270] org.apache.catalina.core.ApplicationContext.log Manager: list: Listing contexts for virtual host 'localhost'
23-Aug-2017 13:30:33.399 INFO [http-nio-8080-exec-273] org.apache.catalina.core.ApplicationContext.log Manager: restart: Reloading web application '/ContactListMVC'
23-Aug-2017 13:37:00.768 INFO [http-nio-8080-exec-279] org.apache.catalina.core.ApplicationContext.log Manager: list: Listing contexts for virtual host 'localhost'
23-Aug-2017 13:37:00.799 INFO [http-nio-8080-exec-280] org.apache.catalina.core.ApplicationContext.log Manager: restart: Reloading web application '/ContactListMVC'
23-Aug-2017 14:15:31.228 INFO [http-nio-8080-exec-288] org.apache.catalina.core.ApplicationContext.log Manager: list: Listing contexts for virtual host 'localhost'
23-Aug-2017 14:19:46.455 INFO [http-nio-8080-exec-290] org.apache.catalina.core.ApplicationContext.log Manager: list: Listing contexts for virtual host 'localhost'
23-Aug-2017 14:19:46.486 INFO [http-nio-8080-exec-292] org.apache.catalina.core.ApplicationContext.log Manager: restart: Reloading web application '/ContactListMVC'
23-Aug-2017 14:22:18.495 INFO [http-nio-8080-exec-297] org.apache.catalina.core.ApplicationContext.log Manager: list: Listing contexts for virtual host 'localhost'
23-Aug-2017 14:22:18.495 INFO [http-nio-8080-exec-302] org.apache.catalina.core.ApplicationContext.log Manager: undeploy: Undeploying web application at '/ContactListMVC'
23-Aug-2017 15:00:22.773 INFO [http-nio-8080-exec-306] org.apache.catalina.core.ApplicationContext.log Manager: list: Listing contexts for virtual host 'localhost'
23-Aug-2017 15:00:22.773 INFO [http-nio-8080-exec-311] org.apache.catalina.core.ApplicationContext.log Manager: list: Listing contexts for virtual host 'localhost'
23-Aug-2017 15:00:22.789 INFO [http-nio-8080-exec-310] org.apache.catalina.core.ApplicationContext.log Manager: install: Installing context configuration at 'file:/C:/Users/N0200797/AppData/Local/Temp/context2424553020211277753.xml'
23-Aug-2017 15:00:25.479 INFO [http-nio-8080-exec-309] org.apache.catalina.core.ApplicationContext.log Manager: start: Starting web application '/ContactListMVC'
23-Aug-2017 15:08:17.174 INFO [http-nio-8080-exec-304] org.apache.catalina.core.ApplicationContext.log Manager: list: Listing contexts for virtual host 'localhost'
23-Aug-2017 15:08:17.189 INFO [http-nio-8080-exec-308] org.apache.catalina.core.ApplicationContext.log Manager: list: Listing contexts for virtual host 'localhost'
23-Aug-2017 15:08:17.221 INFO [http-nio-8080-exec-311] org.apache.catalina.core.ApplicationContext.log Manager: undeploy: Undeploying web application at '/ContactListMVC'
23-Aug-2017 15:08:17.770 INFO [http-nio-8080-exec-308] org.apache.catalina.core.ApplicationContext.log Manager: install: Installing context configuration at 'file:/C:/Users/N0200797/AppData/Local/Temp/context9054128754752023574.xml'
23-Aug-2017 15:08:20.349 INFO [http-nio-8080-exec-312] org.apache.catalina.core.ApplicationContext.log Manager: start: Starting web application '/ContactListMVC'
23-Aug-2017 15:24:47.571 INFO [http-nio-8080-exec-314] org.apache.catalina.core.ApplicationContext.log Manager: list: Listing contexts for virtual host 'localhost'
23-Aug-2017 15:24:52.974 INFO [http-nio-8080-exec-320] org.apache.catalina.core.ApplicationContext.log Manager: list: Listing contexts for virtual host 'localhost'
23-Aug-2017 15:24:52.990 INFO [http-nio-8080-exec-316] org.apache.catalina.core.ApplicationContext.log Manager: undeploy: Undeploying web application at '/ContactListMVC'
23-Aug-2017 15:25:06.605 INFO [http-nio-8080-exec-324] org.apache.catalina.core.ApplicationContext.log Manager: list: Listing contexts for virtual host 'localhost'
23-Aug-2017 15:25:06.605 INFO [http-nio-8080-exec-319] org.apache.catalina.core.ApplicationContext.log Manager: list: Listing contexts for virtual host 'localhost'
23-Aug-2017 15:25:06.621 INFO [http-nio-8080-exec-314] org.apache.catalina.core.ApplicationContext.log Manager: install: Installing context configuration at 'file:/C:/Users/N0200797/AppData/Local/Temp/context993342304598727427.xml'
23-Aug-2017 15:25:09.373 INFO [http-nio-8080-exec-318] org.apache.catalina.core.ApplicationContext.log Manager: start: Starting web application '/ContactListMVC'
23-Aug-2017 15:29:32.794 INFO [http-nio-8080-exec-325] org.apache.catalina.core.ApplicationContext.log Manager: list: Listing contexts for virtual host 'localhost'
23-Aug-2017 15:29:32.809 INFO [http-nio-8080-exec-330] org.apache.catalina.core.ApplicationContext.log Manager: list: Listing contexts for virtual host 'localhost'
23-Aug-2017 15:29:32.825 INFO [http-nio-8080-exec-332] org.apache.catalina.core.ApplicationContext.log Manager: undeploy: Undeploying web application at '/ContactListMVC'
23-Aug-2017 15:29:33.390 INFO [http-nio-8080-exec-327] org.apache.catalina.core.ApplicationContext.log Manager: install: Installing context configuration at 'file:/C:/Users/N0200797/AppData/Local/Temp/context1056300042482958578.xml'
23-Aug-2017 15:29:36.033 INFO [http-nio-8080-exec-325] org.apache.catalina.core.ApplicationContext.log Manager: start: Starting web application '/ContactListMVC'
23-Aug-2017 15:35:52.734 INFO [http-nio-8080-exec-337] org.apache.catalina.core.ApplicationContext.log Manager: list: Listing contexts for virtual host 'localhost'
23-Aug-2017 15:37:32.273 INFO [http-nio-8080-exec-338] org.apache.catalina.core.ApplicationContext.log Manager: list: Listing contexts for virtual host 'localhost'
23-Aug-2017 15:37:32.273 INFO [http-nio-8080-exec-339] org.apache.catalina.core.ApplicationContext.log Manager: list: Listing contexts for virtual host 'localhost'
23-Aug-2017 15:37:32.288 INFO [http-nio-8080-exec-336] org.apache.catalina.core.ApplicationContext.log Manager: undeploy: Undeploying web application at '/ContactListMVC'
23-Aug-2017 15:37:32.883 INFO [http-nio-8080-exec-343] org.apache.catalina.core.ApplicationContext.log Manager: install: Installing context configuration at 'file:/C:/Users/N0200797/AppData/Local/Temp/context4819585467208189512.xml'
23-Aug-2017 15:37:35.479 INFO [http-nio-8080-exec-335] org.apache.catalina.core.ApplicationContext.log Manager: start: Starting web application '/ContactListMVC'
23-Aug-2017 16:08:04.951 INFO [http-nio-8080-exec-348] org.apache.catalina.core.ApplicationContext.log Manager: list: Listing contexts for virtual host 'localhost'
23-Aug-2017 16:10:02.407 INFO [http-nio-8080-exec-347] org.apache.catalina.core.ApplicationContext.log Manager: list: Listing contexts for virtual host 'localhost'
23-Aug-2017 16:10:22.120 INFO [http-nio-8080-exec-348] org.apache.catalina.core.ApplicationContext.log Manager: list: Listing contexts for virtual host 'localhost'
23-Aug-2017 16:11:32.349 INFO [http-nio-8080-exec-351] org.apache.catalina.core.ApplicationContext.log Manager: list: Listing contexts for virtual host 'localhost'
23-Aug-2017 16:12:02.810 INFO [http-nio-8080-exec-352] org.apache.catalina.core.ApplicationContext.log Manager: list: Listing contexts for virtual host 'localhost'
23-Aug-2017 16:12:02.845 INFO [http-nio-8080-exec-348] org.apache.catalina.core.ApplicationContext.log Manager: undeploy: Undeploying web application at '/ContactListMVC'
23-Aug-2017 16:12:18.832 INFO [http-nio-8080-exec-345] org.apache.catalina.core.ApplicationContext.log Manager: list: Listing contexts for virtual host 'localhost'
23-Aug-2017 16:12:18.832 INFO [http-nio-8080-exec-350] org.apache.catalina.core.ApplicationContext.log Manager: list: Listing contexts for virtual host 'localhost'
23-Aug-2017 16:12:18.848 INFO [http-nio-8080-exec-354] org.apache.catalina.core.ApplicationContext.log Manager: install: Installing context configuration at 'file:/C:/Users/N0200797/AppData/Local/Temp/context4142237845924075844.xml'
23-Aug-2017 16:12:21.556 INFO [http-nio-8080-exec-355] org.apache.catalina.core.ApplicationContext.log Manager: start: Starting web application '/ContactListMVC'
23-Aug-2017 16:17:58.914 INFO [http-nio-8080-exec-359] org.apache.catalina.core.ApplicationContext.log Manager: list: Listing contexts for virtual host 'localhost'
23-Aug-2017 16:20:17.131 INFO [http-nio-8080-exec-362] org.apache.catalina.core.ApplicationContext.log Manager: list: Listing contexts for virtual host 'localhost'
23-Aug-2017 16:20:17.131 INFO [http-nio-8080-exec-363] org.apache.catalina.core.ApplicationContext.log Manager: list: Listing contexts for virtual host 'localhost'
23-Aug-2017 16:20:17.146 INFO [http-nio-8080-exec-359] org.apache.catalina.core.ApplicationContext.log Manager: undeploy: Undeploying web application at '/ContactListMVC'
23-Aug-2017 16:20:17.693 INFO [http-nio-8080-exec-354] org.apache.catalina.core.ApplicationContext.log Manager: install: Installing context configuration at 'file:/C:/Users/N0200797/AppData/Local/Temp/context3292626191522029910.xml'
23-Aug-2017 16:20:20.201 INFO [http-nio-8080-exec-355] org.apache.catalina.core.ApplicationContext.log Manager: start: Starting web application '/ContactListMVC'
23-Aug-2017 16:30:20.225 INFO [http-nio-8080-exec-364] org.apache.catalina.core.ApplicationContext.log Manager: list: Listing contexts for virtual host 'localhost'
23-Aug-2017 16:30:20.272 INFO [http-nio-8080-exec-369] org.apache.catalina.core.ApplicationContext.log Manager: restart: Reloading web application '/ContactListMVC'
23-Aug-2017 16:30:23.595 INFO [http-nio-8080-exec-365] org.apache.catalina.core.ApplicationContext.log Manager: list: Listing contexts for virtual host 'localhost'
23-Aug-2017 16:30:23.642 INFO [http-nio-8080-exec-370] org.apache.catalina.core.ApplicationContext.log Manager: restart: Reloading web application '/ContactListMVC'
23-Aug-2017 16:35:54.061 INFO [http-nio-8080-exec-375] org.apache.catalina.core.ApplicationContext.log Manager: list: Listing contexts for virtual host 'localhost'
23-Aug-2017 16:35:54.124 INFO [http-nio-8080-exec-376] org.apache.catalina.core.ApplicationContext.log Manager: restart: Reloading web application '/ContactListMVC'
23-Aug-2017 16:36:19.390 INFO [http-nio-8080-exec-377] org.apache.catalina.core.ApplicationContext.log Manager: list: Listing contexts for virtual host 'localhost'
23-Aug-2017 16:36:19.421 INFO [http-nio-8080-exec-378] org.apache.catalina.core.ApplicationContext.log Manager: restart: Reloading web application '/ContactListMVC'
23-Aug-2017 16:36:28.735 INFO [http-nio-8080-exec-388] org.apache.catalina.core.ApplicationContext.log Manager: list: Listing contexts for virtual host 'localhost'
23-Aug-2017 16:36:28.751 INFO [http-nio-8080-exec-383] org.apache.catalina.core.ApplicationContext.log Manager: restart: Reloading web application '/ContactListMVC'
23-Aug-2017 16:39:33.967 INFO [http-nio-8080-exec-389] org.apache.catalina.core.ApplicationContext.log Manager: list: Listing contexts for virtual host 'localhost'
23-Aug-2017 16:39:34.014 INFO [http-nio-8080-exec-390] org.apache.catalina.core.ApplicationContext.log Manager: restart: Reloading web application '/ContactListMVC'
23-Aug-2017 16:42:55.488 INFO [http-nio-8080-exec-398] org.apache.catalina.core.ApplicationContext.log Manager: list: Listing contexts for virtual host 'localhost'
23-Aug-2017 16:42:55.520 INFO [http-nio-8080-exec-399] org.apache.catalina.core.ApplicationContext.log Manager: restart: Reloading web application '/ContactListMVC'
23-Aug-2017 16:43:45.709 INFO [http-nio-8080-exec-389] org.apache.catalina.core.ApplicationContext.log Manager: list: Listing contexts for virtual host 'localhost'
23-Aug-2017 16:43:45.725 INFO [http-nio-8080-exec-397] org.apache.catalina.core.ApplicationContext.log Manager: restart: Reloading web application '/ContactListMVC'
23-Aug-2017 16:44:19.662 INFO [http-nio-8080-exec-398] org.apache.catalina.core.ApplicationContext.log Manager: list: Listing contexts for virtual host 'localhost'
23-Aug-2017 16:44:19.693 INFO [http-nio-8080-exec-402] org.apache.catalina.core.ApplicationContext.log Manager: restart: Reloading web application '/ContactListMVC'
23-Aug-2017 16:44:19.693 SEVERE [http-nio-8080-exec-402] org.apache.catalina.core.ApplicationContext.log Manager: ManagerServlet.reload[/ContactListMVC]
 java.lang.IllegalStateException: Context with name [/ContactListMVC] has not yet been started
	at org.apache.catalina.core.StandardContext.reload(StandardContext.java:3764)
	at org.apache.catalina.manager.ManagerServlet.reload(ManagerServlet.java:1006)
	at org.apache.catalina.manager.ManagerServlet.doGet(ManagerServlet.java:346)
	at javax.servlet.http.HttpServlet.service(HttpServlet.java:622)
	at javax.servlet.http.HttpServlet.service(HttpServlet.java:729)
	at org.apache.catalina.core.ApplicationFilterChain.internalDoFilter(ApplicationFilterChain.java:230)
	at org.apache.catalina.core.ApplicationFilterChain.doFilter(ApplicationFilterChain.java:165)
	at org.apache.tomcat.websocket.server.WsFilter.doFilter(WsFilter.java:52)
	at org.apache.catalina.core.ApplicationFilterChain.internalDoFilter(ApplicationFilterChain.java:192)
	at org.apache.catalina.core.ApplicationFilterChain.doFilter(ApplicationFilterChain.java:165)
	at org.apache.catalina.filters.SetCharacterEncodingFilter.doFilter(SetCharacterEncodingFilter.java:108)
	at org.apache.catalina.core.ApplicationFilterChain.internalDoFilter(ApplicationFilterChain.java:192)
	at org.apache.catalina.core.ApplicationFilterChain.doFilter(ApplicationFilterChain.java:165)
	at org.apache.catalina.core.StandardWrapperValve.invoke(StandardWrapperValve.java:198)
	at org.apache.catalina.core.StandardContextValve.invoke(StandardContextValve.java:96)
	at org.apache.catalina.authenticator.AuthenticatorBase.invoke(AuthenticatorBase.java:591)
	at org.apache.catalina.valves.RequestFilterValve.process(RequestFilterValve.java:319)
	at org.apache.catalina.valves.RemoteAddrValve.invoke(RemoteAddrValve.java:88)
	at org.apache.catalina.core.StandardHostValve.invoke(StandardHostValve.java:140)
	at org.apache.catalina.valves.ErrorReportValve.invoke(ErrorReportValve.java:79)
	at org.apache.catalina.valves.AbstractAccessLogValve.invoke(AbstractAccessLogValve.java:624)
	at org.apache.catalina.core.StandardEngineValve.invoke(StandardEngineValve.java:87)
	at org.apache.catalina.connector.CoyoteAdapter.service(CoyoteAdapter.java:349)
	at org.apache.coyote.http11.Http11Processor.service(Http11Processor.java:783)
	at org.apache.coyote.AbstractProcessorLight.process(AbstractProcessorLight.java:66)
	at org.apache.coyote.AbstractProtocol$ConnectionHandler.process(AbstractProtocol.java:798)
	at org.apache.tomcat.util.net.NioEndpoint$SocketProcessor.doRun(NioEndpoint.java:1434)
	at org.apache.tomcat.util.net.SocketProcessorBase.run(SocketProcessorBase.java:49)
	at java.util.concurrent.ThreadPoolExecutor.runWorker(ThreadPoolExecutor.java:1142)
	at java.util.concurrent.ThreadPoolExecutor$Worker.run(ThreadPoolExecutor.java:617)
	at org.apache.tomcat.util.threads.TaskThread$WrappingRunnable.run(TaskThread.java:61)
	at java.lang.Thread.run(Thread.java:748)

23-Aug-2017 16:44:20.258 INFO [http-nio-8080-exec-406] org.apache.catalina.core.ApplicationContext.log Manager: list: Listing contexts for virtual host 'localhost'
23-Aug-2017 16:44:20.258 INFO [http-nio-8080-exec-405] org.apache.catalina.core.ApplicationContext.log Manager: list: Listing contexts for virtual host 'localhost'
23-Aug-2017 16:44:20.274 INFO [http-nio-8080-exec-407] org.apache.catalina.core.ApplicationContext.log Manager: undeploy: Undeploying web application at '/ContactListMVC'
23-Aug-2017 16:44:20.767 INFO [http-nio-8080-exec-398] org.apache.catalina.core.ApplicationContext.log Manager: install: Installing context configuration at 'file:/C:/Users/N0200797/AppData/Local/Temp/context5128920763128321868.xml'
23-Aug-2017 16:44:43.914 INFO [http-nio-8080-exec-404] org.apache.catalina.core.ApplicationContext.log Manager: list: Listing contexts for virtual host 'localhost'
23-Aug-2017 16:44:43.914 INFO [http-nio-8080-exec-405] org.apache.catalina.core.ApplicationContext.log Manager: list: Listing contexts for virtual host 'localhost'
23-Aug-2017 16:44:43.930 INFO [http-nio-8080-exec-408] org.apache.catalina.core.ApplicationContext.log Manager: undeploy: Undeploying web application at '/ContactListMVC'
23-Aug-2017 16:44:44.446 INFO [http-nio-8080-exec-409] org.apache.catalina.core.ApplicationContext.log Manager: install: Installing context configuration at 'file:/C:/Users/N0200797/AppData/Local/Temp/context2808531772557494673.xml'
23-Aug-2017 16:44:56.836 INFO [http-nio-8080-exec-409] org.apache.catalina.core.ApplicationContext.log Manager: list: Listing contexts for virtual host 'localhost'
23-Aug-2017 16:44:56.852 INFO [http-nio-8080-exec-410] org.apache.catalina.core.ApplicationContext.log Manager: undeploy: Undeploying web application at '/ContactListMVC'
23-Aug-2017 16:45:31.299 INFO [http-nio-8080-exec-388] org.apache.catalina.core.ApplicationContext.log Manager: list: Listing contexts for virtual host 'localhost'
23-Aug-2017 16:45:31.299 INFO [http-nio-8080-exec-408] org.apache.catalina.core.ApplicationContext.log Manager: list: Listing contexts for virtual host 'localhost'
23-Aug-2017 16:45:31.314 INFO [http-nio-8080-exec-410] org.apache.catalina.core.ApplicationContext.log Manager: install: Installing context configuration at 'file:/C:/Users/N0200797/AppData/Local/Temp/context8509516830195308420.xml'
23-Aug-2017 16:45:33.936 INFO [http-nio-8080-exec-406] org.apache.catalina.core.ApplicationContext.log Manager: start: Starting web application '/ContactListMVC'
23-Aug-2017 17:06:45.102 INFO [http-nio-8080-exec-411] org.apache.catalina.core.ApplicationContext.log Manager: list: Listing contexts for virtual host 'localhost'
23-Aug-2017 17:06:45.117 INFO [http-nio-8080-exec-409] org.apache.catalina.core.ApplicationContext.log Manager: list: Listing contexts for virtual host 'localhost'
23-Aug-2017 17:06:45.117 INFO [http-nio-8080-exec-408] org.apache.catalina.core.ApplicationContext.log Manager: undeploy: Undeploying web application at '/ContactListMVC'
23-Aug-2017 17:06:45.634 INFO [http-nio-8080-exec-410] org.apache.catalina.core.ApplicationContext.log Manager: install: Installing context configuration at 'file:/C:/Users/N0200797/AppData/Local/Temp/context1991170703408549248.xml'
23-Aug-2017 17:06:48.677 INFO [http-nio-8080-exec-412] org.apache.catalina.core.ApplicationContext.log Manager: start: Starting web application '/ContactListMVC'
23-Aug-2017 19:13:00.577 INFO [http-nio-8080-exec-7] org.apache.catalina.core.ApplicationContext.log Manager: init: Associated with Deployer 'Catalina:type=Deployer,host=localhost'
23-Aug-2017 19:13:00.577 INFO [http-nio-8080-exec-7] org.apache.catalina.core.ApplicationContext.log Manager: init: Global resources are available
23-Aug-2017 19:13:00.672 INFO [http-nio-8080-exec-4] org.apache.catalina.core.ApplicationContext.log Manager: list: Listing contexts for virtual host 'localhost'
23-Aug-2017 19:13:00.687 INFO [http-nio-8080-exec-1] org.apache.catalina.core.ApplicationContext.log Manager: list: Listing contexts for virtual host 'localhost'
23-Aug-2017 19:13:00.703 INFO [http-nio-8080-exec-3] org.apache.catalina.core.ApplicationContext.log Manager: undeploy: Undeploying web application at '/ContactListMVC'
23-Aug-2017 19:13:01.255 INFO [http-nio-8080-exec-1] org.apache.catalina.core.ApplicationContext.log Manager: install: Installing context configuration at 'file:/C:/Users/N0200797/AppData/Local/Temp/context7302500789140100763.xml'
23-Aug-2017 19:13:04.504 INFO [http-nio-8080-exec-5] org.apache.catalina.core.ApplicationContext.log Manager: start: Starting web application '/ContactListMVC'
23-Aug-2017 19:21:22.262 INFO [http-nio-8080-exec-12] org.apache.catalina.core.ApplicationContext.log Manager: list: Listing contexts for virtual host 'localhost'
23-Aug-2017 19:21:22.312 INFO [http-nio-8080-exec-13] org.apache.catalina.core.ApplicationContext.log Manager: restart: Reloading web application '/ContactListMVC'
