24-Aug-2017 09:08:36.675 INFO [http-nio-8080-exec-7] org.apache.catalina.core.ApplicationContext.log Manager: init: Associated with Deployer 'Catalina:type=Deployer,host=localhost'
24-Aug-2017 09:08:36.675 INFO [http-nio-8080-exec-7] org.apache.catalina.core.ApplicationContext.log Manager: init: Global resources are available
24-Aug-2017 09:08:36.737 INFO [http-nio-8080-exec-2] org.apache.catalina.core.ApplicationContext.log Manager: list: Listing contexts for virtual host 'localhost'
24-Aug-2017 09:08:36.768 INFO [http-nio-8080-exec-4] org.apache.catalina.core.ApplicationContext.log Manager: list: Listing contexts for virtual host 'localhost'
24-Aug-2017 09:08:36.799 INFO [http-nio-8080-exec-1] org.apache.catalina.core.ApplicationContext.log Manager: undeploy: Undeploying web application at '/ContactListMVC'
24-Aug-2017 09:08:37.392 INFO [http-nio-8080-exec-3] org.apache.catalina.core.ApplicationContext.log Manager: install: Installing context configuration at 'file:/C:/Users/N0200797/AppData/Local/Temp/context4061759246567637906.xml'
24-Aug-2017 09:08:40.559 INFO [http-nio-8080-exec-12] org.apache.catalina.core.ApplicationContext.log Manager: start: Starting web application '/ContactListMVC'
24-Aug-2017 16:12:09.986 INFO [http-nio-8080-exec-13] org.apache.catalina.core.ApplicationContext.log Manager: list: Listing contexts for virtual host 'localhost'
24-Aug-2017 16:12:10.080 INFO [http-nio-8080-exec-16] org.apache.catalina.core.ApplicationContext.log Manager: restart: Reloading web application '/ContactListMVC'
24-Aug-2017 16:12:15.633 INFO [http-nio-8080-exec-11] org.apache.catalina.core.ApplicationContext.log Manager: list: Listing contexts for virtual host 'localhost'
24-Aug-2017 16:12:15.680 INFO [http-nio-8080-exec-18] org.apache.catalina.core.ApplicationContext.log Manager: restart: Reloading web application '/ContactListMVC'
24-Aug-2017 20:04:42.626 INFO [http-nio-8080-exec-8] org.apache.catalina.core.ApplicationContext.log Manager: init: Associated with Deployer 'Catalina:type=Deployer,host=localhost'
24-Aug-2017 20:04:42.627 INFO [http-nio-8080-exec-8] org.apache.catalina.core.ApplicationContext.log Manager: init: Global resources are available
24-Aug-2017 20:04:42.682 INFO [http-nio-8080-exec-1] org.apache.catalina.core.ApplicationContext.log Manager: list: Listing contexts for virtual host 'localhost'
24-Aug-2017 20:04:42.697 INFO [http-nio-8080-exec-3] org.apache.catalina.core.ApplicationContext.log Manager: list: Listing contexts for virtual host 'localhost'
24-Aug-2017 20:04:42.724 INFO [http-nio-8080-exec-4] org.apache.catalina.core.ApplicationContext.log Manager: install: Installing context configuration at 'file:/C:/Users/N0200797/AppData/Local/Temp/context1356757274464737485.xml'
24-Aug-2017 20:04:45.976 INFO [http-nio-8080-exec-5] org.apache.catalina.core.ApplicationContext.log Manager: start: Starting web application '/DVDLibrarySpringMVC'
24-Aug-2017 20:33:56.686 INFO [http-nio-8080-exec-2] org.apache.catalina.core.ApplicationContext.log Manager: list: Listing contexts for virtual host 'localhost'
24-Aug-2017 20:33:56.702 INFO [http-nio-8080-exec-3] org.apache.catalina.core.ApplicationContext.log Manager: list: Listing contexts for virtual host 'localhost'
24-Aug-2017 20:33:56.733 INFO [http-nio-8080-exec-6] org.apache.catalina.core.ApplicationContext.log Manager: install: Installing context configuration at 'file:/C:/Users/N0200797/AppData/Local/Temp/context2018194162935502101.xml'
24-Aug-2017 20:34:04.878 INFO [http-nio-8080-exec-7] org.apache.catalina.core.ApplicationContext.log Manager: list: Listing contexts for virtual host 'localhost'
24-Aug-2017 20:34:04.894 INFO [http-nio-8080-exec-10] org.apache.catalina.core.ApplicationContext.log Manager: undeploy: Undeploying web application at '/VendingMachineSpringMVC'
24-Aug-2017 20:34:05.440 INFO [http-nio-8080-exec-9] org.apache.catalina.core.ApplicationContext.log Manager: install: Installing context configuration at 'file:/C:/Users/N0200797/AppData/Local/Temp/context5377302442526458041.xml'
24-Aug-2017 20:37:25.640 INFO [http-nio-8080-exec-3] org.apache.catalina.core.ApplicationContext.log Manager: list: Listing contexts for virtual host 'localhost'
24-Aug-2017 20:37:25.687 INFO [http-nio-8080-exec-2] org.apache.catalina.core.ApplicationContext.log Manager: undeploy: Undeploying web application at '/VendingMachineSpringMVC'
24-Aug-2017 20:37:26.248 INFO [http-nio-8080-exec-6] org.apache.catalina.core.ApplicationContext.log Manager: install: Installing context configuration at 'file:/C:/Users/N0200797/AppData/Local/Temp/context123337423320200830.xml'
24-Aug-2017 20:37:34.037 INFO [http-nio-8080-exec-8] org.apache.catalina.core.ApplicationContext.log Manager: list: Listing contexts for virtual host 'localhost'
24-Aug-2017 20:37:34.052 INFO [http-nio-8080-exec-10] org.apache.catalina.core.ApplicationContext.log Manager: undeploy: Undeploying web application at '/VendingMachineSpringMVC'
24-Aug-2017 20:37:34.598 INFO [http-nio-8080-exec-9] org.apache.catalina.core.ApplicationContext.log Manager: install: Installing context configuration at 'file:/C:/Users/N0200797/AppData/Local/Temp/context574486054946834430.xml'
24-Aug-2017 20:40:46.037 INFO [http-nio-8080-exec-2] org.apache.catalina.core.ApplicationContext.log Manager: list: Listing contexts for virtual host 'localhost'
24-Aug-2017 20:40:46.070 INFO [http-nio-8080-exec-9] org.apache.catalina.core.ApplicationContext.log Manager: undeploy: Undeploying web application at '/VendingMachineSpringMVC'
24-Aug-2017 20:40:46.604 INFO [http-nio-8080-exec-4] org.apache.catalina.core.ApplicationContext.log Manager: install: Installing context configuration at 'file:/C:/Users/N0200797/AppData/Local/Temp/context4191254747223322117.xml'
24-Aug-2017 20:40:54.483 INFO [http-nio-8080-exec-9] org.apache.catalina.core.ApplicationContext.log Manager: list: Listing contexts for virtual host 'localhost'
24-Aug-2017 20:40:54.499 INFO [http-nio-8080-exec-5] org.apache.catalina.core.ApplicationContext.log Manager: undeploy: Undeploying web application at '/VendingMachineSpringMVC'
24-Aug-2017 20:40:55.053 INFO [http-nio-8080-exec-8] org.apache.catalina.core.ApplicationContext.log Manager: install: Installing context configuration at 'file:/C:/Users/N0200797/AppData/Local/Temp/context8021567209456991269.xml'
24-Aug-2017 21:13:05.111 INFO [http-nio-8080-exec-9] org.apache.catalina.core.ApplicationContext.log Manager: init: Associated with Deployer 'Catalina:type=Deployer,host=localhost'
24-Aug-2017 21:13:05.126 INFO [http-nio-8080-exec-9] org.apache.catalina.core.ApplicationContext.log Manager: init: Global resources are available
24-Aug-2017 21:13:05.158 INFO [http-nio-8080-exec-3] org.apache.catalina.core.ApplicationContext.log Manager: list: Listing contexts for virtual host 'localhost'
24-Aug-2017 21:13:05.189 INFO [http-nio-8080-exec-5] org.apache.catalina.core.ApplicationContext.log Manager: undeploy: Undeploying web application at '/VendingMachineSpringMVC'
24-Aug-2017 21:13:05.782 INFO [http-nio-8080-exec-3] org.apache.catalina.core.ApplicationContext.log Manager: install: Installing context configuration at 'file:/C:/Users/N0200797/AppData/Local/Temp/context2566595722903841782.xml'
24-Aug-2017 21:13:08.839 INFO [http-nio-8080-exec-9] org.apache.catalina.core.ApplicationContext.log Manager: start: Starting web application '/VendingMachineSpringMVC'
24-Aug-2017 21:14:53.334 INFO [http-nio-8080-exec-20] org.apache.catalina.core.ApplicationContext.log Manager: list: Listing contexts for virtual host 'localhost'
24-Aug-2017 21:14:53.334 INFO [http-nio-8080-exec-12] org.apache.catalina.core.ApplicationContext.log Manager: list: Listing contexts for virtual host 'localhost'
24-Aug-2017 21:14:53.365 INFO [http-nio-8080-exec-18] org.apache.catalina.core.ApplicationContext.log Manager: undeploy: Undeploying web application at '/VendingMachineSpringMVC'
24-Aug-2017 21:14:53.958 INFO [http-nio-8080-exec-19] org.apache.catalina.core.ApplicationContext.log Manager: install: Installing context configuration at 'file:/C:/Users/N0200797/AppData/Local/Temp/context527581899039511577.xml'
24-Aug-2017 21:14:56.501 INFO [http-nio-8080-exec-13] org.apache.catalina.core.ApplicationContext.log Manager: start: Starting web application '/VendingMachineSpringMVC'
24-Aug-2017 21:33:21.660 INFO [http-nio-8080-exec-23] org.apache.catalina.core.ApplicationContext.log Manager: list: Listing contexts for virtual host 'localhost'
24-Aug-2017 21:33:21.675 INFO [http-nio-8080-exec-22] org.apache.catalina.core.ApplicationContext.log Manager: list: Listing contexts for virtual host 'localhost'
24-Aug-2017 21:33:21.707 INFO [http-nio-8080-exec-27] org.apache.catalina.core.ApplicationContext.log Manager: undeploy: Undeploying web application at '/VendingMachineSpringMVC'
24-Aug-2017 21:33:22.284 INFO [http-nio-8080-exec-29] org.apache.catalina.core.ApplicationContext.log Manager: install: Installing context configuration at 'file:/C:/Users/N0200797/AppData/Local/Temp/context4096179839675738999.xml'
24-Aug-2017 21:33:24.891 INFO [http-nio-8080-exec-25] org.apache.catalina.core.ApplicationContext.log Manager: start: Starting web application '/VendingMachineSpringMVC'
