22-Aug-2017 09:16:33.496 INFO [http-nio-8080-exec-7] org.apache.catalina.core.ApplicationContext.log Manager: init: Associated with Deployer 'Catalina:type=Deployer,host=localhost'
22-Aug-2017 09:16:33.496 INFO [http-nio-8080-exec-7] org.apache.catalina.core.ApplicationContext.log Manager: init: Global resources are available
22-Aug-2017 09:16:33.527 INFO [http-nio-8080-exec-1] org.apache.catalina.core.ApplicationContext.log Manager: list: Listing contexts for virtual host 'localhost'
22-Aug-2017 09:16:33.542 INFO [http-nio-8080-exec-2] org.apache.catalina.core.ApplicationContext.log Manager: list: Listing contexts for virtual host 'localhost'
22-Aug-2017 09:16:33.558 INFO [http-nio-8080-exec-3] org.apache.catalina.core.ApplicationContext.log Manager: undeploy: Undeploying web application at '/FlooringCalculatorJSPServlet'
22-Aug-2017 09:16:34.166 INFO [http-nio-8080-exec-9] org.apache.catalina.core.ApplicationContext.log Manager: install: Installing context configuration at 'file:/C:/Users/N0200797/AppData/Local/Temp/context8155671262697248691.xml'
22-Aug-2017 09:16:34.197 INFO [http-nio-8080-exec-6] org.apache.catalina.core.ApplicationContext.log Manager: start: Starting web application '/FlooringCalculatorJSPServlet'
22-Aug-2017 09:21:05.221 INFO [http-nio-8080-exec-15] org.apache.catalina.core.ApplicationContext.log Manager: list: Listing contexts for virtual host 'localhost'
22-Aug-2017 09:21:05.253 INFO [http-nio-8080-exec-18] org.apache.catalina.core.ApplicationContext.log Manager: list: Listing contexts for virtual host 'localhost'
22-Aug-2017 09:21:05.269 INFO [http-nio-8080-exec-14] org.apache.catalina.core.ApplicationContext.log Manager: undeploy: Undeploying web application at '/FlooringCalculatorJSPServlet'
22-Aug-2017 09:21:05.824 INFO [http-nio-8080-exec-13] org.apache.catalina.core.ApplicationContext.log Manager: install: Installing context configuration at 'file:/C:/Users/N0200797/AppData/Local/Temp/context7601003898864923500.xml'
22-Aug-2017 09:21:06.370 INFO [http-nio-8080-exec-17] org.apache.catalina.core.ApplicationContext.log Manager: start: Starting web application '/FlooringCalculatorJSPServlet'
22-Aug-2017 10:24:41.023 INFO [http-nio-8080-exec-22] org.apache.catalina.core.ApplicationContext.log Manager: list: Listing contexts for virtual host 'localhost'
22-Aug-2017 10:24:41.038 INFO [http-nio-8080-exec-24] org.apache.catalina.core.ApplicationContext.log Manager: list: Listing contexts for virtual host 'localhost'
22-Aug-2017 10:24:41.054 INFO [http-nio-8080-exec-26] org.apache.catalina.core.ApplicationContext.log Manager: install: Installing context configuration at 'file:/C:/Users/N0200797/AppData/Local/Temp/context7254863510372194716.xml'
22-Aug-2017 10:24:41.225 INFO [http-nio-8080-exec-27] org.apache.catalina.core.ApplicationContext.log Manager: start: Starting web application '/FactorizorJSPServlet'
22-Aug-2017 10:24:42.116 INFO [http-nio-8080-exec-27] org.apache.catalina.core.ApplicationContext.log Manager: list: Listing contexts for virtual host 'localhost'
22-Aug-2017 10:24:42.124 INFO [http-nio-8080-exec-30] org.apache.catalina.core.ApplicationContext.log Manager: list: Listing contexts for virtual host 'localhost'
22-Aug-2017 10:24:42.150 INFO [http-nio-8080-exec-23] org.apache.catalina.core.ApplicationContext.log Manager: undeploy: Undeploying web application at '/FactorizorJSPServlet'
22-Aug-2017 10:24:42.731 INFO [http-nio-8080-exec-30] org.apache.catalina.core.ApplicationContext.log Manager: install: Installing context configuration at 'file:/C:/Users/N0200797/AppData/Local/Temp/context4769784550345083543.xml'
22-Aug-2017 10:24:42.887 INFO [http-nio-8080-exec-22] org.apache.catalina.core.ApplicationContext.log Manager: start: Starting web application '/FactorizorJSPServlet'
22-Aug-2017 10:25:45.827 INFO [http-nio-8080-exec-37] org.apache.catalina.core.ApplicationContext.log Manager: list: Listing contexts for virtual host 'localhost'
22-Aug-2017 10:25:45.843 INFO [http-nio-8080-exec-32] org.apache.catalina.core.ApplicationContext.log Manager: list: Listing contexts for virtual host 'localhost'
22-Aug-2017 10:25:45.859 INFO [http-nio-8080-exec-36] org.apache.catalina.core.ApplicationContext.log Manager: install: Installing context configuration at 'file:/C:/Users/N0200797/AppData/Local/Temp/context2273164114919160314.xml'
22-Aug-2017 10:25:46.015 INFO [http-nio-8080-exec-37] org.apache.catalina.core.ApplicationContext.log Manager: start: Starting web application '/LuckySevens'
22-Aug-2017 10:25:46.718 INFO [http-nio-8080-exec-36] org.apache.catalina.core.ApplicationContext.log Manager: list: Listing contexts for virtual host 'localhost'
22-Aug-2017 10:25:46.766 INFO [http-nio-8080-exec-37] org.apache.catalina.core.ApplicationContext.log Manager: restart: Reloading web application '/LuckySevens'
22-Aug-2017 10:26:19.585 INFO [http-nio-8080-exec-40] org.apache.catalina.core.ApplicationContext.log Manager: list: Listing contexts for virtual host 'localhost'
22-Aug-2017 10:26:36.845 INFO [http-nio-8080-exec-36] org.apache.catalina.core.ApplicationContext.log Manager: list: Listing contexts for virtual host 'localhost'
22-Aug-2017 10:26:36.861 INFO [http-nio-8080-exec-33] org.apache.catalina.core.ApplicationContext.log Manager: undeploy: Undeploying web application at '/FactorizorJSPServlet'
22-Aug-2017 10:26:48.725 INFO [http-nio-8080-exec-34] org.apache.catalina.core.ApplicationContext.log Manager: list: Listing contexts for virtual host 'localhost'
22-Aug-2017 10:26:48.725 INFO [http-nio-8080-exec-35] org.apache.catalina.core.ApplicationContext.log Manager: list: Listing contexts for virtual host 'localhost'
22-Aug-2017 10:26:48.740 INFO [http-nio-8080-exec-36] org.apache.catalina.core.ApplicationContext.log Manager: install: Installing context configuration at 'file:/C:/Users/N0200797/AppData/Local/Temp/context2924191032246254033.xml'
22-Aug-2017 10:26:48.881 INFO [http-nio-8080-exec-33] org.apache.catalina.core.ApplicationContext.log Manager: start: Starting web application '/FactorizorJSPServlet'
22-Aug-2017 10:27:07.109 INFO [http-nio-8080-exec-39] org.apache.catalina.core.ApplicationContext.log Manager: list: Listing contexts for virtual host 'localhost'
22-Aug-2017 10:27:16.566 INFO [http-nio-8080-exec-36] org.apache.catalina.core.ApplicationContext.log Manager: list: Listing contexts for virtual host 'localhost'
22-Aug-2017 10:27:16.582 INFO [http-nio-8080-exec-45] org.apache.catalina.core.ApplicationContext.log Manager: list: Listing contexts for virtual host 'localhost'
22-Aug-2017 10:27:16.582 INFO [http-nio-8080-exec-48] org.apache.catalina.core.ApplicationContext.log Manager: undeploy: Undeploying web application at '/LuckySevens'
22-Aug-2017 10:27:17.128 INFO [http-nio-8080-exec-45] org.apache.catalina.core.ApplicationContext.log Manager: install: Installing context configuration at 'file:/C:/Users/N0200797/AppData/Local/Temp/context4247172234507476005.xml'
22-Aug-2017 10:27:17.252 INFO [http-nio-8080-exec-46] org.apache.catalina.core.ApplicationContext.log Manager: start: Starting web application '/LuckySevens'
22-Aug-2017 10:27:49.026 INFO [http-nio-8080-exec-52] org.apache.catalina.core.ApplicationContext.log Manager: list: Listing contexts for virtual host 'localhost'
22-Aug-2017 10:28:52.777 INFO [http-nio-8080-exec-49] org.apache.catalina.core.ApplicationContext.log Manager: list: Listing contexts for virtual host 'localhost'
22-Aug-2017 10:28:52.824 INFO [http-nio-8080-exec-51] org.apache.catalina.core.ApplicationContext.log Manager: restart: Reloading web application '/LuckySevens'
22-Aug-2017 10:28:59.725 INFO [http-nio-8080-exec-56] org.apache.catalina.core.ApplicationContext.log Manager: list: Listing contexts for virtual host 'localhost'
22-Aug-2017 10:29:21.415 INFO [http-nio-8080-exec-51] org.apache.catalina.core.ApplicationContext.log Manager: list: Listing contexts for virtual host 'localhost'
22-Aug-2017 10:29:30.122 INFO [http-nio-8080-exec-56] org.apache.catalina.core.ApplicationContext.log Manager: list: Listing contexts for virtual host 'localhost'
22-Aug-2017 10:29:49.462 INFO [http-nio-8080-exec-58] org.apache.catalina.core.ApplicationContext.log Manager: list: Listing contexts for virtual host 'localhost'
22-Aug-2017 10:29:49.462 INFO [http-nio-8080-exec-54] org.apache.catalina.core.ApplicationContext.log Manager: undeploy: Undeploying web application at '/LuckySevens'
22-Aug-2017 10:29:52.227 INFO [http-nio-8080-exec-58] org.apache.catalina.core.ApplicationContext.log Manager: list: Listing contexts for virtual host 'localhost'
22-Aug-2017 10:30:06.030 INFO [http-nio-8080-exec-59] org.apache.catalina.core.ApplicationContext.log Manager: list: Listing contexts for virtual host 'localhost'
22-Aug-2017 10:30:06.030 INFO [http-nio-8080-exec-62] org.apache.catalina.core.ApplicationContext.log Manager: list: Listing contexts for virtual host 'localhost'
22-Aug-2017 10:30:06.046 INFO [http-nio-8080-exec-49] org.apache.catalina.core.ApplicationContext.log Manager: install: Installing context configuration at 'file:/C:/Users/N0200797/AppData/Local/Temp/context3259966666342743048.xml'
22-Aug-2017 10:30:06.186 INFO [http-nio-8080-exec-58] org.apache.catalina.core.ApplicationContext.log Manager: start: Starting web application '/LuckySevens'
22-Aug-2017 10:31:00.625 INFO [http-nio-8080-exec-62] org.apache.catalina.core.ApplicationContext.log Manager: list: Listing contexts for virtual host 'localhost'
22-Aug-2017 10:31:00.672 INFO [http-nio-8080-exec-66] org.apache.catalina.core.ApplicationContext.log Manager: restart: Reloading web application '/LuckySevens'
22-Aug-2017 10:32:05.284 INFO [http-nio-8080-exec-57] org.apache.catalina.core.ApplicationContext.log Manager: list: Listing contexts for virtual host 'localhost'
22-Aug-2017 10:32:05.300 INFO [http-nio-8080-exec-62] org.apache.catalina.core.ApplicationContext.log Manager: restart: Reloading web application '/LuckySevens'
22-Aug-2017 10:32:16.677 INFO [http-nio-8080-exec-69] org.apache.catalina.core.ApplicationContext.log Manager: list: Listing contexts for virtual host 'localhost'
22-Aug-2017 10:35:13.205 INFO [http-nio-8080-exec-69] org.apache.catalina.core.ApplicationContext.log Manager: list: Listing contexts for virtual host 'localhost'
22-Aug-2017 10:35:13.236 INFO [http-nio-8080-exec-70] org.apache.catalina.core.ApplicationContext.log Manager: restart: Reloading web application '/LuckySevens'
22-Aug-2017 10:35:48.004 INFO [http-nio-8080-exec-71] org.apache.catalina.core.ApplicationContext.log Manager: list: Listing contexts for virtual host 'localhost'
22-Aug-2017 10:35:48.035 INFO [http-nio-8080-exec-72] org.apache.catalina.core.ApplicationContext.log Manager: restart: Reloading web application '/LuckySevens'
22-Aug-2017 10:44:48.018 INFO [http-nio-8080-exec-75] org.apache.catalina.core.ApplicationContext.log Manager: list: Listing contexts for virtual host 'localhost'
22-Aug-2017 10:46:08.347 INFO [http-nio-8080-exec-79] org.apache.catalina.core.ApplicationContext.log Manager: list: Listing contexts for virtual host 'localhost'
22-Aug-2017 10:46:08.378 INFO [http-nio-8080-exec-81] org.apache.catalina.core.ApplicationContext.log Manager: restart: Reloading web application '/LuckySevens'
22-Aug-2017 10:46:58.226 INFO [http-nio-8080-exec-82] org.apache.catalina.core.ApplicationContext.log Manager: list: Listing contexts for virtual host 'localhost'
22-Aug-2017 10:46:58.241 INFO [http-nio-8080-exec-85] org.apache.catalina.core.ApplicationContext.log Manager: list: Listing contexts for virtual host 'localhost'
22-Aug-2017 10:46:58.241 INFO [http-nio-8080-exec-78] org.apache.catalina.core.ApplicationContext.log Manager: undeploy: Undeploying web application at '/LuckySevens'
22-Aug-2017 10:46:58.787 INFO [http-nio-8080-exec-80] org.apache.catalina.core.ApplicationContext.log Manager: install: Installing context configuration at 'file:/C:/Users/N0200797/AppData/Local/Temp/context1097595624258844732.xml'
22-Aug-2017 10:46:58.912 INFO [http-nio-8080-exec-76] org.apache.catalina.core.ApplicationContext.log Manager: start: Starting web application '/LuckySevens'
22-Aug-2017 10:49:10.207 INFO [http-nio-8080-exec-76] org.apache.catalina.core.ApplicationContext.log Manager: list: Listing contexts for virtual host 'localhost'
22-Aug-2017 10:49:42.939 INFO [http-nio-8080-exec-95] org.apache.catalina.core.ApplicationContext.log Manager: list: Listing contexts for virtual host 'localhost'
22-Aug-2017 10:49:42.970 INFO [http-nio-8080-exec-89] org.apache.catalina.core.ApplicationContext.log Manager: undeploy: Undeploying web application at '/LuckySevens'
22-Aug-2017 10:49:50.011 INFO [http-nio-8080-exec-95] org.apache.catalina.core.ApplicationContext.log Manager: list: Listing contexts for virtual host 'localhost'
22-Aug-2017 10:49:50.027 INFO [http-nio-8080-exec-76] org.apache.catalina.core.ApplicationContext.log Manager: list: Listing contexts for virtual host 'localhost'
22-Aug-2017 10:49:50.043 INFO [http-nio-8080-exec-92] org.apache.catalina.core.ApplicationContext.log Manager: install: Installing context configuration at 'file:/C:/Users/N0200797/AppData/Local/Temp/context7611053375578582511.xml'
22-Aug-2017 10:49:50.152 INFO [http-nio-8080-exec-94] org.apache.catalina.core.ApplicationContext.log Manager: start: Starting web application '/LuckySevens'
22-Aug-2017 10:53:20.087 INFO [http-nio-8080-exec-89] org.apache.catalina.core.ApplicationContext.log Manager: list: Listing contexts for virtual host 'localhost'
22-Aug-2017 10:53:20.150 INFO [http-nio-8080-exec-96] org.apache.catalina.core.ApplicationContext.log Manager: restart: Reloading web application '/LuckySevens'
22-Aug-2017 10:53:43.217 INFO [http-nio-8080-exec-101] org.apache.catalina.core.ApplicationContext.log Manager: list: Listing contexts for virtual host 'localhost'
22-Aug-2017 10:53:43.264 INFO [http-nio-8080-exec-98] org.apache.catalina.core.ApplicationContext.log Manager: restart: Reloading web application '/LuckySevens'
22-Aug-2017 10:53:52.729 INFO [http-nio-8080-exec-105] org.apache.catalina.core.ApplicationContext.log Manager: list: Listing contexts for virtual host 'localhost'
22-Aug-2017 10:53:52.729 INFO [http-nio-8080-exec-101] org.apache.catalina.core.ApplicationContext.log Manager: undeploy: Undeploying web application at '/LuckySevens'
22-Aug-2017 10:54:01.190 INFO [http-nio-8080-exec-98] org.apache.catalina.core.ApplicationContext.log Manager: list: Listing contexts for virtual host 'localhost'
22-Aug-2017 10:54:01.190 INFO [http-nio-8080-exec-103] org.apache.catalina.core.ApplicationContext.log Manager: list: Listing contexts for virtual host 'localhost'
22-Aug-2017 10:54:01.205 INFO [http-nio-8080-exec-100] org.apache.catalina.core.ApplicationContext.log Manager: install: Installing context configuration at 'file:/C:/Users/N0200797/AppData/Local/Temp/context1508155640894292671.xml'
22-Aug-2017 10:54:01.314 INFO [http-nio-8080-exec-99] org.apache.catalina.core.ApplicationContext.log Manager: start: Starting web application '/LuckySevens'
22-Aug-2017 10:54:32.850 INFO [http-nio-8080-exec-110] org.apache.catalina.core.ApplicationContext.log Manager: list: Listing contexts for virtual host 'localhost'
22-Aug-2017 10:54:52.801 INFO [http-nio-8080-exec-105] org.apache.catalina.core.ApplicationContext.log Manager: list: Listing contexts for virtual host 'localhost'
22-Aug-2017 10:54:52.847 INFO [http-nio-8080-exec-101] org.apache.catalina.core.ApplicationContext.log Manager: restart: Reloading web application '/LuckySevens'
22-Aug-2017 10:56:33.787 INFO [http-nio-8080-exec-113] org.apache.catalina.core.ApplicationContext.log Manager: list: Listing contexts for virtual host 'localhost'
22-Aug-2017 10:56:33.818 INFO [http-nio-8080-exec-114] org.apache.catalina.core.ApplicationContext.log Manager: restart: Reloading web application '/LuckySevens'
22-Aug-2017 10:57:07.729 INFO [http-nio-8080-exec-103] org.apache.catalina.core.ApplicationContext.log Manager: list: Listing contexts for virtual host 'localhost'
22-Aug-2017 10:57:07.729 INFO [http-nio-8080-exec-107] org.apache.catalina.core.ApplicationContext.log Manager: undeploy: Undeploying web application at '/LuckySevens'
22-Aug-2017 10:57:16.665 INFO [http-nio-8080-exec-114] org.apache.catalina.core.ApplicationContext.log Manager: list: Listing contexts for virtual host 'localhost'
22-Aug-2017 10:57:16.681 INFO [http-nio-8080-exec-109] org.apache.catalina.core.ApplicationContext.log Manager: list: Listing contexts for virtual host 'localhost'
22-Aug-2017 10:57:16.696 INFO [http-nio-8080-exec-108] org.apache.catalina.core.ApplicationContext.log Manager: install: Installing context configuration at 'file:/C:/Users/N0200797/AppData/Local/Temp/context888520835977459803.xml'
22-Aug-2017 10:57:16.805 INFO [http-nio-8080-exec-114] org.apache.catalina.core.ApplicationContext.log Manager: start: Starting web application '/LuckySevens'
22-Aug-2017 11:04:14.578 INFO [http-nio-8080-exec-125] org.apache.catalina.core.ApplicationContext.log Manager: list: Listing contexts for virtual host 'localhost'
22-Aug-2017 11:04:14.609 INFO [http-nio-8080-exec-116] org.apache.catalina.core.ApplicationContext.log Manager: restart: Reloading web application '/LuckySevens'
22-Aug-2017 11:09:05.746 INFO [http-nio-8080-exec-119] org.apache.catalina.core.ApplicationContext.log Manager: list: Listing contexts for virtual host 'localhost'
22-Aug-2017 11:09:05.778 INFO [http-nio-8080-exec-126] org.apache.catalina.core.ApplicationContext.log Manager: restart: Reloading web application '/LuckySevens'
22-Aug-2017 11:11:23.359 INFO [http-nio-8080-exec-132] org.apache.catalina.core.ApplicationContext.log Manager: list: Listing contexts for virtual host 'localhost'
22-Aug-2017 11:11:23.374 INFO [http-nio-8080-exec-133] org.apache.catalina.core.ApplicationContext.log Manager: restart: Reloading web application '/LuckySevens'
22-Aug-2017 11:35:21.463 INFO [http-nio-8080-exec-136] org.apache.catalina.core.ApplicationContext.log Manager: list: Listing contexts for virtual host 'localhost'
22-Aug-2017 11:35:21.479 INFO [http-nio-8080-exec-141] org.apache.catalina.core.ApplicationContext.log Manager: list: Listing contexts for virtual host 'localhost'
22-Aug-2017 11:35:21.494 INFO [http-nio-8080-exec-140] org.apache.catalina.core.ApplicationContext.log Manager: install: Installing context configuration at 'file:/C:/Users/N0200797/AppData/Local/Temp/context3461321603520231589.xml'
22-Aug-2017 11:35:21.526 INFO [http-nio-8080-exec-142] org.apache.catalina.core.ApplicationContext.log Manager: start: Starting web application '/TipCalculatorJSPServlet'
22-Aug-2017 11:35:45.192 INFO [http-nio-8080-exec-138] org.apache.catalina.core.ApplicationContext.log Manager: list: Listing contexts for virtual host 'localhost'
22-Aug-2017 11:36:27.221 INFO [http-nio-8080-exec-143] org.apache.catalina.core.ApplicationContext.log Manager: list: Listing contexts for virtual host 'localhost'
22-Aug-2017 11:36:27.236 INFO [http-nio-8080-exec-138] org.apache.catalina.core.ApplicationContext.log Manager: list: Listing contexts for virtual host 'localhost'
22-Aug-2017 11:36:27.236 INFO [http-nio-8080-exec-136] org.apache.catalina.core.ApplicationContext.log Manager: undeploy: Undeploying web application at '/LuckySevens'
22-Aug-2017 11:36:27.814 INFO [http-nio-8080-exec-142] org.apache.catalina.core.ApplicationContext.log Manager: install: Installing context configuration at 'file:/C:/Users/N0200797/AppData/Local/Temp/context8438716226905738330.xml'
22-Aug-2017 11:36:27.923 INFO [http-nio-8080-exec-138] org.apache.catalina.core.ApplicationContext.log Manager: start: Starting web application '/LuckySevens'
22-Aug-2017 11:37:27.333 INFO [http-nio-8080-exec-149] org.apache.catalina.core.ApplicationContext.log Manager: list: Listing contexts for virtual host 'localhost'
22-Aug-2017 11:37:37.569 INFO [http-nio-8080-exec-138] org.apache.catalina.core.ApplicationContext.log Manager: list: Listing contexts for virtual host 'localhost'
22-Aug-2017 11:37:46.561 INFO [http-nio-8080-exec-147] org.apache.catalina.core.ApplicationContext.log Manager: list: Listing contexts for virtual host 'localhost'
22-Aug-2017 11:37:46.577 INFO [http-nio-8080-exec-141] org.apache.catalina.core.ApplicationContext.log Manager: undeploy: Undeploying web application at '/TipCalculatorJSPServlet'
22-Aug-2017 11:38:09.662 INFO [http-nio-8080-exec-152] org.apache.catalina.core.ApplicationContext.log Manager: list: Listing contexts for virtual host 'localhost'
22-Aug-2017 11:38:11.612 INFO [http-nio-8080-exec-151] org.apache.catalina.core.ApplicationContext.log Manager: list: Listing contexts for virtual host 'localhost'
22-Aug-2017 11:38:11.612 INFO [http-nio-8080-exec-149] org.apache.catalina.core.ApplicationContext.log Manager: list: Listing contexts for virtual host 'localhost'
22-Aug-2017 11:38:11.628 INFO [http-nio-8080-exec-138] org.apache.catalina.core.ApplicationContext.log Manager: install: Installing context configuration at 'file:/C:/Users/N0200797/AppData/Local/Temp/context932999682325325848.xml'
22-Aug-2017 11:38:11.659 INFO [http-nio-8080-exec-141] org.apache.catalina.core.ApplicationContext.log Manager: start: Starting web application '/TipCalculatorJSPServlet'
22-Aug-2017 11:40:32.729 INFO [http-nio-8080-exec-148] org.apache.catalina.core.ApplicationContext.log Manager: list: Listing contexts for virtual host 'localhost'
22-Aug-2017 11:40:32.776 INFO [http-nio-8080-exec-152] org.apache.catalina.core.ApplicationContext.log Manager: restart: Reloading web application '/TipCalculatorJSPServlet'
22-Aug-2017 11:41:22.889 INFO [http-nio-8080-exec-159] org.apache.catalina.core.ApplicationContext.log Manager: list: Listing contexts for virtual host 'localhost'
22-Aug-2017 11:41:22.905 INFO [http-nio-8080-exec-157] org.apache.catalina.core.ApplicationContext.log Manager: restart: Reloading web application '/TipCalculatorJSPServlet'
22-Aug-2017 11:42:35.126 INFO [http-nio-8080-exec-157] org.apache.catalina.core.ApplicationContext.log Manager: list: Listing contexts for virtual host 'localhost'
22-Aug-2017 11:42:35.157 INFO [http-nio-8080-exec-161] org.apache.catalina.core.ApplicationContext.log Manager: restart: Reloading web application '/TipCalculatorJSPServlet'
22-Aug-2017 11:45:00.789 INFO [http-nio-8080-exec-162] org.apache.catalina.core.ApplicationContext.log Manager: list: Listing contexts for virtual host 'localhost'
22-Aug-2017 11:45:00.805 INFO [http-nio-8080-exec-164] org.apache.catalina.core.ApplicationContext.log Manager: restart: Reloading web application '/TipCalculatorJSPServlet'
22-Aug-2017 11:46:49.015 INFO [http-nio-8080-exec-160] org.apache.catalina.core.ApplicationContext.log Manager: list: Listing contexts for virtual host 'localhost'
22-Aug-2017 11:46:49.031 INFO [http-nio-8080-exec-159] org.apache.catalina.core.ApplicationContext.log Manager: restart: Reloading web application '/TipCalculatorJSPServlet'
22-Aug-2017 11:49:58.259 INFO [http-nio-8080-exec-167] org.apache.catalina.core.ApplicationContext.log Manager: list: Listing contexts for virtual host 'localhost'
22-Aug-2017 11:49:58.290 INFO [http-nio-8080-exec-168] org.apache.catalina.core.ApplicationContext.log Manager: restart: Reloading web application '/TipCalculatorJSPServlet'
22-Aug-2017 11:53:09.393 INFO [http-nio-8080-exec-170] org.apache.catalina.core.ApplicationContext.log Manager: list: Listing contexts for virtual host 'localhost'
22-Aug-2017 11:53:09.393 INFO [http-nio-8080-exec-171] org.apache.catalina.core.ApplicationContext.log Manager: list: Listing contexts for virtual host 'localhost'
22-Aug-2017 11:53:09.408 INFO [http-nio-8080-exec-169] org.apache.catalina.core.ApplicationContext.log Manager: undeploy: Undeploying web application at '/TipCalculatorJSPServlet'
22-Aug-2017 11:53:09.829 INFO [http-nio-8080-exec-165] org.apache.catalina.core.ApplicationContext.log Manager: list: Listing contexts for virtual host 'localhost'
22-Aug-2017 11:53:09.970 INFO [http-nio-8080-exec-170] org.apache.catalina.core.ApplicationContext.log Manager: restart: Reloading web application '/TipCalculatorJSPServlet'
22-Aug-2017 11:53:09.985 INFO [http-nio-8080-exec-174] org.apache.catalina.core.ApplicationContext.log Manager: install: Installing context configuration at 'file:/C:/Users/N0200797/AppData/Local/Temp/context1874366891530738790.xml'
22-Aug-2017 11:53:10.032 INFO [http-nio-8080-exec-164] org.apache.catalina.core.ApplicationContext.log Manager: start: Starting web application '/TipCalculatorJSPServlet'
22-Aug-2017 11:54:37.574 INFO [http-nio-8080-exec-164] org.apache.catalina.core.ApplicationContext.log Manager: list: Listing contexts for virtual host 'localhost'
22-Aug-2017 11:54:37.589 INFO [http-nio-8080-exec-176] org.apache.catalina.core.ApplicationContext.log Manager: list: Listing contexts for virtual host 'localhost'
22-Aug-2017 11:54:37.589 INFO [http-nio-8080-exec-178] org.apache.catalina.core.ApplicationContext.log Manager: undeploy: Undeploying web application at '/TipCalculatorJSPServlet'
22-Aug-2017 11:54:38.135 INFO [http-nio-8080-exec-181] org.apache.catalina.core.ApplicationContext.log Manager: install: Installing context configuration at 'file:/C:/Users/N0200797/AppData/Local/Temp/context7180730667663060244.xml'
22-Aug-2017 11:54:38.166 INFO [http-nio-8080-exec-169] org.apache.catalina.core.ApplicationContext.log Manager: start: Starting web application '/TipCalculatorJSPServlet'
22-Aug-2017 11:58:06.334 INFO [http-nio-8080-exec-183] org.apache.catalina.core.ApplicationContext.log Manager: list: Listing contexts for virtual host 'localhost'
22-Aug-2017 11:58:06.350 INFO [http-nio-8080-exec-184] org.apache.catalina.core.ApplicationContext.log Manager: restart: Reloading web application '/TipCalculatorJSPServlet'
22-Aug-2017 11:58:46.572 INFO [http-nio-8080-exec-183] org.apache.catalina.core.ApplicationContext.log Manager: list: Listing contexts for virtual host 'localhost'
22-Aug-2017 11:58:46.587 INFO [http-nio-8080-exec-187] org.apache.catalina.core.ApplicationContext.log Manager: restart: Reloading web application '/TipCalculatorJSPServlet'
22-Aug-2017 11:59:03.606 INFO [http-nio-8080-exec-188] org.apache.catalina.core.ApplicationContext.log Manager: list: Listing contexts for virtual host 'localhost'
22-Aug-2017 11:59:03.621 INFO [http-nio-8080-exec-169] org.apache.catalina.core.ApplicationContext.log Manager: restart: Reloading web application '/TipCalculatorJSPServlet'
22-Aug-2017 11:59:48.179 INFO [http-nio-8080-exec-164] org.apache.catalina.core.ApplicationContext.log Manager: list: Listing contexts for virtual host 'localhost'
22-Aug-2017 12:01:53.813 INFO [http-nio-8080-exec-189] org.apache.catalina.core.ApplicationContext.log Manager: list: Listing contexts for virtual host 'localhost'
22-Aug-2017 12:02:13.946 INFO [http-nio-8080-exec-192] org.apache.catalina.core.ApplicationContext.log Manager: list: Listing contexts for virtual host 'localhost'
22-Aug-2017 12:02:19.142 INFO [http-nio-8080-exec-192] org.apache.catalina.core.ApplicationContext.log Manager: list: Listing contexts for virtual host 'localhost'
22-Aug-2017 12:02:19.177 INFO [http-nio-8080-exec-193] org.apache.catalina.core.ApplicationContext.log Manager: undeploy: Undeploying web application at '/LuckySevens'
22-Aug-2017 12:02:40.876 INFO [http-nio-8080-exec-196] org.apache.catalina.core.ApplicationContext.log Manager: list: Listing contexts for virtual host 'localhost'
22-Aug-2017 12:02:40.876 INFO [http-nio-8080-exec-191] org.apache.catalina.core.ApplicationContext.log Manager: list: Listing contexts for virtual host 'localhost'
22-Aug-2017 12:02:40.891 INFO [http-nio-8080-exec-192] org.apache.catalina.core.ApplicationContext.log Manager: undeploy: Undeploying web application at '/TipCalculatorJSPServlet'
22-Aug-2017 12:02:41.438 INFO [http-nio-8080-exec-183] org.apache.catalina.core.ApplicationContext.log Manager: install: Installing context configuration at 'file:/C:/Users/N0200797/AppData/Local/Temp/context7216833326128736335.xml'
22-Aug-2017 12:02:41.469 INFO [http-nio-8080-exec-191] org.apache.catalina.core.ApplicationContext.log Manager: start: Starting web application '/TipCalculatorJSPServlet'
22-Aug-2017 12:04:03.766 INFO [http-nio-8080-exec-203] org.apache.catalina.core.ApplicationContext.log Manager: list: Listing contexts for virtual host 'localhost'
22-Aug-2017 12:04:03.797 INFO [http-nio-8080-exec-199] org.apache.catalina.core.ApplicationContext.log Manager: restart: Reloading web application '/TipCalculatorJSPServlet'
22-Aug-2017 12:04:09.293 INFO [http-nio-8080-exec-200] org.apache.catalina.core.ApplicationContext.log Manager: list: Listing contexts for virtual host 'localhost'
22-Aug-2017 12:04:09.293 INFO [http-nio-8080-exec-183] org.apache.catalina.core.ApplicationContext.log Manager: undeploy: Undeploying web application at '/TipCalculatorJSPServlet'
22-Aug-2017 12:04:28.154 INFO [http-nio-8080-exec-204] org.apache.catalina.core.ApplicationContext.log Manager: list: Listing contexts for virtual host 'localhost'
22-Aug-2017 12:04:28.164 INFO [http-nio-8080-exec-199] org.apache.catalina.core.ApplicationContext.log Manager: list: Listing contexts for virtual host 'localhost'
22-Aug-2017 12:04:28.202 INFO [http-nio-8080-exec-183] org.apache.catalina.core.ApplicationContext.log Manager: install: Installing context configuration at 'file:/C:/Users/N0200797/AppData/Local/Temp/context2630121271976554487.xml'
22-Aug-2017 12:04:28.312 INFO [http-nio-8080-exec-206] org.apache.catalina.core.ApplicationContext.log Manager: start: Starting web application '/TipCalculatorJSPServlet'
22-Aug-2017 12:44:48.808 INFO [http-nio-8080-exec-207] org.apache.catalina.core.ApplicationContext.log Manager: list: Listing contexts for virtual host 'localhost'
22-Aug-2017 12:44:52.120 INFO [http-nio-8080-exec-208] org.apache.catalina.core.ApplicationContext.log Manager: list: Listing contexts for virtual host 'localhost'
22-Aug-2017 12:44:52.120 INFO [http-nio-8080-exec-214] org.apache.catalina.core.ApplicationContext.log Manager: list: Listing contexts for virtual host 'localhost'
22-Aug-2017 12:44:52.135 INFO [http-nio-8080-exec-215] org.apache.catalina.core.ApplicationContext.log Manager: undeploy: Undeploying web application at '/TipCalculatorJSPServlet'
22-Aug-2017 12:44:52.697 INFO [http-nio-8080-exec-209] org.apache.catalina.core.ApplicationContext.log Manager: install: Installing context configuration at 'file:/C:/Users/N0200797/AppData/Local/Temp/context2928985251051066328.xml'
22-Aug-2017 12:44:52.806 INFO [http-nio-8080-exec-213] org.apache.catalina.core.ApplicationContext.log Manager: start: Starting web application '/TipCalculatorJSPServlet'
22-Aug-2017 12:45:31.467 INFO [http-nio-8080-exec-220] org.apache.catalina.core.ApplicationContext.log Manager: list: Listing contexts for virtual host 'localhost'
22-Aug-2017 12:45:31.498 INFO [http-nio-8080-exec-216] org.apache.catalina.core.ApplicationContext.log Manager: restart: Reloading web application '/TipCalculatorJSPServlet'
22-Aug-2017 12:45:54.620 INFO [http-nio-8080-exec-217] org.apache.catalina.core.ApplicationContext.log Manager: list: Listing contexts for virtual host 'localhost'
22-Aug-2017 12:45:54.636 INFO [http-nio-8080-exec-207] org.apache.catalina.core.ApplicationContext.log Manager: restart: Reloading web application '/TipCalculatorJSPServlet'
22-Aug-2017 12:46:18.313 INFO [http-nio-8080-exec-211] org.apache.catalina.core.ApplicationContext.log Manager: list: Listing contexts for virtual host 'localhost'
22-Aug-2017 12:46:18.359 INFO [http-nio-8080-exec-222] org.apache.catalina.core.ApplicationContext.log Manager: restart: Reloading web application '/TipCalculatorJSPServlet'
22-Aug-2017 12:46:20.777 INFO [http-nio-8080-exec-209] org.apache.catalina.core.ApplicationContext.log Manager: list: Listing contexts for virtual host 'localhost'
22-Aug-2017 12:46:20.793 INFO [http-nio-8080-exec-219] org.apache.catalina.core.ApplicationContext.log Manager: undeploy: Undeploying web application at '/TipCalculatorJSPServlet'
22-Aug-2017 12:46:37.943 INFO [http-nio-8080-exec-221] org.apache.catalina.core.ApplicationContext.log Manager: list: Listing contexts for virtual host 'localhost'
22-Aug-2017 12:46:37.958 INFO [http-nio-8080-exec-207] org.apache.catalina.core.ApplicationContext.log Manager: list: Listing contexts for virtual host 'localhost'
22-Aug-2017 12:46:37.974 INFO [http-nio-8080-exec-211] org.apache.catalina.core.ApplicationContext.log Manager: install: Installing context configuration at 'file:/C:/Users/N0200797/AppData/Local/Temp/context5995736219549566319.xml'
22-Aug-2017 12:46:38.068 INFO [http-nio-8080-exec-223] org.apache.catalina.core.ApplicationContext.log Manager: start: Starting web application '/TipCalculatorJSPServlet'
22-Aug-2017 12:47:17.669 INFO [http-nio-8080-exec-228] org.apache.catalina.core.ApplicationContext.log Manager: list: Listing contexts for virtual host 'localhost'
22-Aug-2017 12:47:17.716 INFO [http-nio-8080-exec-229] org.apache.catalina.core.ApplicationContext.log Manager: restart: Reloading web application '/TipCalculatorJSPServlet'
22-Aug-2017 12:47:29.068 INFO [http-nio-8080-exec-229] org.apache.catalina.core.ApplicationContext.log Manager: list: Listing contexts for virtual host 'localhost'
22-Aug-2017 12:47:29.084 INFO [http-nio-8080-exec-225] org.apache.catalina.core.ApplicationContext.log Manager: undeploy: Undeploying web application at '/TipCalculatorJSPServlet'
22-Aug-2017 12:47:59.157 INFO [http-nio-8080-exec-229] org.apache.catalina.core.ApplicationContext.log Manager: list: Listing contexts for virtual host 'localhost'
22-Aug-2017 12:47:59.173 INFO [http-nio-8080-exec-227] org.apache.catalina.core.ApplicationContext.log Manager: list: Listing contexts for virtual host 'localhost'
22-Aug-2017 12:47:59.189 INFO [http-nio-8080-exec-224] org.apache.catalina.core.ApplicationContext.log Manager: install: Installing context configuration at 'file:/C:/Users/N0200797/AppData/Local/Temp/context5604906618254186032.xml'
22-Aug-2017 12:47:59.267 INFO [http-nio-8080-exec-225] org.apache.catalina.core.ApplicationContext.log Manager: start: Starting web application '/TipCalculatorJSPServlet'
22-Aug-2017 12:48:29.934 INFO [http-nio-8080-exec-236] org.apache.catalina.core.ApplicationContext.log Manager: list: Listing contexts for virtual host 'localhost'
22-Aug-2017 12:48:29.965 INFO [http-nio-8080-exec-224] org.apache.catalina.core.ApplicationContext.log Manager: restart: Reloading web application '/TipCalculatorJSPServlet'
22-Aug-2017 12:48:34.472 INFO [http-nio-8080-exec-233] org.apache.catalina.core.ApplicationContext.log Manager: list: Listing contexts for virtual host 'localhost'
22-Aug-2017 12:48:34.473 INFO [http-nio-8080-exec-225] org.apache.catalina.core.ApplicationContext.log Manager: list: Listing contexts for virtual host 'localhost'
22-Aug-2017 12:48:34.495 INFO [http-nio-8080-exec-224] org.apache.catalina.core.ApplicationContext.log Manager: undeploy: Undeploying web application at '/TipCalculatorJSPServlet'
22-Aug-2017 12:48:35.072 INFO [http-nio-8080-exec-225] org.apache.catalina.core.ApplicationContext.log Manager: install: Installing context configuration at 'file:/C:/Users/N0200797/AppData/Local/Temp/context6295232749453100008.xml'
22-Aug-2017 12:48:35.181 INFO [http-nio-8080-exec-227] org.apache.catalina.core.ApplicationContext.log Manager: start: Starting web application '/TipCalculatorJSPServlet'
22-Aug-2017 12:49:14.075 INFO [http-nio-8080-exec-244] org.apache.catalina.core.ApplicationContext.log Manager: list: Listing contexts for virtual host 'localhost'
22-Aug-2017 12:49:14.090 INFO [http-nio-8080-exec-224] org.apache.catalina.core.ApplicationContext.log Manager: restart: Reloading web application '/TipCalculatorJSPServlet'
22-Aug-2017 12:49:16.474 INFO [http-nio-8080-exec-245] org.apache.catalina.core.ApplicationContext.log Manager: list: Listing contexts for virtual host 'localhost'
22-Aug-2017 12:49:16.490 INFO [http-nio-8080-exec-244] org.apache.catalina.core.ApplicationContext.log Manager: list: Listing contexts for virtual host 'localhost'
22-Aug-2017 12:49:16.505 INFO [http-nio-8080-exec-243] org.apache.catalina.core.ApplicationContext.log Manager: undeploy: Undeploying web application at '/TipCalculatorJSPServlet'
22-Aug-2017 12:49:17.067 INFO [http-nio-8080-exec-244] org.apache.catalina.core.ApplicationContext.log Manager: install: Installing context configuration at 'file:/C:/Users/N0200797/AppData/Local/Temp/context2895786006291911004.xml'
22-Aug-2017 12:49:17.176 INFO [http-nio-8080-exec-239] org.apache.catalina.core.ApplicationContext.log Manager: start: Starting web application '/TipCalculatorJSPServlet'
22-Aug-2017 12:49:33.562 INFO [http-nio-8080-exec-248] org.apache.catalina.core.ApplicationContext.log Manager: list: Listing contexts for virtual host 'localhost'
22-Aug-2017 12:49:33.593 INFO [http-nio-8080-exec-225] org.apache.catalina.core.ApplicationContext.log Manager: restart: Reloading web application '/TipCalculatorJSPServlet'
22-Aug-2017 12:49:35.216 INFO [http-nio-8080-exec-243] org.apache.catalina.core.ApplicationContext.log Manager: list: Listing contexts for virtual host 'localhost'
22-Aug-2017 12:49:35.216 INFO [http-nio-8080-exec-245] org.apache.catalina.core.ApplicationContext.log Manager: undeploy: Undeploying web application at '/TipCalculatorJSPServlet'
22-Aug-2017 12:50:12.549 INFO [http-nio-8080-exec-253] org.apache.catalina.core.ApplicationContext.log Manager: list: Listing contexts for virtual host 'localhost'
22-Aug-2017 12:50:12.549 INFO [http-nio-8080-exec-224] org.apache.catalina.core.ApplicationContext.log Manager: list: Listing contexts for virtual host 'localhost'
22-Aug-2017 12:50:12.565 INFO [http-nio-8080-exec-245] org.apache.catalina.core.ApplicationContext.log Manager: install: Installing context configuration at 'file:/C:/Users/N0200797/AppData/Local/Temp/context8072332305000704483.xml'
22-Aug-2017 12:50:12.705 INFO [http-nio-8080-exec-250] org.apache.catalina.core.ApplicationContext.log Manager: start: Starting web application '/TipCalculatorJSPServlet'
22-Aug-2017 12:50:37.028 INFO [http-nio-8080-exec-225] org.apache.catalina.core.ApplicationContext.log Manager: list: Listing contexts for virtual host 'localhost'
22-Aug-2017 12:50:37.075 INFO [http-nio-8080-exec-256] org.apache.catalina.core.ApplicationContext.log Manager: restart: Reloading web application '/TipCalculatorJSPServlet'
22-Aug-2017 12:50:38.099 INFO [http-nio-8080-exec-250] org.apache.catalina.core.ApplicationContext.log Manager: list: Listing contexts for virtual host 'localhost'
22-Aug-2017 12:50:38.115 INFO [http-nio-8080-exec-257] org.apache.catalina.core.ApplicationContext.log Manager: list: Listing contexts for virtual host 'localhost'
22-Aug-2017 12:50:38.131 INFO [http-nio-8080-exec-255] org.apache.catalina.core.ApplicationContext.log Manager: undeploy: Undeploying web application at '/TipCalculatorJSPServlet'
22-Aug-2017 12:50:38.692 INFO [http-nio-8080-exec-245] org.apache.catalina.core.ApplicationContext.log Manager: install: Installing context configuration at 'file:/C:/Users/N0200797/AppData/Local/Temp/context2944076324675946793.xml'
22-Aug-2017 12:50:38.801 INFO [http-nio-8080-exec-252] org.apache.catalina.core.ApplicationContext.log Manager: start: Starting web application '/TipCalculatorJSPServlet'
22-Aug-2017 12:51:28.090 INFO [http-nio-8080-exec-263] org.apache.catalina.core.ApplicationContext.log Manager: list: Listing contexts for virtual host 'localhost'
22-Aug-2017 12:51:28.106 INFO [http-nio-8080-exec-245] org.apache.catalina.core.ApplicationContext.log Manager: restart: Reloading web application '/TipCalculatorJSPServlet'
22-Aug-2017 12:51:34.770 INFO [http-nio-8080-exec-258] org.apache.catalina.core.ApplicationContext.log Manager: list: Listing contexts for virtual host 'localhost'
22-Aug-2017 12:51:34.770 INFO [http-nio-8080-exec-254] org.apache.catalina.core.ApplicationContext.log Manager: list: Listing contexts for virtual host 'localhost'
22-Aug-2017 12:51:34.786 INFO [http-nio-8080-exec-252] org.apache.catalina.core.ApplicationContext.log Manager: undeploy: Undeploying web application at '/TipCalculatorJSPServlet'
22-Aug-2017 12:51:35.363 INFO [http-nio-8080-exec-245] org.apache.catalina.core.ApplicationContext.log Manager: install: Installing context configuration at 'file:/C:/Users/N0200797/AppData/Local/Temp/context3048292202283944513.xml'
22-Aug-2017 12:51:35.441 INFO [http-nio-8080-exec-261] org.apache.catalina.core.ApplicationContext.log Manager: start: Starting web application '/TipCalculatorJSPServlet'
22-Aug-2017 12:51:59.270 INFO [http-nio-8080-exec-268] org.apache.catalina.core.ApplicationContext.log Manager: list: Listing contexts for virtual host 'localhost'
22-Aug-2017 12:51:59.285 INFO [http-nio-8080-exec-269] org.apache.catalina.core.ApplicationContext.log Manager: restart: Reloading web application '/TipCalculatorJSPServlet'
22-Aug-2017 12:52:02.218 INFO [http-nio-8080-exec-265] org.apache.catalina.core.ApplicationContext.log Manager: list: Listing contexts for virtual host 'localhost'
22-Aug-2017 12:52:02.218 INFO [http-nio-8080-exec-252] org.apache.catalina.core.ApplicationContext.log Manager: list: Listing contexts for virtual host 'localhost'
22-Aug-2017 12:52:02.234 INFO [http-nio-8080-exec-264] org.apache.catalina.core.ApplicationContext.log Manager: undeploy: Undeploying web application at '/TipCalculatorJSPServlet'
22-Aug-2017 12:52:02.795 INFO [http-nio-8080-exec-245] org.apache.catalina.core.ApplicationContext.log Manager: install: Installing context configuration at 'file:/C:/Users/N0200797/AppData/Local/Temp/context1843791001823021183.xml'
22-Aug-2017 12:52:02.889 INFO [http-nio-8080-exec-266] org.apache.catalina.core.ApplicationContext.log Manager: start: Starting web application '/TipCalculatorJSPServlet'
22-Aug-2017 12:52:38.500 INFO [http-nio-8080-exec-271] org.apache.catalina.core.ApplicationContext.log Manager: list: Listing contexts for virtual host 'localhost'
22-Aug-2017 12:52:38.531 INFO [http-nio-8080-exec-245] org.apache.catalina.core.ApplicationContext.log Manager: restart: Reloading web application '/TipCalculatorJSPServlet'
22-Aug-2017 12:52:44.097 INFO [http-nio-8080-exec-266] org.apache.catalina.core.ApplicationContext.log Manager: list: Listing contexts for virtual host 'localhost'
22-Aug-2017 12:52:44.097 INFO [http-nio-8080-exec-272] org.apache.catalina.core.ApplicationContext.log Manager: list: Listing contexts for virtual host 'localhost'
22-Aug-2017 12:52:44.112 INFO [http-nio-8080-exec-258] org.apache.catalina.core.ApplicationContext.log Manager: undeploy: Undeploying web application at '/TipCalculatorJSPServlet'
22-Aug-2017 12:52:44.658 INFO [http-nio-8080-exec-245] org.apache.catalina.core.ApplicationContext.log Manager: install: Installing context configuration at 'file:/C:/Users/N0200797/AppData/Local/Temp/context4459901188204556837.xml'
22-Aug-2017 12:52:44.752 INFO [http-nio-8080-exec-277] org.apache.catalina.core.ApplicationContext.log Manager: start: Starting web application '/TipCalculatorJSPServlet'
22-Aug-2017 13:55:05.340 INFO [http-nio-8080-exec-286] org.apache.catalina.core.ApplicationContext.log Manager: list: Listing contexts for virtual host 'localhost'
22-Aug-2017 14:11:18.080 INFO [http-nio-8080-exec-280] org.apache.catalina.core.ApplicationContext.log Manager: list: Listing contexts for virtual host 'localhost'
22-Aug-2017 14:11:18.111 INFO [http-nio-8080-exec-286] org.apache.catalina.core.ApplicationContext.log Manager: list: Listing contexts for virtual host 'localhost'
22-Aug-2017 14:11:18.158 INFO [http-nio-8080-exec-285] org.apache.catalina.core.ApplicationContext.log Manager: install: Installing context configuration at 'file:/C:/Users/N0200797/AppData/Local/Temp/context6756927595472600691.xml'
22-Aug-2017 14:11:21.325 INFO [http-nio-8080-exec-287] org.apache.catalina.core.ApplicationContext.log Manager: start: Starting web application '/FactorizerMVC'
22-Aug-2017 14:15:13.592 INFO [http-nio-8080-exec-285] org.apache.catalina.core.ApplicationContext.log Manager: list: Listing contexts for virtual host 'localhost'
22-Aug-2017 14:15:13.592 INFO [http-nio-8080-exec-279] org.apache.catalina.core.ApplicationContext.log Manager: list: Listing contexts for virtual host 'localhost'
22-Aug-2017 14:15:13.624 INFO [http-nio-8080-exec-278] org.apache.catalina.core.ApplicationContext.log Manager: undeploy: Undeploying web application at '/FactorizerMVC'
22-Aug-2017 14:15:14.185 INFO [http-nio-8080-exec-284] org.apache.catalina.core.ApplicationContext.log Manager: install: Installing context configuration at 'file:/C:/Users/N0200797/AppData/Local/Temp/context6826448866048478146.xml'
22-Aug-2017 14:15:16.932 INFO [http-nio-8080-exec-280] org.apache.catalina.core.ApplicationContext.log Manager: start: Starting web application '/FactorizerMVC'
22-Aug-2017 15:37:00.687 INFO [http-nio-8080-exec-288] org.apache.catalina.core.ApplicationContext.log Manager: list: Listing contexts for virtual host 'localhost'
22-Aug-2017 15:37:00.703 INFO [http-nio-8080-exec-295] org.apache.catalina.core.ApplicationContext.log Manager: list: Listing contexts for virtual host 'localhost'
22-Aug-2017 15:37:00.734 INFO [http-nio-8080-exec-296] org.apache.catalina.core.ApplicationContext.log Manager: install: Installing context configuration at 'file:/C:/Users/N0200797/AppData/Local/Temp/context3847585192125248422.xml'
22-Aug-2017 15:37:04.213 INFO [http-nio-8080-exec-290] org.apache.catalina.core.ApplicationContext.log Manager: start: Starting web application '/FactorizorSpringMVC'
22-Aug-2017 15:50:59.107 INFO [http-nio-8080-exec-292] org.apache.catalina.core.ApplicationContext.log Manager: list: Listing contexts for virtual host 'localhost'
22-Aug-2017 15:50:59.107 INFO [http-nio-8080-exec-295] org.apache.catalina.core.ApplicationContext.log Manager: list: Listing contexts for virtual host 'localhost'
22-Aug-2017 15:50:59.123 INFO [http-nio-8080-exec-293] org.apache.catalina.core.ApplicationContext.log Manager: undeploy: Undeploying web application at '/FactorizorSpringMVC'
22-Aug-2017 15:50:59.684 INFO [http-nio-8080-exec-294] org.apache.catalina.core.ApplicationContext.log Manager: install: Installing context configuration at 'file:/C:/Users/N0200797/AppData/Local/Temp/context5576808086661446136.xml'
22-Aug-2017 15:51:02.102 INFO [http-nio-8080-exec-295] org.apache.catalina.core.ApplicationContext.log Manager: start: Starting web application '/FactorizorSpringMVC'
22-Aug-2017 15:55:23.959 INFO [http-nio-8080-exec-299] org.apache.catalina.core.ApplicationContext.log Manager: list: Listing contexts for virtual host 'localhost'
22-Aug-2017 15:55:24.021 INFO [http-nio-8080-exec-302] org.apache.catalina.core.ApplicationContext.log Manager: restart: Reloading web application '/FactorizorSpringMVC'
22-Aug-2017 15:55:36.886 INFO [http-nio-8080-exec-300] org.apache.catalina.core.ApplicationContext.log Manager: list: Listing contexts for virtual host 'localhost'
22-Aug-2017 15:55:36.917 INFO [http-nio-8080-exec-310] org.apache.catalina.core.ApplicationContext.log Manager: restart: Reloading web application '/FactorizorSpringMVC'
22-Aug-2017 15:56:21.825 INFO [http-nio-8080-exec-300] org.apache.catalina.core.ApplicationContext.log Manager: list: Listing contexts for virtual host 'localhost'
22-Aug-2017 15:56:34.422 INFO [http-nio-8080-exec-313] org.apache.catalina.core.ApplicationContext.log Manager: list: Listing contexts for virtual host 'localhost'
22-Aug-2017 15:56:51.411 INFO [http-nio-8080-exec-303] org.apache.catalina.core.ApplicationContext.log Manager: list: Listing contexts for virtual host 'localhost'
22-Aug-2017 15:56:51.411 INFO [http-nio-8080-exec-308] org.apache.catalina.core.ApplicationContext.log Manager: list: Listing contexts for virtual host 'localhost'
22-Aug-2017 15:56:51.427 INFO [http-nio-8080-exec-312] org.apache.catalina.core.ApplicationContext.log Manager: undeploy: Undeploying web application at '/FactorizorSpringMVC'
22-Aug-2017 15:56:52.035 INFO [http-nio-8080-exec-314] org.apache.catalina.core.ApplicationContext.log Manager: install: Installing context configuration at 'file:/C:/Users/N0200797/AppData/Local/Temp/context7266122682526310600.xml'
22-Aug-2017 15:56:54.979 INFO [http-nio-8080-exec-299] org.apache.catalina.core.ApplicationContext.log Manager: start: Starting web application '/FactorizorSpringMVC'
22-Aug-2017 16:01:35.677 INFO [http-nio-8080-exec-317] org.apache.catalina.core.ApplicationContext.log Manager: list: Listing contexts for virtual host 'localhost'
22-Aug-2017 16:01:35.708 INFO [http-nio-8080-exec-315] org.apache.catalina.core.ApplicationContext.log Manager: restart: Reloading web application '/FactorizorSpringMVC'
22-Aug-2017 16:01:47.768 INFO [http-nio-8080-exec-323] org.apache.catalina.core.ApplicationContext.log Manager: list: Listing contexts for virtual host 'localhost'
22-Aug-2017 16:01:47.799 INFO [http-nio-8080-exec-318] org.apache.catalina.core.ApplicationContext.log Manager: restart: Reloading web application '/FactorizorSpringMVC'
22-Aug-2017 16:02:43.541 INFO [http-nio-8080-exec-328] org.apache.catalina.core.ApplicationContext.log Manager: list: Listing contexts for virtual host 'localhost'
22-Aug-2017 16:02:43.556 INFO [http-nio-8080-exec-325] org.apache.catalina.core.ApplicationContext.log Manager: restart: Reloading web application '/FactorizorSpringMVC'
22-Aug-2017 16:02:51.638 INFO [http-nio-8080-exec-330] org.apache.catalina.core.ApplicationContext.log Manager: list: Listing contexts for virtual host 'localhost'
22-Aug-2017 16:02:51.669 INFO [http-nio-8080-exec-322] org.apache.catalina.core.ApplicationContext.log Manager: restart: Reloading web application '/FactorizorSpringMVC'
22-Aug-2017 20:51:12.108 INFO [http-nio-8080-exec-7] org.apache.catalina.core.ApplicationContext.log Manager: init: Associated with Deployer 'Catalina:type=Deployer,host=localhost'
22-Aug-2017 20:51:12.108 INFO [http-nio-8080-exec-7] org.apache.catalina.core.ApplicationContext.log Manager: init: Global resources are available
22-Aug-2017 20:51:12.157 INFO [http-nio-8080-exec-4] org.apache.catalina.core.ApplicationContext.log Manager: list: Listing contexts for virtual host 'localhost'
22-Aug-2017 20:51:12.167 INFO [http-nio-8080-exec-2] org.apache.catalina.core.ApplicationContext.log Manager: list: Listing contexts for virtual host 'localhost'
22-Aug-2017 20:51:12.187 INFO [http-nio-8080-exec-1] org.apache.catalina.core.ApplicationContext.log Manager: undeploy: Undeploying web application at '/FactorizorSpringMVC'
22-Aug-2017 20:51:12.829 INFO [http-nio-8080-exec-3] org.apache.catalina.core.ApplicationContext.log Manager: install: Installing context configuration at 'file:/C:/Users/N0200797/AppData/Local/Temp/context8023792894609444167.xml'
22-Aug-2017 20:51:15.804 INFO [http-nio-8080-exec-7] org.apache.catalina.core.ApplicationContext.log Manager: start: Starting web application '/FactorizorSpringMVC'
22-Aug-2017 20:53:10.501 INFO [http-nio-8080-exec-18] org.apache.catalina.core.ApplicationContext.log Manager: list: Listing contexts for virtual host 'localhost'
22-Aug-2017 20:53:10.511 INFO [http-nio-8080-exec-8] org.apache.catalina.core.ApplicationContext.log Manager: list: Listing contexts for virtual host 'localhost'
22-Aug-2017 20:53:10.521 INFO [http-nio-8080-exec-14] org.apache.catalina.core.ApplicationContext.log Manager: install: Installing context configuration at 'file:/C:/Users/N0200797/AppData/Local/Temp/context9125430678956988707.xml'
22-Aug-2017 20:53:13.693 INFO [http-nio-8080-exec-13] org.apache.catalina.core.ApplicationContext.log Manager: start: Starting web application '/TipCalculatorMVC'
22-Aug-2017 21:01:58.769 INFO [http-nio-8080-exec-20] org.apache.catalina.core.ApplicationContext.log Manager: list: Listing contexts for virtual host 'localhost'
22-Aug-2017 21:01:58.779 INFO [http-nio-8080-exec-16] org.apache.catalina.core.ApplicationContext.log Manager: list: Listing contexts for virtual host 'localhost'
22-Aug-2017 21:01:58.801 INFO [http-nio-8080-exec-12] org.apache.catalina.core.ApplicationContext.log Manager: undeploy: Undeploying web application at '/TipCalculatorMVC'
22-Aug-2017 21:01:59.401 INFO [http-nio-8080-exec-17] org.apache.catalina.core.ApplicationContext.log Manager: install: Installing context configuration at 'file:/C:/Users/N0200797/AppData/Local/Temp/context1593243367371758826.xml'
22-Aug-2017 21:02:02.025 INFO [http-nio-8080-exec-13] org.apache.catalina.core.ApplicationContext.log Manager: start: Starting web application '/TipCalculatorMVC'
22-Aug-2017 21:04:58.518 INFO [http-nio-8080-exec-24] org.apache.catalina.core.ApplicationContext.log Manager: list: Listing contexts for virtual host 'localhost'
22-Aug-2017 21:05:27.173 INFO [http-nio-8080-exec-28] org.apache.catalina.core.ApplicationContext.log Manager: list: Listing contexts for virtual host 'localhost'
22-Aug-2017 21:05:27.249 INFO [http-nio-8080-exec-30] org.apache.catalina.core.ApplicationContext.log Manager: stop: Stopping web application '/FactorizorSpringMVC'
22-Aug-2017 21:05:27.275 INFO [http-nio-8080-exec-22] org.apache.catalina.core.ApplicationContext.log Manager: start: Starting web application '/FactorizorSpringMVC'
22-Aug-2017 21:05:30.089 INFO [http-nio-8080-exec-26] org.apache.catalina.core.ApplicationContext.log Manager: list: Listing contexts for virtual host 'localhost'
22-Aug-2017 21:05:30.119 INFO [http-nio-8080-exec-28] org.apache.catalina.core.ApplicationContext.log Manager: restart: Reloading web application '/FactorizorSpringMVC'
22-Aug-2017 21:05:52.619 INFO [http-nio-8080-exec-24] org.apache.catalina.core.ApplicationContext.log Manager: list: Listing contexts for virtual host 'localhost'
22-Aug-2017 21:05:52.649 INFO [http-nio-8080-exec-26] org.apache.catalina.core.ApplicationContext.log Manager: restart: Reloading web application '/FactorizorSpringMVC'
22-Aug-2017 21:08:34.413 INFO [http-nio-8080-exec-36] org.apache.catalina.core.ApplicationContext.log Manager: list: Listing contexts for virtual host 'localhost'
22-Aug-2017 21:08:34.453 INFO [http-nio-8080-exec-23] org.apache.catalina.core.ApplicationContext.log Manager: restart: Reloading web application '/FactorizorSpringMVC'
22-Aug-2017 21:08:55.936 INFO [http-nio-8080-exec-42] org.apache.catalina.core.ApplicationContext.log Manager: list: Listing contexts for virtual host 'localhost'
22-Aug-2017 21:09:29.606 INFO [http-nio-8080-exec-25] org.apache.catalina.core.ApplicationContext.log Manager: list: Listing contexts for virtual host 'localhost'
22-Aug-2017 21:09:29.616 INFO [http-nio-8080-exec-33] org.apache.catalina.core.ApplicationContext.log Manager: undeploy: Undeploying web application at '/FactorizorSpringMVC'
22-Aug-2017 21:33:05.768 INFO [http-nio-8080-exec-49] org.apache.catalina.core.ApplicationContext.log Manager: list: Listing contexts for virtual host 'localhost'
22-Aug-2017 21:33:05.778 INFO [http-nio-8080-exec-50] org.apache.catalina.core.ApplicationContext.log Manager: list: Listing contexts for virtual host 'localhost'
22-Aug-2017 21:33:05.791 INFO [http-nio-8080-exec-44] org.apache.catalina.core.ApplicationContext.log Manager: undeploy: Undeploying web application at '/TipCalculatorMVC'
22-Aug-2017 21:33:06.370 INFO [http-nio-8080-exec-48] org.apache.catalina.core.ApplicationContext.log Manager: install: Installing context configuration at 'file:/C:/Users/N0200797/AppData/Local/Temp/context7472760834377919013.xml'
22-Aug-2017 21:33:08.904 INFO [http-nio-8080-exec-46] org.apache.catalina.core.ApplicationContext.log Manager: start: Starting web application '/TipCalculatorMVC'
22-Aug-2017 21:36:43.080 INFO [http-nio-8080-exec-64] org.apache.catalina.core.ApplicationContext.log Manager: list: Listing contexts for virtual host 'localhost'
22-Aug-2017 21:36:43.100 INFO [http-nio-8080-exec-58] org.apache.catalina.core.ApplicationContext.log Manager: list: Listing contexts for virtual host 'localhost'
22-Aug-2017 21:36:43.120 INFO [http-nio-8080-exec-61] org.apache.catalina.core.ApplicationContext.log Manager: undeploy: Undeploying web application at '/TipCalculatorJSPServlet'
22-Aug-2017 21:36:43.690 INFO [http-nio-8080-exec-59] org.apache.catalina.core.ApplicationContext.log Manager: install: Installing context configuration at 'file:/C:/Users/N0200797/AppData/Local/Temp/context2527029086652028420.xml'
22-Aug-2017 21:36:43.790 INFO [http-nio-8080-exec-63] org.apache.catalina.core.ApplicationContext.log Manager: start: Starting web application '/TipCalculatorJSPServlet'
22-Aug-2017 21:44:38.308 INFO [http-nio-8080-exec-67] org.apache.catalina.core.ApplicationContext.log Manager: list: Listing contexts for virtual host 'localhost'
22-Aug-2017 21:44:38.318 INFO [http-nio-8080-exec-71] org.apache.catalina.core.ApplicationContext.log Manager: list: Listing contexts for virtual host 'localhost'
22-Aug-2017 21:44:38.328 INFO [http-nio-8080-exec-72] org.apache.catalina.core.ApplicationContext.log Manager: undeploy: Undeploying web application at '/TipCalculatorMVC'
22-Aug-2017 21:44:38.888 INFO [http-nio-8080-exec-74] org.apache.catalina.core.ApplicationContext.log Manager: install: Installing context configuration at 'file:/C:/Users/N0200797/AppData/Local/Temp/context338633274032255756.xml'
22-Aug-2017 21:44:41.410 INFO [http-nio-8080-exec-70] org.apache.catalina.core.ApplicationContext.log Manager: start: Starting web application '/TipCalculatorMVC'
22-Aug-2017 21:45:55.975 INFO [http-nio-8080-exec-77] org.apache.catalina.core.ApplicationContext.log Manager: list: Listing contexts for virtual host 'localhost'
22-Aug-2017 21:45:55.985 INFO [http-nio-8080-exec-80] org.apache.catalina.core.ApplicationContext.log Manager: list: Listing contexts for virtual host 'localhost'
22-Aug-2017 21:45:55.995 INFO [http-nio-8080-exec-78] org.apache.catalina.core.ApplicationContext.log Manager: undeploy: Undeploying web application at '/TipCalculatorMVC'
22-Aug-2017 21:45:56.555 INFO [http-nio-8080-exec-79] org.apache.catalina.core.ApplicationContext.log Manager: install: Installing context configuration at 'file:/C:/Users/N0200797/AppData/Local/Temp/context1061121834977005770.xml'
22-Aug-2017 21:45:57.527 INFO [http-nio-8080-exec-71] org.apache.catalina.core.ApplicationContext.log Manager: start: Starting web application '/TipCalculatorMVC'
22-Aug-2017 21:46:28.746 INFO [http-nio-8080-exec-71] org.apache.catalina.core.ApplicationContext.log Manager: list: Listing contexts for virtual host 'localhost'
22-Aug-2017 21:46:28.746 INFO [http-nio-8080-exec-75] org.apache.catalina.core.ApplicationContext.log Manager: list: Listing contexts for virtual host 'localhost'
22-Aug-2017 21:46:28.759 INFO [http-nio-8080-exec-66] org.apache.catalina.core.ApplicationContext.log Manager: undeploy: Undeploying web application at '/TipCalculatorMVC'
22-Aug-2017 21:46:29.347 INFO [http-nio-8080-exec-83] org.apache.catalina.core.ApplicationContext.log Manager: install: Installing context configuration at 'file:/C:/Users/N0200797/AppData/Local/Temp/context3232783862190336850.xml'
22-Aug-2017 21:46:30.317 INFO [http-nio-8080-exec-71] org.apache.catalina.core.ApplicationContext.log Manager: start: Starting web application '/TipCalculatorMVC'
22-Aug-2017 21:46:52.250 INFO [http-nio-8080-exec-87] org.apache.catalina.core.ApplicationContext.log Manager: list: Listing contexts for virtual host 'localhost'
22-Aug-2017 21:46:52.260 INFO [http-nio-8080-exec-71] org.apache.catalina.core.ApplicationContext.log Manager: list: Listing contexts for virtual host 'localhost'
22-Aug-2017 21:46:52.280 INFO [http-nio-8080-exec-88] org.apache.catalina.core.ApplicationContext.log Manager: undeploy: Undeploying web application at '/TipCalculatorJSPServlet'
22-Aug-2017 21:46:52.820 INFO [http-nio-8080-exec-87] org.apache.catalina.core.ApplicationContext.log Manager: install: Installing context configuration at 'file:/C:/Users/N0200797/AppData/Local/Temp/context2335308759597857227.xml'
22-Aug-2017 21:46:52.926 INFO [http-nio-8080-exec-91] org.apache.catalina.core.ApplicationContext.log Manager: start: Starting web application '/TipCalculatorJSPServlet'
22-Aug-2017 21:47:31.028 INFO [http-nio-8080-exec-89] org.apache.catalina.core.ApplicationContext.log Manager: list: Listing contexts for virtual host 'localhost'
22-Aug-2017 21:47:31.028 INFO [http-nio-8080-exec-91] org.apache.catalina.core.ApplicationContext.log Manager: list: Listing contexts for virtual host 'localhost'
22-Aug-2017 21:47:31.048 INFO [http-nio-8080-exec-92] org.apache.catalina.core.ApplicationContext.log Manager: undeploy: Undeploying web application at '/TipCalculatorMVC'
22-Aug-2017 21:47:31.608 INFO [http-nio-8080-exec-91] org.apache.catalina.core.ApplicationContext.log Manager: install: Installing context configuration at 'file:/C:/Users/N0200797/AppData/Local/Temp/context7580014669039011884.xml'
22-Aug-2017 21:47:34.098 INFO [http-nio-8080-exec-95] org.apache.catalina.core.ApplicationContext.log Manager: start: Starting web application '/TipCalculatorMVC'
22-Aug-2017 21:50:14.190 INFO [http-nio-8080-exec-98] org.apache.catalina.core.ApplicationContext.log Manager: list: Listing contexts for virtual host 'localhost'
22-Aug-2017 21:50:14.200 INFO [http-nio-8080-exec-101] org.apache.catalina.core.ApplicationContext.log Manager: list: Listing contexts for virtual host 'localhost'
22-Aug-2017 21:50:14.210 INFO [http-nio-8080-exec-105] org.apache.catalina.core.ApplicationContext.log Manager: undeploy: Undeploying web application at '/TipCalculatorMVC'
22-Aug-2017 21:50:14.770 INFO [http-nio-8080-exec-101] org.apache.catalina.core.ApplicationContext.log Manager: install: Installing context configuration at 'file:/C:/Users/N0200797/AppData/Local/Temp/context1865556717646327947.xml'
22-Aug-2017 21:50:17.227 INFO [http-nio-8080-exec-100] org.apache.catalina.core.ApplicationContext.log Manager: start: Starting web application '/TipCalculatorMVC'
22-Aug-2017 22:00:44.648 INFO [http-nio-8080-exec-116] org.apache.catalina.core.ApplicationContext.log Manager: list: Listing contexts for virtual host 'localhost'
22-Aug-2017 22:01:06.604 INFO [http-nio-8080-exec-114] org.apache.catalina.core.ApplicationContext.log Manager: list: Listing contexts for virtual host 'localhost'
22-Aug-2017 22:01:06.614 INFO [http-nio-8080-exec-116] org.apache.catalina.core.ApplicationContext.log Manager: list: Listing contexts for virtual host 'localhost'
22-Aug-2017 22:01:06.634 INFO [http-nio-8080-exec-110] org.apache.catalina.core.ApplicationContext.log Manager: undeploy: Undeploying web application at '/TipCalculatorMVC'
22-Aug-2017 22:01:07.208 INFO [http-nio-8080-exec-112] org.apache.catalina.core.ApplicationContext.log Manager: install: Installing context configuration at 'file:/C:/Users/N0200797/AppData/Local/Temp/context3445631807852287535.xml'
22-Aug-2017 22:01:09.798 INFO [http-nio-8080-exec-111] org.apache.catalina.core.ApplicationContext.log Manager: start: Starting web application '/TipCalculatorMVC'
22-Aug-2017 22:03:34.725 INFO [http-nio-8080-exec-118] org.apache.catalina.core.ApplicationContext.log Manager: list: Listing contexts for virtual host 'localhost'
22-Aug-2017 22:03:34.735 INFO [http-nio-8080-exec-119] org.apache.catalina.core.ApplicationContext.log Manager: list: Listing contexts for virtual host 'localhost'
22-Aug-2017 22:03:34.745 INFO [http-nio-8080-exec-125] org.apache.catalina.core.ApplicationContext.log Manager: undeploy: Undeploying web application at '/TipCalculatorMVC'
22-Aug-2017 22:03:35.301 INFO [http-nio-8080-exec-121] org.apache.catalina.core.ApplicationContext.log Manager: install: Installing context configuration at 'file:/C:/Users/N0200797/AppData/Local/Temp/context6842152452306690672.xml'
22-Aug-2017 22:03:37.705 INFO [http-nio-8080-exec-120] org.apache.catalina.core.ApplicationContext.log Manager: start: Starting web application '/TipCalculatorMVC'
